<?xml version="1.0" encoding="UTF-8"?>
<robot generator="Robot 7.1.1 (Python 3.12.6 on win32)" generated="2024-11-22T16:34:03.029487" rpa="false" schemaversion="5">
<suite id="s1" name="swissAviationSoftware" source="c:\git\blueconic_demo\swissAviationSoftware.robot">
<test id="s1-t1" name="Scenario 1: Navigate through Swiss Aviation Software page" line="79">
<kw name="Given A browser has been opened">
<kw name="New Browser" owner="Browser">
<msg time="2024-11-22T16:34:03.439860" level="INFO">{"browser": "chromium", "headless": false, "chromiumSandbox": false, "devtools": false, "handleSIGHUP": true, "handleSIGINT": true, "handleSIGTERM": true, "slowMo": 0.0, "timeout": 30000.0, "tracesDir": "C:\\git\\blueconic_demo\\browser\\traces\\e818f5c6-af4a-4c5b-9c0c-641a8f918d3a"}</msg>
<msg time="2024-11-22T16:34:03.498270" level="INFO">Starting Browser process C:\Users\Gebruiker\AppData\Local\Programs\Python\Python312\Lib\site-packages\Browser\wrapper\index.js using port 52746</msg>
<msg time="2024-11-22T16:34:03.498270" level="INFO">Node startup parameters: ['node', 'C:\\Users\\Gebruiker\\AppData\\Local\\Programs\\Python\\Python312\\Lib\\site-packages\\Browser\\wrapper\\index.js', '52746']</msg>
<msg time="2024-11-22T16:34:05.585330" level="INFO">Successfully created browser with options: {"browser":"chromium","headless":false,"chromiumSandbox":false,"devtools":false,"handleSIGHUP":true,"handleSIGINT":true,"handleSIGTERM":true,"slowMo":0,"timeout":30000,"tracesDir":"C:\\git\\blueconic_demo\\browser\\traces\\e818f5c6-af4a-4c5b-9c0c-641a8f918d3a"}</msg>
<arg>chromium</arg>
<arg>headless=False</arg>
<tag>BrowserControl</tag>
<tag>Setter</tag>
<doc>Create a new playwright Browser with specified options.</doc>
<status status="PASS" start="2024-11-22T16:34:03.438823" elapsed="2.147508"/>
</kw>
<kw name="New Page" owner="Browser">
<msg time="2024-11-22T16:34:07.648706" level="INFO">Successfully initialized new page object and opened url: https://www.swiss-as.com</msg>
<msg time="2024-11-22T16:34:07.648706" level="INFO">No context was open. New context was automatically opened when this page is created.</msg>
<arg>${URL}</arg>
<tag>BrowserControl</tag>
<tag>Setter</tag>
<doc>Open a new Page.</doc>
<status status="PASS" start="2024-11-22T16:34:05.586331" elapsed="2.063376"/>
</kw>
<kw name="Go To" owner="Browser">
<msg time="2024-11-22T16:34:07.913005" level="INFO">Successfully opened URL https://www.swiss-as.com</msg>
<arg>${URL}</arg>
<tag>BrowserControl</tag>
<tag>Setter</tag>
<doc>Navigates to the given ``url``.</doc>
<status status="PASS" start="2024-11-22T16:34:07.649707" elapsed="0.263298"/>
</kw>
<kw name="Wait For Load State" owner="Browser">
<msg time="2024-11-22T16:34:07.915004" level="INFO">Waiting page load to state to receive load in 10000.0</msg>
<msg time="2024-11-22T16:34:07.923004" level="INFO">Load state load got in 10000</msg>
<arg>state=load</arg>
<tag>PageContent</tag>
<tag>Wait</tag>
<doc>Waits that the page reaches the required load state.</doc>
<status status="PASS" start="2024-11-22T16:34:07.914005" elapsed="0.008999"/>
</kw>
<status status="PASS" start="2024-11-22T16:34:03.437855" elapsed="4.485149"/>
</kw>
<kw name="When The user navigates to the Swiss Aviation Software page">
<kw name="New Browser" owner="Browser">
<msg time="2024-11-22T16:34:07.934008" level="INFO">Switching browser to browser=29dc1403-0b2b-41d9-a8b2-f380d5a614dd</msg>
<msg time="2024-11-22T16:34:07.943003" level="INFO">Successfully changed active browser: browser=29dc1403-0b2b-41d9-a8b2-f380d5a614dd</msg>
<msg time="2024-11-22T16:34:07.943003" level="INFO">Reusing existing browser with id: browser=29dc1403-0b2b-41d9-a8b2-f380d5a614dd</msg>
<arg>chromium</arg>
<arg>headless=False</arg>
<tag>BrowserControl</tag>
<tag>Setter</tag>
<doc>Create a new playwright Browser with specified options.</doc>
<status status="PASS" start="2024-11-22T16:34:07.932036" elapsed="0.010967"/>
</kw>
<kw name="New Page" owner="Browser">
<msg time="2024-11-22T16:34:08.475367" level="INFO">Successfully initialized new page object and opened url: https://www.swiss-as.com</msg>
<arg>${URL}</arg>
<tag>BrowserControl</tag>
<tag>Setter</tag>
<doc>Open a new Page.</doc>
<status status="PASS" start="2024-11-22T16:34:07.944006" elapsed="0.532363"/>
</kw>
<status status="PASS" start="2024-11-22T16:34:07.931009" elapsed="0.545360"/>
</kw>
<kw name="And The user verifies if cookies button is visible" source_name="The user verifies if ${string} ${second} is ${state}">
<if>
<branch type="IF" condition="&quot;${second}&quot; == &quot;page&quot;">
<kw name="Wait For Elements State" owner="Browser">
<arg>${${string}_page}</arg>
<arg>${state}</arg>
<tag>PageContent</tag>
<tag>Wait</tag>
<doc>Waits for the element found by ``selector`` to satisfy state option.</doc>
<status status="NOT RUN" start="2024-11-22T16:34:08.480371" elapsed="0.000000"/>
</kw>
<status status="NOT RUN" start="2024-11-22T16:34:08.479371" elapsed="0.001000"/>
</branch>
<branch type="ELSE">
<kw name="Wait For Elements State" owner="Browser">
<msg time="2024-11-22T16:34:08.574458" level="INFO">Waited for Element with selector //button[contains(text(),'Accept all cookies')] at state visible</msg>
<arg>${${string}_button}</arg>
<arg>${state}</arg>
<tag>PageContent</tag>
<tag>Wait</tag>
<doc>Waits for the element found by ``selector`` to satisfy state option.</doc>
<status status="PASS" start="2024-11-22T16:34:08.481371" elapsed="0.093087"/>
</kw>
<status status="PASS" start="2024-11-22T16:34:08.481371" elapsed="0.093087"/>
</branch>
<status status="PASS" start="2024-11-22T16:34:08.479371" elapsed="0.095087"/>
</if>
<status status="PASS" start="2024-11-22T16:34:08.478376" elapsed="0.097085"/>
</kw>
<kw name="And The user clicks on the cookies button" source_name="The user clicks on the ${string} button">
<if>
<branch type="IF" condition="&quot;${string}&quot; == &quot;jobOpenings&quot;">
<kw name="Click" owner="Browser">
<arg>${${string}_button}</arg>
<tag>PageContent</tag>
<tag>Setter</tag>
<doc>Simulates mouse click on the element found by ``selector``.</doc>
<status status="NOT RUN" start="2024-11-22T16:34:08.576459" elapsed="0.001003"/>
</kw>
<status status="NOT RUN" start="2024-11-22T16:34:08.576459" elapsed="0.001003"/>
</branch>
<branch type="ELSE">
<kw name="Click" owner="Browser">
<msg time="2024-11-22T16:34:08.578462" level="INFO">Clicks the element '//button[contains(text(),'Accept all cookies')]'.</msg>
<arg>${${string}_button}</arg>
<tag>PageContent</tag>
<tag>Setter</tag>
<doc>Simulates mouse click on the element found by ``selector``.</doc>
<status status="PASS" start="2024-11-22T16:34:08.577462" elapsed="0.997578"/>
</kw>
<status status="PASS" start="2024-11-22T16:34:08.577462" elapsed="0.997578"/>
</branch>
<status status="PASS" start="2024-11-22T16:34:08.576459" elapsed="0.999580"/>
</if>
<status status="PASS" start="2024-11-22T16:34:08.576459" elapsed="0.999580"/>
</kw>
<kw name="And The user verifies if home page is visible" source_name="The user verifies if ${string} ${second} is ${state}">
<if>
<branch type="IF" condition="&quot;${second}&quot; == &quot;page&quot;">
<kw name="Wait For Elements State" owner="Browser">
<msg time="2024-11-22T16:34:09.596559" level="INFO">Waited for Element with selector .main-logo at state visible</msg>
<arg>${${string}_page}</arg>
<arg>${state}</arg>
<tag>PageContent</tag>
<tag>Wait</tag>
<doc>Waits for the element found by ``selector`` to satisfy state option.</doc>
<status status="PASS" start="2024-11-22T16:34:09.580037" elapsed="0.016522"/>
</kw>
<status status="PASS" start="2024-11-22T16:34:09.580037" elapsed="0.016522"/>
</branch>
<branch type="ELSE">
<kw name="Wait For Elements State" owner="Browser">
<arg>${${string}_button}</arg>
<arg>${state}</arg>
<tag>PageContent</tag>
<tag>Wait</tag>
<doc>Waits for the element found by ``selector`` to satisfy state option.</doc>
<status status="NOT RUN" start="2024-11-22T16:34:09.597559" elapsed="0.000000"/>
</kw>
<status status="NOT RUN" start="2024-11-22T16:34:09.596559" elapsed="0.001000"/>
</branch>
<status status="PASS" start="2024-11-22T16:34:09.580037" elapsed="0.017522"/>
</if>
<status status="PASS" start="2024-11-22T16:34:09.579041" elapsed="0.018518"/>
</kw>
<kw name="And The user verifies if aboutUs button is visible" source_name="The user verifies if ${string} ${second} is ${state}">
<if>
<branch type="IF" condition="&quot;${second}&quot; == &quot;page&quot;">
<kw name="Wait For Elements State" owner="Browser">
<arg>${${string}_page}</arg>
<arg>${state}</arg>
<tag>PageContent</tag>
<tag>Wait</tag>
<doc>Waits for the element found by ``selector`` to satisfy state option.</doc>
<status status="NOT RUN" start="2024-11-22T16:34:09.600558" elapsed="0.000000"/>
</kw>
<status status="NOT RUN" start="2024-11-22T16:34:09.599568" elapsed="0.000990"/>
</branch>
<branch type="ELSE">
<kw name="Wait For Elements State" owner="Browser">
<msg time="2024-11-22T16:34:09.611559" level="INFO">Waited for Element with selector //a[contains(text(),'About Us')] at state visible</msg>
<arg>${${string}_button}</arg>
<arg>${state}</arg>
<tag>PageContent</tag>
<tag>Wait</tag>
<doc>Waits for the element found by ``selector`` to satisfy state option.</doc>
<status status="PASS" start="2024-11-22T16:34:09.601565" elapsed="0.009994"/>
</kw>
<status status="PASS" start="2024-11-22T16:34:09.601565" elapsed="0.009994"/>
</branch>
<status status="PASS" start="2024-11-22T16:34:09.599568" elapsed="0.011991"/>
</if>
<status status="PASS" start="2024-11-22T16:34:09.599568" elapsed="0.012995"/>
</kw>
<kw name="And The user clicks on the aboutUs button" source_name="The user clicks on the ${string} button">
<if>
<branch type="IF" condition="&quot;${string}&quot; == &quot;jobOpenings&quot;">
<kw name="Click" owner="Browser">
<arg>${${string}_button}</arg>
<tag>PageContent</tag>
<tag>Setter</tag>
<doc>Simulates mouse click on the element found by ``selector``.</doc>
<status status="NOT RUN" start="2024-11-22T16:34:09.615560" elapsed="0.000000"/>
</kw>
<status status="NOT RUN" start="2024-11-22T16:34:09.614561" elapsed="0.000999"/>
</branch>
<branch type="ELSE">
<kw name="Click" owner="Browser">
<msg time="2024-11-22T16:34:09.616560" level="INFO">Clicks the element '//a[contains(text(),'About Us')]'.</msg>
<arg>${${string}_button}</arg>
<tag>PageContent</tag>
<tag>Setter</tag>
<doc>Simulates mouse click on the element found by ``selector``.</doc>
<status status="PASS" start="2024-11-22T16:34:09.616560" elapsed="0.220271"/>
</kw>
<status status="PASS" start="2024-11-22T16:34:09.615560" elapsed="0.221271"/>
</branch>
<status status="PASS" start="2024-11-22T16:34:09.614561" elapsed="0.222270"/>
</if>
<status status="PASS" start="2024-11-22T16:34:09.614561" elapsed="0.222270"/>
</kw>
<kw name="And The user verifies if aboutUs page is visible" source_name="The user verifies if ${string} ${second} is ${state}">
<if>
<branch type="IF" condition="&quot;${second}&quot; == &quot;page&quot;">
<kw name="Wait For Elements State" owner="Browser">
<msg time="2024-11-22T16:34:10.689267" level="INFO">Waited for Element with selector id=block-sas-2017-content at state visible</msg>
<arg>${${string}_page}</arg>
<arg>${state}</arg>
<tag>PageContent</tag>
<tag>Wait</tag>
<doc>Waits for the element found by ``selector`` to satisfy state option.</doc>
<status status="PASS" start="2024-11-22T16:34:09.838826" elapsed="0.851440"/>
</kw>
<status status="PASS" start="2024-11-22T16:34:09.838826" elapsed="0.852444"/>
</branch>
<branch type="ELSE">
<kw name="Wait For Elements State" owner="Browser">
<arg>${${string}_button}</arg>
<arg>${state}</arg>
<tag>PageContent</tag>
<tag>Wait</tag>
<doc>Waits for the element found by ``selector`` to satisfy state option.</doc>
<status status="NOT RUN" start="2024-11-22T16:34:10.691270" elapsed="0.000995"/>
</kw>
<status status="NOT RUN" start="2024-11-22T16:34:10.691270" elapsed="0.000995"/>
</branch>
<status status="PASS" start="2024-11-22T16:34:09.838826" elapsed="0.853439"/>
</if>
<status status="PASS" start="2024-11-22T16:34:09.837824" elapsed="0.854441"/>
</kw>
<kw name="And The user verifies if amos button is visible" source_name="The user verifies if ${string} ${second} is ${state}">
<if>
<branch type="IF" condition="&quot;${second}&quot; == &quot;page&quot;">
<kw name="Wait For Elements State" owner="Browser">
<arg>${${string}_page}</arg>
<arg>${state}</arg>
<tag>PageContent</tag>
<tag>Wait</tag>
<doc>Waits for the element found by ``selector`` to satisfy state option.</doc>
<status status="NOT RUN" start="2024-11-22T16:34:10.703268" elapsed="0.000000"/>
</kw>
<status status="NOT RUN" start="2024-11-22T16:34:10.702262" elapsed="0.001006"/>
</branch>
<branch type="ELSE">
<kw name="Wait For Elements State" owner="Browser">
<msg time="2024-11-22T16:34:10.713263" level="INFO">Waited for Element with selector //a[@href="/amos-mro"] at state visible</msg>
<arg>${${string}_button}</arg>
<arg>${state}</arg>
<tag>PageContent</tag>
<tag>Wait</tag>
<doc>Waits for the element found by ``selector`` to satisfy state option.</doc>
<status status="PASS" start="2024-11-22T16:34:10.704267" elapsed="0.009999"/>
</kw>
<status status="PASS" start="2024-11-22T16:34:10.704267" elapsed="0.011003"/>
</branch>
<status status="PASS" start="2024-11-22T16:34:10.702262" elapsed="0.013008"/>
</if>
<status status="PASS" start="2024-11-22T16:34:10.700261" elapsed="0.015009"/>
</kw>
<kw name="And The user clicks on the amos button" source_name="The user clicks on the ${string} button">
<if>
<branch type="IF" condition="&quot;${string}&quot; == &quot;jobOpenings&quot;">
<kw name="Click" owner="Browser">
<arg>${${string}_button}</arg>
<tag>PageContent</tag>
<tag>Setter</tag>
<doc>Simulates mouse click on the element found by ``selector``.</doc>
<status status="NOT RUN" start="2024-11-22T16:34:10.720263" elapsed="0.000000"/>
</kw>
<status status="NOT RUN" start="2024-11-22T16:34:10.720263" elapsed="0.000999"/>
</branch>
<branch type="ELSE">
<kw name="Click" owner="Browser">
<msg time="2024-11-22T16:34:10.722260" level="INFO">Clicks the element '//a[@href="/amos-mro"]'.</msg>
<arg>${${string}_button}</arg>
<tag>PageContent</tag>
<tag>Setter</tag>
<doc>Simulates mouse click on the element found by ``selector``.</doc>
<status status="PASS" start="2024-11-22T16:34:10.721262" elapsed="0.230076"/>
</kw>
<status status="PASS" start="2024-11-22T16:34:10.721262" elapsed="0.230076"/>
</branch>
<status status="PASS" start="2024-11-22T16:34:10.720263" elapsed="0.231075"/>
</if>
<status status="PASS" start="2024-11-22T16:34:10.719263" elapsed="0.233076"/>
</kw>
<kw name="And The user verifies if amos page is visible" source_name="The user verifies if ${string} ${second} is ${state}">
<if>
<branch type="IF" condition="&quot;${second}&quot; == &quot;page&quot;">
<kw name="Wait For Elements State" owner="Browser">
<msg time="2024-11-22T16:34:11.098685" level="INFO">Waited for Element with selector //div[contains(text(),'An MRO')] at state visible</msg>
<arg>${${string}_page}</arg>
<arg>${state}</arg>
<tag>PageContent</tag>
<tag>Wait</tag>
<doc>Waits for the element found by ``selector`` to satisfy state option.</doc>
<status status="PASS" start="2024-11-22T16:34:10.962337" elapsed="0.137347"/>
</kw>
<status status="PASS" start="2024-11-22T16:34:10.961338" elapsed="0.140348"/>
</branch>
<branch type="ELSE">
<kw name="Wait For Elements State" owner="Browser">
<arg>${${string}_button}</arg>
<arg>${state}</arg>
<tag>PageContent</tag>
<tag>Wait</tag>
<doc>Waits for the element found by ``selector`` to satisfy state option.</doc>
<status status="NOT RUN" start="2024-11-22T16:34:11.101686" elapsed="0.000000"/>
</kw>
<status status="NOT RUN" start="2024-11-22T16:34:11.101686" elapsed="0.001004"/>
</branch>
<status status="PASS" start="2024-11-22T16:34:10.961338" elapsed="0.141352"/>
</if>
<status status="PASS" start="2024-11-22T16:34:10.961338" elapsed="0.141352"/>
</kw>
<kw name="And The user verifies if customers button is visible" source_name="The user verifies if ${string} ${second} is ${state}">
<if>
<branch type="IF" condition="&quot;${second}&quot; == &quot;page&quot;">
<kw name="Wait For Elements State" owner="Browser">
<arg>${${string}_page}</arg>
<arg>${state}</arg>
<tag>PageContent</tag>
<tag>Wait</tag>
<doc>Waits for the element found by ``selector`` to satisfy state option.</doc>
<status status="NOT RUN" start="2024-11-22T16:34:11.114685" elapsed="0.000000"/>
</kw>
<status status="NOT RUN" start="2024-11-22T16:34:11.113690" elapsed="0.000995"/>
</branch>
<branch type="ELSE">
<kw name="Wait For Elements State" owner="Browser">
<msg time="2024-11-22T16:34:11.135689" level="INFO">Waited for Element with selector //a[@href="/customers"] at state visible</msg>
<arg>${${string}_button}</arg>
<arg>${state}</arg>
<tag>PageContent</tag>
<tag>Wait</tag>
<doc>Waits for the element found by ``selector`` to satisfy state option.</doc>
<status status="PASS" start="2024-11-22T16:34:11.115684" elapsed="0.021005"/>
</kw>
<status status="PASS" start="2024-11-22T16:34:11.115684" elapsed="0.021005"/>
</branch>
<status status="PASS" start="2024-11-22T16:34:11.113690" elapsed="0.022999"/>
</if>
<status status="PASS" start="2024-11-22T16:34:11.113690" elapsed="0.022999"/>
</kw>
<kw name="And The user clicks on the customers button" source_name="The user clicks on the ${string} button">
<if>
<branch type="IF" condition="&quot;${string}&quot; == &quot;jobOpenings&quot;">
<kw name="Click" owner="Browser">
<arg>${${string}_button}</arg>
<tag>PageContent</tag>
<tag>Setter</tag>
<doc>Simulates mouse click on the element found by ``selector``.</doc>
<status status="NOT RUN" start="2024-11-22T16:34:11.159701" elapsed="0.000000"/>
</kw>
<status status="NOT RUN" start="2024-11-22T16:34:11.158703" elapsed="0.000998"/>
</branch>
<branch type="ELSE">
<kw name="Click" owner="Browser">
<msg time="2024-11-22T16:34:11.160701" level="INFO">Clicks the element '//a[@href="/customers"]'.</msg>
<arg>${${string}_button}</arg>
<tag>PageContent</tag>
<tag>Setter</tag>
<doc>Simulates mouse click on the element found by ``selector``.</doc>
<status status="PASS" start="2024-11-22T16:34:11.159701" elapsed="0.233669"/>
</kw>
<status status="PASS" start="2024-11-22T16:34:11.159701" elapsed="0.234669"/>
</branch>
<status status="PASS" start="2024-11-22T16:34:11.158703" elapsed="0.235667"/>
</if>
<status status="PASS" start="2024-11-22T16:34:11.158703" elapsed="0.235667"/>
</kw>
<kw name="Then The user verifies if customers page is visible" source_name="The user verifies if ${string} ${second} is ${state}">
<if>
<branch type="IF" condition="&quot;${second}&quot; == &quot;page&quot;">
<kw name="Wait For Elements State" owner="Browser">
<msg time="2024-11-22T16:34:11.448367" level="INFO">Waited for Element with selector //*[contains(text(),'Loyal AMOS community')] at state visible</msg>
<arg>${${string}_page}</arg>
<arg>${state}</arg>
<tag>PageContent</tag>
<tag>Wait</tag>
<doc>Waits for the element found by ``selector`` to satisfy state option.</doc>
<status status="PASS" start="2024-11-22T16:34:11.396369" elapsed="0.051998"/>
</kw>
<status status="PASS" start="2024-11-22T16:34:11.395367" elapsed="0.053999"/>
</branch>
<branch type="ELSE">
<kw name="Wait For Elements State" owner="Browser">
<arg>${${string}_button}</arg>
<arg>${state}</arg>
<tag>PageContent</tag>
<tag>Wait</tag>
<doc>Waits for the element found by ``selector`` to satisfy state option.</doc>
<status status="NOT RUN" start="2024-11-22T16:34:11.449366" elapsed="0.000000"/>
</kw>
<status status="NOT RUN" start="2024-11-22T16:34:11.449366" elapsed="0.001000"/>
</branch>
<status status="PASS" start="2024-11-22T16:34:11.395367" elapsed="0.054999"/>
</if>
<status status="PASS" start="2024-11-22T16:34:11.395367" elapsed="0.054999"/>
</kw>
<status status="PASS" start="2024-11-22T16:34:03.432822" elapsed="8.024559"/>
</test>
<status status="PASS" start="2024-11-22T16:34:03.044487" elapsed="8.671168"/>
</suite>
<statistics>
<total>
<stat pass="1" fail="0" skip="0">All Tests</stat>
</total>
<tag>
</tag>
<suite>
<stat pass="1" fail="0" skip="0" id="s1" name="swissAviationSoftware">swissAviationSoftware</stat>
</suite>
</statistics>
<errors>
</errors>
</robot>
