<?xml version="1.0" encoding="UTF-8"?>
<robot generator="Robot 7.1.1 (Python 3.12.6 on win32)" generated="2024-11-28T16:55:31.731156" rpa="false" schemaversion="5">
<suite id="s1" name="swissAviationSoftware" source="c:\git\blueconic_demo\swissAviationSoftware.robot">
<test id="s1-t1" name="Scenario 14: Navigate to linkedin" line="344">
<kw name="Given A browser has been opened">
<kw name="New Browser" owner="Browser">
<msg time="2024-11-28T16:55:32.894616" level="INFO">{"browser": "chromium", "headless": false, "chromiumSandbox": false, "devtools": false, "handleSIGHUP": true, "handleSIGINT": true, "handleSIGTERM": true, "slowMo": 0.0, "timeout": 30000.0, "tracesDir": "C:\\git\\blueconic_demo\\browser\\traces\\6bb85377-265b-453c-ba1c-72bc72264151"}</msg>
<msg time="2024-11-28T16:55:33.061113" level="INFO">Starting Browser process C:\Users\Gebruiker\AppData\Local\Programs\Python\Python312\Lib\site-packages\Browser\wrapper\index.js using port 52063</msg>
<msg time="2024-11-28T16:55:33.062115" level="INFO">Node startup parameters: ['node', 'C:\\Users\\Gebruiker\\AppData\\Local\\Programs\\Python\\Python312\\Lib\\site-packages\\Browser\\wrapper\\index.js', '52063']</msg>
<msg time="2024-11-28T16:55:35.259870" level="INFO">Successfully created browser with options: {"browser":"chromium","headless":false,"chromiumSandbox":false,"devtools":false,"handleSIGHUP":true,"handleSIGINT":true,"handleSIGTERM":true,"slowMo":0,"timeout":30000,"tracesDir":"C:\\git\\blueconic_demo\\browser\\traces\\6bb85377-265b-453c-ba1c-72bc72264151"}</msg>
<arg>chromium</arg>
<arg>headless=False</arg>
<tag>BrowserControl</tag>
<tag>Setter</tag>
<doc>Create a new playwright Browser with specified options.</doc>
<status status="PASS" start="2024-11-28T16:55:32.893621" elapsed="2.366249"/>
</kw>
<kw name="New Page" owner="Browser">
<msg time="2024-11-28T16:55:46.211946" level="INFO">Keyword 'Take Screenshot  fail-screenshot-{index}' could not be run on failure:
Error: Tried to take screenshot, but no page was open.</msg>
<msg time="2024-11-28T16:55:46.211946" level="INFO">See also file:///C:/git/blueconic_demo/playwright-log.txt for additional details.</msg>
<msg time="2024-11-28T16:55:46.212944" level="FAIL">TimeoutError: page.goto: Timeout 10000ms exceeded.
Call log:
  - navigating to "https://www.swiss-as.com/", waiting until "load"
</msg>
<arg>${URL}</arg>
<tag>BrowserControl</tag>
<tag>Setter</tag>
<doc>Open a new Page.</doc>
<status status="FAIL" start="2024-11-28T16:55:35.259870" elapsed="10.963079">TimeoutError: page.goto: Timeout 10000ms exceeded.
Call log:
  - navigating to "https://www.swiss-as.com/", waiting until "load"
</status>
</kw>
<kw name="Go To" owner="Browser">
<arg>${URL}</arg>
<tag>BrowserControl</tag>
<tag>Setter</tag>
<doc>Navigates to the given ``url``.</doc>
<status status="NOT RUN" start="2024-11-28T16:55:46.223947" elapsed="0.000000"/>
</kw>
<kw name="Wait For Load State" owner="Browser">
<arg>state=load</arg>
<tag>PageContent</tag>
<tag>Wait</tag>
<doc>Waits that the page reaches the required load state.</doc>
<status status="NOT RUN" start="2024-11-28T16:55:46.223947" elapsed="0.000000"/>
</kw>
<status status="FAIL" start="2024-11-28T16:55:32.892586" elapsed="13.332364">TimeoutError: page.goto: Timeout 10000ms exceeded.
Call log:
  - navigating to "https://www.swiss-as.com/", waiting until "load"
</status>
</kw>
<kw name="When The user navigates to the Swiss Aviation Software page">
<status status="NOT RUN" start="2024-11-28T16:55:46.256954" elapsed="0.001508"/>
</kw>
<kw name="And The user verifies if cookies button is visible" source_name="The user verifies if ${string} ${second} is ${state}">
<status status="NOT RUN" start="2024-11-28T16:55:46.263005" elapsed="0.000000"/>
</kw>
<kw name="And The user clicks on the cookies button" source_name="The user clicks on the ${string} button">
<status status="NOT RUN" start="2024-11-28T16:55:46.268007" elapsed="0.000000"/>
</kw>
<kw name="And The user verifies if home page is visible" source_name="The user verifies if ${string} ${second} is ${state}">
<status status="NOT RUN" start="2024-11-28T16:55:46.280006" elapsed="0.000000"/>
</kw>
<kw name="And The user scrolls element into view">
<status status="NOT RUN" start="2024-11-28T16:55:46.297012" elapsed="0.000000"/>
</kw>
<kw name="And The user verifies if linkedin button is visible" source_name="The user verifies if ${string} ${second} is ${state}">
<status status="NOT RUN" start="2024-11-28T16:55:46.308015" elapsed="0.000000"/>
</kw>
<kw name="And The user clicks on the linkedin button" source_name="The user clicks on the ${string} button">
<status status="NOT RUN" start="2024-11-28T16:55:46.309015" elapsed="0.000000"/>
</kw>
<status status="FAIL" start="2024-11-28T16:55:32.890586" elapsed="13.421948">TimeoutError: page.goto: Timeout 10000ms exceeded.
Call log:
  - navigating to "https://www.swiss-as.com/", waiting until "load"
</status>
</test>
<status status="FAIL" start="2024-11-28T16:55:31.743156" elapsed="14.650380"/>
</suite>
<statistics>
<total>
<stat pass="0" fail="1" skip="0">All Tests</stat>
</total>
<tag>
</tag>
<suite>
<stat pass="0" fail="1" skip="0" id="s1" name="swissAviationSoftware">swissAviationSoftware</stat>
</suite>
</statistics>
<errors>
</errors>
</robot>
