<?xml version="1.0" encoding="UTF-8"?>
<robot generator="Robot 7.1.1 (Python 3.12.6 on win32)" generated="2024-11-19T16:39:24.849584" rpa="false" schemaversion="5">
<suite id="s1" name="Lobomantics" source="c:\git\blueconic_demo\lobomantics.robot">
<test id="s1-t1" name="Scenario 10: Open Browser and Click customers" line="123">
<kw name="Given A browser has been opened">
<kw name="New Browser" owner="Browser">
<msg time="2024-11-19T16:39:25.241076" level="INFO">{"browser": "chromium", "headless": false, "chromiumSandbox": false, "devtools": false, "handleSIGHUP": true, "handleSIGINT": true, "handleSIGTERM": true, "slowMo": 2000.0, "timeout": 30000.0, "tracesDir": "C:\\git\\blueconic_demo\\browser\\traces\\bb52efc8-7379-425e-aee6-40a8ed5006da"}</msg>
<msg time="2024-11-19T16:39:25.320608" level="INFO">Starting Browser process C:\Users\Gebruiker\AppData\Local\Programs\Python\Python312\Lib\site-packages\Browser\wrapper\index.js using port 57248</msg>
<msg time="2024-11-19T16:39:25.321610" level="INFO">Node startup parameters: ['node', 'C:\\Users\\Gebruiker\\AppData\\Local\\Programs\\Python\\Python312\\Lib\\site-packages\\Browser\\wrapper\\index.js', '57248']</msg>
<msg time="2024-11-19T16:39:27.685437" level="INFO">Successfully created browser with options: {"browser":"chromium","headless":false,"chromiumSandbox":false,"devtools":false,"handleSIGHUP":true,"handleSIGINT":true,"handleSIGTERM":true,"slowMo":2000,"timeout":30000,"tracesDir":"C:\\git\\blueconic_demo\\browser\\traces\\bb52efc8-7379-425e-aee6-40a8ed5006da"}</msg>
<arg>${BROWSER}</arg>
<arg>headless=False</arg>
<arg>slowMo=0:00:2</arg>
<tag>BrowserControl</tag>
<tag>Setter</tag>
<doc>Create a new playwright Browser with specified options.</doc>
<status status="PASS" start="2024-11-19T16:39:25.238118" elapsed="2.447319"/>
</kw>
<status status="PASS" start="2024-11-19T16:39:25.237107" elapsed="2.449333"/>
</kw>
<kw name="When The user navigates to the lobotics page">
<kw name="New Page" owner="Browser">
<msg time="2024-11-19T16:39:34.303049" level="INFO">Keyword 'Take Screenshot  fail-screenshot-{index}' could not be run on failure:
Error: Tried to take screenshot, but no page was open.</msg>
<msg time="2024-11-19T16:39:34.303049" level="INFO">See also file:///C:/git/blueconic_demo/playwright-log-1732030765155438600.txt for additional details.</msg>
<msg time="2024-11-19T16:39:34.304052" level="FAIL">Error: page.goto: Target page, context or browser has been closed
Call log:
  - navigating to "https://www.swiss-as.com/", waiting until "load"
</msg>
<arg>${URL}</arg>
<tag>BrowserControl</tag>
<tag>Setter</tag>
<doc>Open a new Page.</doc>
<status status="FAIL" start="2024-11-19T16:39:27.720439" elapsed="6.595661">Error: page.goto: Target page, context or browser has been closed
Call log:
  - navigating to "https://www.swiss-as.com/", waiting until "load"
</status>
</kw>
<status status="FAIL" start="2024-11-19T16:39:27.719439" elapsed="6.596661">Error: page.goto: Target page, context or browser has been closed
Call log:
  - navigating to "https://www.swiss-as.com/", waiting until "load"
</status>
</kw>
<kw name="And The user accepts cookies">
<status status="NOT RUN" start="2024-11-19T16:39:34.317049" elapsed="0.000000"/>
</kw>
<kw name="And The user clicks on Customers">
<status status="NOT RUN" start="2024-11-19T16:39:34.318050" elapsed="0.000000"/>
</kw>
<status status="FAIL" start="2024-11-19T16:39:25.235072" elapsed="9.083979">Error: page.goto: Target page, context or browser has been closed
Call log:
  - navigating to "https://www.swiss-as.com/", waiting until "load"
</status>
</test>
<status status="FAIL" start="2024-11-19T16:39:24.859098" elapsed="9.528501"/>
</suite>
<statistics>
<total>
<stat pass="0" fail="1" skip="0">All Tests</stat>
</total>
<tag>
</tag>
<suite>
<stat pass="0" fail="1" skip="0" id="s1" name="Lobomantics">Lobomantics</stat>
</suite>
</statistics>
<errors>
</errors>
</robot>
