<?xml version="1.0" encoding="UTF-8"?>
<robot generator="Robot 7.1.1 (Python 3.12.6 on win32)" generated="2024-11-26T12:47:23.475335" rpa="false" schemaversion="5">
<suite id="s1" name="swissAviationSoftware" source="c:\git\blueconic_demo\swissAviationSoftware.robot">
<test id="s1-t1" name="Scenario 1: Navigate through Swiss Aviation Software page" line="81">
<kw name="Given A browser has been opened">
<kw name="New Browser" owner="Browser">
<msg time="2024-11-26T12:47:24.734732" level="INFO">{"browser": "chromium", "headless": false, "chromiumSandbox": false, "devtools": false, "handleSIGHUP": true, "handleSIGINT": true, "handleSIGTERM": true, "slowMo": 0.0, "timeout": 30000.0, "tracesDir": "C:\\git\\blueconic_demo\\browser\\traces\\06ce2b29-a3df-4703-a332-a4db202ad351"}</msg>
<msg time="2024-11-26T12:47:24.839738" level="INFO">Starting Browser process C:\Users\Gebruiker\AppData\Local\Programs\Python\Python312\Lib\site-packages\Browser\wrapper\index.js using port 51476</msg>
<msg time="2024-11-26T12:47:24.841740" level="INFO">Node startup parameters: ['node', 'C:\\Users\\Gebruiker\\AppData\\Local\\Programs\\Python\\Python312\\Lib\\site-packages\\Browser\\wrapper\\index.js', '51476']</msg>
<msg time="2024-11-26T12:47:27.169901" level="INFO">Successfully created browser with options: {"browser":"chromium","headless":false,"chromiumSandbox":false,"devtools":false,"handleSIGHUP":true,"handleSIGINT":true,"handleSIGTERM":true,"slowMo":0,"timeout":30000,"tracesDir":"C:\\git\\blueconic_demo\\browser\\traces\\06ce2b29-a3df-4703-a332-a4db202ad351"}</msg>
<arg>chromium</arg>
<arg>headless=False</arg>
<tag>BrowserControl</tag>
<tag>Setter</tag>
<doc>Create a new playwright Browser with specified options.</doc>
<status status="PASS" start="2024-11-26T12:47:24.733722" elapsed="2.436179"/>
</kw>
<kw name="New Page" owner="Browser">
<msg time="2024-11-26T12:47:28.950944" level="INFO">Successfully initialized new page object and opened url: https://www.swiss-as.com</msg>
<msg time="2024-11-26T12:47:28.950944" level="INFO">No context was open. New context was automatically opened when this page is created.</msg>
<arg>${URL}</arg>
<tag>BrowserControl</tag>
<tag>Setter</tag>
<doc>Open a new Page.</doc>
<status status="PASS" start="2024-11-26T12:47:27.170906" elapsed="1.780038"/>
</kw>
<kw name="Go To" owner="Browser">
<msg time="2024-11-26T12:47:29.096456" level="INFO">Successfully opened URL https://www.swiss-as.com</msg>
<arg>${URL}</arg>
<tag>BrowserControl</tag>
<tag>Setter</tag>
<doc>Navigates to the given ``url``.</doc>
<status status="PASS" start="2024-11-26T12:47:28.951920" elapsed="0.144536"/>
</kw>
<kw name="Wait For Load State" owner="Browser">
<msg time="2024-11-26T12:47:29.098457" level="INFO">Waiting page load to state to receive load in 10000.0</msg>
<msg time="2024-11-26T12:47:29.111457" level="INFO">Load state load got in 10000</msg>
<arg>state=load</arg>
<tag>PageContent</tag>
<tag>Wait</tag>
<doc>Waits that the page reaches the required load state.</doc>
<status status="PASS" start="2024-11-26T12:47:29.096456" elapsed="0.015001"/>
</kw>
<status status="PASS" start="2024-11-26T12:47:24.732218" elapsed="4.380238"/>
</kw>
<kw name="When The user navigates to the Swiss Aviation Software page">
<kw name="New Browser" owner="Browser">
<msg time="2024-11-26T12:47:29.135456" level="INFO">Switching browser to browser=41f6741a-0664-46f0-8795-b3c2a1c85808</msg>
<msg time="2024-11-26T12:47:29.146456" level="INFO">Successfully changed active browser: browser=41f6741a-0664-46f0-8795-b3c2a1c85808</msg>
<msg time="2024-11-26T12:47:29.147457" level="INFO">Reusing existing browser with id: browser=41f6741a-0664-46f0-8795-b3c2a1c85808</msg>
<arg>chromium</arg>
<arg>headless=False</arg>
<tag>BrowserControl</tag>
<tag>Setter</tag>
<doc>Create a new playwright Browser with specified options.</doc>
<status status="PASS" start="2024-11-26T12:47:29.134455" elapsed="0.013002"/>
</kw>
<kw name="New Page" owner="Browser">
<msg time="2024-11-26T12:47:29.714562" level="INFO">Successfully initialized new page object and opened url: https://www.swiss-as.com</msg>
<arg>${URL}</arg>
<tag>BrowserControl</tag>
<tag>Setter</tag>
<doc>Open a new Page.</doc>
<status status="PASS" start="2024-11-26T12:47:29.147457" elapsed="0.568102"/>
</kw>
<status status="PASS" start="2024-11-26T12:47:29.133457" elapsed="0.582102"/>
</kw>
<kw name="And The user verifies if cookies button is visible" source_name="The user verifies if ${string} ${second} is ${state}">
<if>
<branch type="IF" condition="&quot;${second}&quot; == &quot;page&quot;">
<kw name="Wait For Elements State" owner="Browser">
<arg>${${string}_page}</arg>
<arg>${state}</arg>
<tag>PageContent</tag>
<tag>Wait</tag>
<doc>Waits for the element found by ``selector`` to satisfy state option.</doc>
<status status="NOT RUN" start="2024-11-26T12:47:29.717559" elapsed="0.001001"/>
</kw>
<status status="NOT RUN" start="2024-11-26T12:47:29.716558" elapsed="0.002002"/>
</branch>
<branch type="ELSE">
<kw name="Wait For Elements State" owner="Browser">
<msg time="2024-11-26T12:47:29.803092" level="INFO">Waited for Element with selector //button[contains(text(),'Accept all cookies')] at state visible</msg>
<arg>${${string}_button}</arg>
<arg>${state}</arg>
<tag>PageContent</tag>
<tag>Wait</tag>
<doc>Waits for the element found by ``selector`` to satisfy state option.</doc>
<status status="PASS" start="2024-11-26T12:47:29.718560" elapsed="0.084532"/>
</kw>
<status status="PASS" start="2024-11-26T12:47:29.718560" elapsed="0.084532"/>
</branch>
<status status="PASS" start="2024-11-26T12:47:29.716558" elapsed="0.086534"/>
</if>
<status status="PASS" start="2024-11-26T12:47:29.716558" elapsed="0.086534"/>
</kw>
<kw name="And The user clicks on the cookies button" source_name="The user clicks on the ${string} button">
<if>
<branch type="IF" condition="&quot;${string}&quot; == &quot;jobOpenings&quot;">
<kw name="Click" owner="Browser">
<arg>${${string}_button}</arg>
<tag>PageContent</tag>
<tag>Setter</tag>
<doc>Simulates mouse click on the element found by ``selector``.</doc>
<status status="NOT RUN" start="2024-11-26T12:47:29.819092" elapsed="0.000000"/>
</kw>
<status status="NOT RUN" start="2024-11-26T12:47:29.818089" elapsed="0.001003"/>
</branch>
<branch type="ELSE">
<kw name="Click" owner="Browser">
<msg time="2024-11-26T12:47:29.820093" level="INFO">Clicks the element '//button[contains(text(),'Accept all cookies')]'.</msg>
<arg>${${string}_button}</arg>
<tag>PageContent</tag>
<tag>Setter</tag>
<doc>Simulates mouse click on the element found by ``selector``.</doc>
<status status="PASS" start="2024-11-26T12:47:29.820093" elapsed="1.066246"/>
</kw>
<status status="PASS" start="2024-11-26T12:47:29.819092" elapsed="1.067247"/>
</branch>
<status status="PASS" start="2024-11-26T12:47:29.818089" elapsed="1.069250"/>
</if>
<status status="PASS" start="2024-11-26T12:47:29.818089" elapsed="1.069250"/>
</kw>
<kw name="And The user verifies if home page is visible" source_name="The user verifies if ${string} ${second} is ${state}">
<if>
<branch type="IF" condition="&quot;${second}&quot; == &quot;page&quot;">
<kw name="Wait For Elements State" owner="Browser">
<msg time="2024-11-26T12:47:30.913333" level="INFO">Waited for Element with selector .main-logo at state visible</msg>
<arg>${${string}_page}</arg>
<arg>${state}</arg>
<tag>PageContent</tag>
<tag>Wait</tag>
<doc>Waits for the element found by ``selector`` to satisfy state option.</doc>
<status status="PASS" start="2024-11-26T12:47:30.895335" elapsed="0.017998"/>
</kw>
<status status="PASS" start="2024-11-26T12:47:30.894335" elapsed="0.019996"/>
</branch>
<branch type="ELSE">
<kw name="Wait For Elements State" owner="Browser">
<arg>${${string}_button}</arg>
<arg>${state}</arg>
<tag>PageContent</tag>
<tag>Wait</tag>
<doc>Waits for the element found by ``selector`` to satisfy state option.</doc>
<status status="NOT RUN" start="2024-11-26T12:47:30.914331" elapsed="0.000000"/>
</kw>
<status status="NOT RUN" start="2024-11-26T12:47:30.914331" elapsed="0.000000"/>
</branch>
<status status="PASS" start="2024-11-26T12:47:30.894335" elapsed="0.020996"/>
</if>
<status status="PASS" start="2024-11-26T12:47:30.893336" elapsed="0.021995"/>
</kw>
<kw name="And The user verifies if aboutUs button is visible" source_name="The user verifies if ${string} ${second} is ${state}">
<if>
<branch type="IF" condition="&quot;${second}&quot; == &quot;page&quot;">
<kw name="Wait For Elements State" owner="Browser">
<arg>${${string}_page}</arg>
<arg>${state}</arg>
<tag>PageContent</tag>
<tag>Wait</tag>
<doc>Waits for the element found by ``selector`` to satisfy state option.</doc>
<status status="NOT RUN" start="2024-11-26T12:47:30.916331" elapsed="0.001000"/>
</kw>
<status status="NOT RUN" start="2024-11-26T12:47:30.916331" elapsed="0.001000"/>
</branch>
<branch type="ELSE">
<kw name="Wait For Elements State" owner="Browser">
<msg time="2024-11-26T12:47:30.928334" level="INFO">Waited for Element with selector //a[contains(text(),'About Us')] at state visible</msg>
<arg>${${string}_button}</arg>
<arg>${state}</arg>
<tag>PageContent</tag>
<tag>Wait</tag>
<doc>Waits for the element found by ``selector`` to satisfy state option.</doc>
<status status="PASS" start="2024-11-26T12:47:30.917331" elapsed="0.011003"/>
</kw>
<status status="PASS" start="2024-11-26T12:47:30.917331" elapsed="0.012002"/>
</branch>
<status status="PASS" start="2024-11-26T12:47:30.916331" elapsed="0.013002"/>
</if>
<status status="PASS" start="2024-11-26T12:47:30.916331" elapsed="0.013002"/>
</kw>
<kw name="And The user clicks on the aboutUs button" source_name="The user clicks on the ${string} button">
<if>
<branch type="IF" condition="&quot;${string}&quot; == &quot;jobOpenings&quot;">
<kw name="Click" owner="Browser">
<arg>${${string}_button}</arg>
<tag>PageContent</tag>
<tag>Setter</tag>
<doc>Simulates mouse click on the element found by ``selector``.</doc>
<status status="NOT RUN" start="2024-11-26T12:47:30.934332" elapsed="0.000000"/>
</kw>
<status status="NOT RUN" start="2024-11-26T12:47:30.933331" elapsed="0.001001"/>
</branch>
<branch type="ELSE">
<kw name="Click" owner="Browser">
<msg time="2024-11-26T12:47:30.935334" level="INFO">Clicks the element '//a[contains(text(),'About Us')]'.</msg>
<arg>${${string}_button}</arg>
<tag>PageContent</tag>
<tag>Setter</tag>
<doc>Simulates mouse click on the element found by ``selector``.</doc>
<status status="PASS" start="2024-11-26T12:47:30.934332" elapsed="0.203755"/>
</kw>
<status status="PASS" start="2024-11-26T12:47:30.934332" elapsed="0.204756"/>
</branch>
<status status="PASS" start="2024-11-26T12:47:30.933331" elapsed="0.205757"/>
</if>
<status status="PASS" start="2024-11-26T12:47:30.933331" elapsed="0.205757"/>
</kw>
<kw name="And The user verifies if aboutUs page is visible" source_name="The user verifies if ${string} ${second} is ${state}">
<if>
<branch type="IF" condition="&quot;${second}&quot; == &quot;page&quot;">
<kw name="Wait For Elements State" owner="Browser">
<msg time="2024-11-26T12:47:31.511713" level="INFO">Waited for Element with selector id=block-sas-2017-content at state visible</msg>
<arg>${${string}_page}</arg>
<arg>${state}</arg>
<tag>PageContent</tag>
<tag>Wait</tag>
<doc>Waits for the element found by ``selector`` to satisfy state option.</doc>
<status status="PASS" start="2024-11-26T12:47:31.156094" elapsed="0.355619"/>
</kw>
<status status="PASS" start="2024-11-26T12:47:31.155095" elapsed="0.356618"/>
</branch>
<branch type="ELSE">
<kw name="Wait For Elements State" owner="Browser">
<arg>${${string}_button}</arg>
<arg>${state}</arg>
<tag>PageContent</tag>
<tag>Wait</tag>
<doc>Waits for the element found by ``selector`` to satisfy state option.</doc>
<status status="NOT RUN" start="2024-11-26T12:47:31.512712" elapsed="0.000000"/>
</kw>
<status status="NOT RUN" start="2024-11-26T12:47:31.511713" elapsed="0.000999"/>
</branch>
<status status="PASS" start="2024-11-26T12:47:31.155095" elapsed="0.357617"/>
</if>
<status status="PASS" start="2024-11-26T12:47:31.154095" elapsed="0.358617"/>
</kw>
<kw name="And The user verifies if amos button is visible" source_name="The user verifies if ${string} ${second} is ${state}">
<if>
<branch type="IF" condition="&quot;${second}&quot; == &quot;page&quot;">
<kw name="Wait For Elements State" owner="Browser">
<arg>${${string}_page}</arg>
<arg>${state}</arg>
<tag>PageContent</tag>
<tag>Wait</tag>
<doc>Waits for the element found by ``selector`` to satisfy state option.</doc>
<status status="NOT RUN" start="2024-11-26T12:47:31.515712" elapsed="0.000000"/>
</kw>
<status status="NOT RUN" start="2024-11-26T12:47:31.514724" elapsed="0.000988"/>
</branch>
<branch type="ELSE">
<kw name="Wait For Elements State" owner="Browser">
<msg time="2024-11-26T12:47:31.531713" level="INFO">Waited for Element with selector //a[@href="/amos-mro"] at state visible</msg>
<arg>${${string}_button}</arg>
<arg>${state}</arg>
<tag>PageContent</tag>
<tag>Wait</tag>
<doc>Waits for the element found by ``selector`` to satisfy state option.</doc>
<status status="PASS" start="2024-11-26T12:47:31.516714" elapsed="0.014999"/>
</kw>
<status status="PASS" start="2024-11-26T12:47:31.515712" elapsed="0.017001"/>
</branch>
<status status="PASS" start="2024-11-26T12:47:31.514724" elapsed="0.017989"/>
</if>
<status status="PASS" start="2024-11-26T12:47:31.514724" elapsed="0.017989"/>
</kw>
<kw name="And The user clicks on the amos button" source_name="The user clicks on the ${string} button">
<if>
<branch type="IF" condition="&quot;${string}&quot; == &quot;jobOpenings&quot;">
<kw name="Click" owner="Browser">
<arg>${${string}_button}</arg>
<tag>PageContent</tag>
<tag>Setter</tag>
<doc>Simulates mouse click on the element found by ``selector``.</doc>
<status status="NOT RUN" start="2024-11-26T12:47:31.552713" elapsed="0.000000"/>
</kw>
<status status="NOT RUN" start="2024-11-26T12:47:31.552713" elapsed="0.000000"/>
</branch>
<branch type="ELSE">
<kw name="Click" owner="Browser">
<msg time="2024-11-26T12:47:31.554712" level="INFO">Clicks the element '//a[@href="/amos-mro"]'.</msg>
<arg>${${string}_button}</arg>
<tag>PageContent</tag>
<tag>Setter</tag>
<doc>Simulates mouse click on the element found by ``selector``.</doc>
<status status="PASS" start="2024-11-26T12:47:31.553714" elapsed="0.257219"/>
</kw>
<status status="PASS" start="2024-11-26T12:47:31.552713" elapsed="0.258220"/>
</branch>
<status status="PASS" start="2024-11-26T12:47:31.552713" elapsed="0.258220"/>
</if>
<status status="PASS" start="2024-11-26T12:47:31.551714" elapsed="0.259219"/>
</kw>
<kw name="And The user verifies if amos page is visible" source_name="The user verifies if ${string} ${second} is ${state}">
<if>
<branch type="IF" condition="&quot;${second}&quot; == &quot;page&quot;">
<kw name="Wait For Elements State" owner="Browser">
<msg time="2024-11-26T12:47:32.001515" level="INFO">Waited for Element with selector //div[contains(text(),'An MRO')] at state visible</msg>
<arg>${${string}_page}</arg>
<arg>${state}</arg>
<tag>PageContent</tag>
<tag>Wait</tag>
<doc>Waits for the element found by ``selector`` to satisfy state option.</doc>
<status status="PASS" start="2024-11-26T12:47:31.815944" elapsed="0.186584"/>
</kw>
<status status="PASS" start="2024-11-26T12:47:31.814936" elapsed="0.187592"/>
</branch>
<branch type="ELSE">
<kw name="Wait For Elements State" owner="Browser">
<arg>${${string}_button}</arg>
<arg>${state}</arg>
<tag>PageContent</tag>
<tag>Wait</tag>
<doc>Waits for the element found by ``selector`` to satisfy state option.</doc>
<status status="NOT RUN" start="2024-11-26T12:47:32.002528" elapsed="0.001001"/>
</kw>
<status status="NOT RUN" start="2024-11-26T12:47:32.002528" elapsed="0.001001"/>
</branch>
<status status="PASS" start="2024-11-26T12:47:31.814936" elapsed="0.188593"/>
</if>
<status status="PASS" start="2024-11-26T12:47:31.814936" elapsed="0.188593"/>
</kw>
<kw name="And The user verifies if customers button is visible" source_name="The user verifies if ${string} ${second} is ${state}">
<if>
<branch type="IF" condition="&quot;${second}&quot; == &quot;page&quot;">
<kw name="Wait For Elements State" owner="Browser">
<arg>${${string}_page}</arg>
<arg>${state}</arg>
<tag>PageContent</tag>
<tag>Wait</tag>
<doc>Waits for the element found by ``selector`` to satisfy state option.</doc>
<status status="NOT RUN" start="2024-11-26T12:47:32.024539" elapsed="0.000997"/>
</kw>
<status status="NOT RUN" start="2024-11-26T12:47:32.022527" elapsed="0.003996"/>
</branch>
<branch type="ELSE">
<kw name="Wait For Elements State" owner="Browser">
<msg time="2024-11-26T12:47:32.051524" level="INFO">Waited for Element with selector //a[@href="/customers"] at state visible</msg>
<arg>${${string}_button}</arg>
<arg>${state}</arg>
<tag>PageContent</tag>
<tag>Wait</tag>
<doc>Waits for the element found by ``selector`` to satisfy state option.</doc>
<status status="PASS" start="2024-11-26T12:47:32.027525" elapsed="0.024998"/>
</kw>
<status status="PASS" start="2024-11-26T12:47:32.026523" elapsed="0.026000"/>
</branch>
<status status="PASS" start="2024-11-26T12:47:32.022527" elapsed="0.029996"/>
</if>
<status status="PASS" start="2024-11-26T12:47:32.021528" elapsed="0.030995"/>
</kw>
<kw name="And The user clicks on the customers button" source_name="The user clicks on the ${string} button">
<if>
<branch type="IF" condition="&quot;${string}&quot; == &quot;jobOpenings&quot;">
<kw name="Click" owner="Browser">
<arg>${${string}_button}</arg>
<tag>PageContent</tag>
<tag>Setter</tag>
<doc>Simulates mouse click on the element found by ``selector``.</doc>
<status status="NOT RUN" start="2024-11-26T12:47:32.061525" elapsed="0.001000"/>
</kw>
<status status="NOT RUN" start="2024-11-26T12:47:32.061525" elapsed="0.001000"/>
</branch>
<branch type="ELSE">
<kw name="Click" owner="Browser">
<msg time="2024-11-26T12:47:32.063524" level="INFO">Clicks the element '//a[@href="/customers"]'.</msg>
<arg>${${string}_button}</arg>
<tag>PageContent</tag>
<tag>Setter</tag>
<doc>Simulates mouse click on the element found by ``selector``.</doc>
<status status="PASS" start="2024-11-26T12:47:32.062525" elapsed="0.215887"/>
</kw>
<status status="PASS" start="2024-11-26T12:47:32.062525" elapsed="0.215887"/>
</branch>
<status status="PASS" start="2024-11-26T12:47:32.061525" elapsed="0.216887"/>
</if>
<status status="PASS" start="2024-11-26T12:47:32.061525" elapsed="0.216887"/>
</kw>
<kw name="Then The user verifies if customers page is visible" source_name="The user verifies if ${string} ${second} is ${state}">
<if>
<branch type="IF" condition="&quot;${second}&quot; == &quot;page&quot;">
<kw name="Wait For Elements State" owner="Browser">
<msg time="2024-11-26T12:47:32.336415" level="INFO">Waited for Element with selector //*[contains(text(),'Loyal AMOS community')] at state visible</msg>
<arg>${${string}_page}</arg>
<arg>${state}</arg>
<tag>PageContent</tag>
<tag>Wait</tag>
<doc>Waits for the element found by ``selector`` to satisfy state option.</doc>
<status status="PASS" start="2024-11-26T12:47:32.282412" elapsed="0.054003"/>
</kw>
<status status="PASS" start="2024-11-26T12:47:32.281412" elapsed="0.055003"/>
</branch>
<branch type="ELSE">
<kw name="Wait For Elements State" owner="Browser">
<arg>${${string}_button}</arg>
<arg>${state}</arg>
<tag>PageContent</tag>
<tag>Wait</tag>
<doc>Waits for the element found by ``selector`` to satisfy state option.</doc>
<status status="NOT RUN" start="2024-11-26T12:47:32.337413" elapsed="0.000000"/>
</kw>
<status status="NOT RUN" start="2024-11-26T12:47:32.336415" elapsed="0.000998"/>
</branch>
<status status="PASS" start="2024-11-26T12:47:32.281412" elapsed="0.057000"/>
</if>
<status status="PASS" start="2024-11-26T12:47:32.281412" elapsed="0.057000"/>
</kw>
<status status="PASS" start="2024-11-26T12:47:24.730219" elapsed="7.636203"/>
</test>
<test id="s1-t2" name="Scenario 2: Apply at Swiss Aviation Software" line="97">
<kw name="Given A browser has been opened">
<kw name="New Browser" owner="Browser">
<msg time="2024-11-26T12:47:32.623954" level="INFO">Switching browser to browser=41f6741a-0664-46f0-8795-b3c2a1c85808</msg>
<msg time="2024-11-26T12:47:32.625966" level="INFO">Successfully changed active browser: browser=41f6741a-0664-46f0-8795-b3c2a1c85808</msg>
<msg time="2024-11-26T12:47:32.626954" level="INFO">Reusing existing browser with id: browser=41f6741a-0664-46f0-8795-b3c2a1c85808</msg>
<arg>chromium</arg>
<arg>headless=False</arg>
<tag>BrowserControl</tag>
<tag>Setter</tag>
<doc>Create a new playwright Browser with specified options.</doc>
<status status="PASS" start="2024-11-26T12:47:32.622953" elapsed="0.004001"/>
</kw>
<kw name="New Page" owner="Browser">
<msg time="2024-11-26T12:47:34.469214" level="INFO">Successfully initialized new page object and opened url: https://www.swiss-as.com</msg>
<msg time="2024-11-26T12:47:34.470211" level="INFO">No context was open. New context was automatically opened when this page is created.</msg>
<arg>${URL}</arg>
<tag>BrowserControl</tag>
<tag>Setter</tag>
<doc>Open a new Page.</doc>
<status status="PASS" start="2024-11-26T12:47:32.626954" elapsed="1.843257"/>
</kw>
<kw name="Go To" owner="Browser">
<msg time="2024-11-26T12:47:34.593739" level="INFO">Successfully opened URL https://www.swiss-as.com</msg>
<arg>${URL}</arg>
<tag>BrowserControl</tag>
<tag>Setter</tag>
<doc>Navigates to the given ``url``.</doc>
<status status="PASS" start="2024-11-26T12:47:34.470211" elapsed="0.124529"/>
</kw>
<kw name="Wait For Load State" owner="Browser">
<msg time="2024-11-26T12:47:34.595741" level="INFO">Waiting page load to state to receive load in 10000.0</msg>
<msg time="2024-11-26T12:47:34.600739" level="INFO">Load state load got in 10000</msg>
<arg>state=load</arg>
<tag>PageContent</tag>
<tag>Wait</tag>
<doc>Waits that the page reaches the required load state.</doc>
<status status="PASS" start="2024-11-26T12:47:34.594740" elapsed="0.007028"/>
</kw>
<status status="PASS" start="2024-11-26T12:47:32.621951" elapsed="1.980801"/>
</kw>
<kw name="When The user navigates to the Swiss Aviation Software page">
<kw name="New Browser" owner="Browser">
<msg time="2024-11-26T12:47:34.615752" level="INFO">Switching browser to browser=41f6741a-0664-46f0-8795-b3c2a1c85808</msg>
<msg time="2024-11-26T12:47:34.619750" level="INFO">Successfully changed active browser: browser=41f6741a-0664-46f0-8795-b3c2a1c85808</msg>
<msg time="2024-11-26T12:47:34.620259" level="INFO">Reusing existing browser with id: browser=41f6741a-0664-46f0-8795-b3c2a1c85808</msg>
<arg>chromium</arg>
<arg>headless=False</arg>
<tag>BrowserControl</tag>
<tag>Setter</tag>
<doc>Create a new playwright Browser with specified options.</doc>
<status status="PASS" start="2024-11-26T12:47:34.614754" elapsed="0.005505"/>
</kw>
<kw name="New Page" owner="Browser">
<msg time="2024-11-26T12:47:35.164871" level="INFO">Successfully initialized new page object and opened url: https://www.swiss-as.com</msg>
<arg>${URL}</arg>
<tag>BrowserControl</tag>
<tag>Setter</tag>
<doc>Open a new Page.</doc>
<status status="PASS" start="2024-11-26T12:47:34.620259" elapsed="0.544612"/>
</kw>
<status status="PASS" start="2024-11-26T12:47:34.614754" elapsed="0.551118"/>
</kw>
<kw name="And The user clicks on the cookies button" source_name="The user clicks on the ${string} button">
<if>
<branch type="IF" condition="&quot;${string}&quot; == &quot;jobOpenings&quot;">
<kw name="Click" owner="Browser">
<arg>${${string}_button}</arg>
<tag>PageContent</tag>
<tag>Setter</tag>
<doc>Simulates mouse click on the element found by ``selector``.</doc>
<status status="NOT RUN" start="2024-11-26T12:47:35.168869" elapsed="0.000000"/>
</kw>
<status status="NOT RUN" start="2024-11-26T12:47:35.167871" elapsed="0.000998"/>
</branch>
<branch type="ELSE">
<kw name="Click" owner="Browser">
<msg time="2024-11-26T12:47:35.169867" level="INFO">Clicks the element '//button[contains(text(),'Accept all cookies')]'.</msg>
<arg>${${string}_button}</arg>
<tag>PageContent</tag>
<tag>Setter</tag>
<doc>Simulates mouse click on the element found by ``selector``.</doc>
<status status="PASS" start="2024-11-26T12:47:35.169867" elapsed="1.126189"/>
</kw>
<status status="PASS" start="2024-11-26T12:47:35.168869" elapsed="1.128229"/>
</branch>
<status status="PASS" start="2024-11-26T12:47:35.167871" elapsed="1.130186"/>
</if>
<status status="PASS" start="2024-11-26T12:47:35.167871" elapsed="1.130186"/>
</kw>
<kw name="And The user verifies if openPositions button is visible" source_name="The user verifies if ${string} ${second} is ${state}">
<if>
<branch type="IF" condition="&quot;${second}&quot; == &quot;page&quot;">
<kw name="Wait For Elements State" owner="Browser">
<arg>${${string}_page}</arg>
<arg>${state}</arg>
<tag>PageContent</tag>
<tag>Wait</tag>
<doc>Waits for the element found by ``selector`` to satisfy state option.</doc>
<status status="NOT RUN" start="2024-11-26T12:47:36.302051" elapsed="0.000000"/>
</kw>
<status status="NOT RUN" start="2024-11-26T12:47:36.301052" elapsed="0.000999"/>
</branch>
<branch type="ELSE">
<kw name="Wait For Elements State" owner="Browser">
<msg time="2024-11-26T12:47:36.316579" level="INFO">Waited for Element with selector //*[contains(text(),'Open positions')] at state visible</msg>
<arg>${${string}_button}</arg>
<arg>${state}</arg>
<tag>PageContent</tag>
<tag>Wait</tag>
<doc>Waits for the element found by ``selector`` to satisfy state option.</doc>
<status status="PASS" start="2024-11-26T12:47:36.303053" elapsed="0.014531"/>
</kw>
<status status="PASS" start="2024-11-26T12:47:36.303053" elapsed="0.014531"/>
</branch>
<status status="PASS" start="2024-11-26T12:47:36.301052" elapsed="0.016532"/>
</if>
<status status="PASS" start="2024-11-26T12:47:36.300054" elapsed="0.017530"/>
</kw>
<kw name="And The user clicks on the openPositions button" source_name="The user clicks on the ${string} button">
<if>
<branch type="IF" condition="&quot;${string}&quot; == &quot;jobOpenings&quot;">
<kw name="Click" owner="Browser">
<arg>${${string}_button}</arg>
<tag>PageContent</tag>
<tag>Setter</tag>
<doc>Simulates mouse click on the element found by ``selector``.</doc>
<status status="NOT RUN" start="2024-11-26T12:47:36.321577" elapsed="0.000000"/>
</kw>
<status status="NOT RUN" start="2024-11-26T12:47:36.320577" elapsed="0.001000"/>
</branch>
<branch type="ELSE">
<kw name="Click" owner="Browser">
<msg time="2024-11-26T12:47:36.324580" level="INFO">Clicks the element '//*[contains(text(),'Open positions')]'.</msg>
<arg>${${string}_button}</arg>
<tag>PageContent</tag>
<tag>Setter</tag>
<doc>Simulates mouse click on the element found by ``selector``.</doc>
<status status="PASS" start="2024-11-26T12:47:36.322579" elapsed="0.829645"/>
</kw>
<status status="PASS" start="2024-11-26T12:47:36.321577" elapsed="0.830647"/>
</branch>
<status status="PASS" start="2024-11-26T12:47:36.320577" elapsed="0.831647"/>
</if>
<status status="PASS" start="2024-11-26T12:47:36.320577" elapsed="0.832645"/>
</kw>
<kw name="And The user clicks on the cookies button" source_name="The user clicks on the ${string} button">
<if>
<branch type="IF" condition="&quot;${string}&quot; == &quot;jobOpenings&quot;">
<kw name="Click" owner="Browser">
<arg>${${string}_button}</arg>
<tag>PageContent</tag>
<tag>Setter</tag>
<doc>Simulates mouse click on the element found by ``selector``.</doc>
<status status="NOT RUN" start="2024-11-26T12:47:37.265222" elapsed="0.000000"/>
</kw>
<status status="NOT RUN" start="2024-11-26T12:47:37.264220" elapsed="0.001002"/>
</branch>
<branch type="ELSE">
<kw name="Click" owner="Browser">
<msg time="2024-11-26T12:47:37.266221" level="INFO">Clicks the element '//button[contains(text(),'Accept all cookies')]'.</msg>
<arg>${${string}_button}</arg>
<tag>PageContent</tag>
<tag>Setter</tag>
<doc>Simulates mouse click on the element found by ``selector``.</doc>
<status status="PASS" start="2024-11-26T12:47:37.265222" elapsed="1.191278"/>
</kw>
<status status="PASS" start="2024-11-26T12:47:37.265222" elapsed="1.194291"/>
</branch>
<status status="PASS" start="2024-11-26T12:47:37.264220" elapsed="1.196290"/>
</if>
<status status="PASS" start="2024-11-26T12:47:37.264220" elapsed="1.196290"/>
</kw>
<kw name="And The user verifies if openPositions page is visible" source_name="The user verifies if ${string} ${second} is ${state}">
<if>
<branch type="IF" condition="&quot;${second}&quot; == &quot;page&quot;">
<kw name="Wait For Elements State" owner="Browser">
<msg time="2024-11-26T12:47:38.602593" level="INFO">Waited for Element with selector //*[contains(text(),'We are hiring!')] at state visible</msg>
<arg>${${string}_page}</arg>
<arg>${state}</arg>
<tag>PageContent</tag>
<tag>Wait</tag>
<doc>Waits for the element found by ``selector`` to satisfy state option.</doc>
<status status="PASS" start="2024-11-26T12:47:38.564047" elapsed="0.038546"/>
</kw>
<status status="PASS" start="2024-11-26T12:47:38.563044" elapsed="0.039549"/>
</branch>
<branch type="ELSE">
<kw name="Wait For Elements State" owner="Browser">
<arg>${${string}_button}</arg>
<arg>${state}</arg>
<tag>PageContent</tag>
<tag>Wait</tag>
<doc>Waits for the element found by ``selector`` to satisfy state option.</doc>
<status status="NOT RUN" start="2024-11-26T12:47:38.603585" elapsed="0.000000"/>
</kw>
<status status="NOT RUN" start="2024-11-26T12:47:38.602593" elapsed="0.000992"/>
</branch>
<status status="PASS" start="2024-11-26T12:47:38.563044" elapsed="0.040541"/>
</if>
<status status="PASS" start="2024-11-26T12:47:38.563044" elapsed="0.040541"/>
</kw>
<kw name="And The user verifies if jobOpenings button is visible" source_name="The user verifies if ${string} ${second} is ${state}">
<if>
<branch type="IF" condition="&quot;${second}&quot; == &quot;page&quot;">
<kw name="Wait For Elements State" owner="Browser">
<arg>${${string}_page}</arg>
<arg>${state}</arg>
<tag>PageContent</tag>
<tag>Wait</tag>
<doc>Waits for the element found by ``selector`` to satisfy state option.</doc>
<status status="NOT RUN" start="2024-11-26T12:47:38.642609" elapsed="0.000994"/>
</kw>
<status status="NOT RUN" start="2024-11-26T12:47:38.638602" elapsed="0.005001"/>
</branch>
<branch type="ELSE">
<kw name="Wait For Elements State" owner="Browser">
<msg time="2024-11-26T12:47:38.656133" level="INFO">Waited for Element with selector //a[@href="#jobs"] at state visible</msg>
<arg>${${string}_button}</arg>
<arg>${state}</arg>
<tag>PageContent</tag>
<tag>Wait</tag>
<doc>Waits for the element found by ``selector`` to satisfy state option.</doc>
<status status="PASS" start="2024-11-26T12:47:38.643603" elapsed="0.014553"/>
</kw>
<status status="PASS" start="2024-11-26T12:47:38.643603" elapsed="0.014553"/>
</branch>
<status status="PASS" start="2024-11-26T12:47:38.638602" elapsed="0.019554"/>
</if>
<status status="PASS" start="2024-11-26T12:47:38.636601" elapsed="0.022536"/>
</kw>
<kw name="And The user clicks on the jobOpenings button" source_name="The user clicks on the ${string} button">
<if>
<branch type="IF" condition="&quot;${string}&quot; == &quot;jobOpenings&quot;">
<kw name="Click" owner="Browser">
<msg time="2024-11-26T12:47:38.688134" level="INFO">Clicks the element '//a[@href="#jobs"]'.</msg>
<arg>${${string}_button}</arg>
<tag>PageContent</tag>
<tag>Setter</tag>
<doc>Simulates mouse click on the element found by ``selector``.</doc>
<status status="PASS" start="2024-11-26T12:47:38.687133" elapsed="0.123017"/>
</kw>
<status status="PASS" start="2024-11-26T12:47:38.686134" elapsed="0.125002"/>
</branch>
<branch type="ELSE">
<kw name="Click" owner="Browser">
<arg>${${string}_button}</arg>
<tag>PageContent</tag>
<tag>Setter</tag>
<doc>Simulates mouse click on the element found by ``selector``.</doc>
<status status="NOT RUN" start="2024-11-26T12:47:38.811136" elapsed="0.000000"/>
</kw>
<status status="NOT RUN" start="2024-11-26T12:47:38.811136" elapsed="0.001000"/>
</branch>
<status status="PASS" start="2024-11-26T12:47:38.686134" elapsed="0.126002"/>
</if>
<status status="PASS" start="2024-11-26T12:47:38.686134" elapsed="0.126002"/>
</kw>
<kw name="And The user verifies if jobOpenings page is visible" source_name="The user verifies if ${string} ${second} is ${state}">
<if>
<branch type="IF" condition="&quot;${second}&quot; == &quot;page&quot;">
<kw name="Wait For Elements State" owner="Browser">
<msg time="2024-11-26T12:47:38.855135" level="INFO">Waited for Element with selector //*[contains(text(),'Software Test Engineer')] at state visible</msg>
<arg>${${string}_page}</arg>
<arg>${state}</arg>
<tag>PageContent</tag>
<tag>Wait</tag>
<doc>Waits for the element found by ``selector`` to satisfy state option.</doc>
<status status="PASS" start="2024-11-26T12:47:38.844139" elapsed="0.013005"/>
</kw>
<status status="PASS" start="2024-11-26T12:47:38.843143" elapsed="0.015034"/>
</branch>
<branch type="ELSE">
<kw name="Wait For Elements State" owner="Browser">
<arg>${${string}_button}</arg>
<arg>${state}</arg>
<tag>PageContent</tag>
<tag>Wait</tag>
<doc>Waits for the element found by ``selector`` to satisfy state option.</doc>
<status status="NOT RUN" start="2024-11-26T12:47:38.859160" elapsed="0.000985"/>
</kw>
<status status="NOT RUN" start="2024-11-26T12:47:38.859160" elapsed="0.000985"/>
</branch>
<status status="PASS" start="2024-11-26T12:47:38.842143" elapsed="0.018002"/>
</if>
<status status="PASS" start="2024-11-26T12:47:38.837135" elapsed="0.023010"/>
</kw>
<kw name="And The user verifies if testEngineer button is visible" source_name="The user verifies if ${string} ${second} is ${state}">
<if>
<branch type="IF" condition="&quot;${second}&quot; == &quot;page&quot;">
<kw name="Wait For Elements State" owner="Browser">
<arg>${${string}_page}</arg>
<arg>${state}</arg>
<tag>PageContent</tag>
<tag>Wait</tag>
<doc>Waits for the element found by ``selector`` to satisfy state option.</doc>
<status status="NOT RUN" start="2024-11-26T12:47:38.886663" elapsed="0.000000"/>
</kw>
<status status="NOT RUN" start="2024-11-26T12:47:38.885663" elapsed="0.001000"/>
</branch>
<branch type="ELSE">
<kw name="Wait For Elements State" owner="Browser">
<msg time="2024-11-26T12:47:38.902661" level="INFO">Waited for Element with selector //*[contains(text(),'Software Test Engineer')] at state visible</msg>
<arg>${${string}_button}</arg>
<arg>${state}</arg>
<tag>PageContent</tag>
<tag>Wait</tag>
<doc>Waits for the element found by ``selector`` to satisfy state option.</doc>
<status status="PASS" start="2024-11-26T12:47:38.886663" elapsed="0.016998"/>
</kw>
<status status="PASS" start="2024-11-26T12:47:38.886663" elapsed="0.016998"/>
</branch>
<status status="PASS" start="2024-11-26T12:47:38.885663" elapsed="0.017998"/>
</if>
<status status="PASS" start="2024-11-26T12:47:38.885663" elapsed="0.017998"/>
</kw>
<kw name="And The user clicks on the testEngineer button" source_name="The user clicks on the ${string} button">
<if>
<branch type="IF" condition="&quot;${string}&quot; == &quot;jobOpenings&quot;">
<kw name="Click" owner="Browser">
<arg>${${string}_button}</arg>
<tag>PageContent</tag>
<tag>Setter</tag>
<doc>Simulates mouse click on the element found by ``selector``.</doc>
<status status="NOT RUN" start="2024-11-26T12:47:38.920666" elapsed="0.000000"/>
</kw>
<status status="NOT RUN" start="2024-11-26T12:47:38.919664" elapsed="0.001002"/>
</branch>
<branch type="ELSE">
<kw name="Click" owner="Browser">
<msg time="2024-11-26T12:47:38.922665" level="INFO">Clicks the element '//*[contains(text(),'Software Test Engineer')]'.</msg>
<arg>${${string}_button}</arg>
<tag>PageContent</tag>
<tag>Setter</tag>
<doc>Simulates mouse click on the element found by ``selector``.</doc>
<status status="PASS" start="2024-11-26T12:47:38.921665" elapsed="0.837444"/>
</kw>
<status status="PASS" start="2024-11-26T12:47:38.920666" elapsed="0.839447"/>
</branch>
<status status="PASS" start="2024-11-26T12:47:38.919664" elapsed="0.840449"/>
</if>
<status status="PASS" start="2024-11-26T12:47:38.919664" elapsed="0.840449"/>
</kw>
<status status="PASS" start="2024-11-26T12:47:32.616952" elapsed="7.149155"/>
</test>
<test id="s1-t3" name="Scenario 3:Navigate to Customer Support Service" line="111">
<kw name="Given A browser has been opened">
<kw name="New Browser" owner="Browser">
<msg time="2024-11-26T12:47:40.358192" level="INFO">Switching browser to browser=41f6741a-0664-46f0-8795-b3c2a1c85808</msg>
<msg time="2024-11-26T12:47:40.361195" level="INFO">Successfully changed active browser: browser=41f6741a-0664-46f0-8795-b3c2a1c85808</msg>
<msg time="2024-11-26T12:47:40.361195" level="INFO">Reusing existing browser with id: browser=41f6741a-0664-46f0-8795-b3c2a1c85808</msg>
<arg>chromium</arg>
<arg>headless=False</arg>
<tag>BrowserControl</tag>
<tag>Setter</tag>
<doc>Create a new playwright Browser with specified options.</doc>
<status status="PASS" start="2024-11-26T12:47:40.357199" elapsed="0.003996"/>
</kw>
<kw name="New Page" owner="Browser">
<msg time="2024-11-26T12:47:42.116572" level="INFO">Successfully initialized new page object and opened url: https://www.swiss-as.com</msg>
<msg time="2024-11-26T12:47:42.117569" level="INFO">No context was open. New context was automatically opened when this page is created.</msg>
<arg>${URL}</arg>
<tag>BrowserControl</tag>
<tag>Setter</tag>
<doc>Open a new Page.</doc>
<status status="PASS" start="2024-11-26T12:47:40.362194" elapsed="1.755375"/>
</kw>
<kw name="Go To" owner="Browser">
<msg time="2024-11-26T12:47:42.264137" level="INFO">Successfully opened URL https://www.swiss-as.com</msg>
<arg>${URL}</arg>
<tag>BrowserControl</tag>
<tag>Setter</tag>
<doc>Navigates to the given ``url``.</doc>
<status status="PASS" start="2024-11-26T12:47:42.117569" elapsed="0.147569"/>
</kw>
<kw name="Wait For Load State" owner="Browser">
<msg time="2024-11-26T12:47:42.265138" level="INFO">Waiting page load to state to receive load in 10000.0</msg>
<msg time="2024-11-26T12:47:42.271660" level="INFO">Load state load got in 10000</msg>
<arg>state=load</arg>
<tag>PageContent</tag>
<tag>Wait</tag>
<doc>Waits that the page reaches the required load state.</doc>
<status status="PASS" start="2024-11-26T12:47:42.265138" elapsed="0.008527"/>
</kw>
<status status="PASS" start="2024-11-26T12:47:40.357199" elapsed="1.918474"/>
</kw>
<kw name="When The user navigates to the Swiss Aviation Software page">
<kw name="New Browser" owner="Browser">
<msg time="2024-11-26T12:47:42.296705" level="INFO">Switching browser to browser=41f6741a-0664-46f0-8795-b3c2a1c85808</msg>
<msg time="2024-11-26T12:47:42.301718" level="INFO">Successfully changed active browser: browser=41f6741a-0664-46f0-8795-b3c2a1c85808</msg>
<msg time="2024-11-26T12:47:42.301718" level="INFO">Reusing existing browser with id: browser=41f6741a-0664-46f0-8795-b3c2a1c85808</msg>
<arg>chromium</arg>
<arg>headless=False</arg>
<tag>BrowserControl</tag>
<tag>Setter</tag>
<doc>Create a new playwright Browser with specified options.</doc>
<status status="PASS" start="2024-11-26T12:47:42.296195" elapsed="0.006523"/>
</kw>
<kw name="New Page" owner="Browser">
<msg time="2024-11-26T12:47:42.919481" level="INFO">Successfully initialized new page object and opened url: https://www.swiss-as.com</msg>
<arg>${URL}</arg>
<tag>BrowserControl</tag>
<tag>Setter</tag>
<doc>Open a new Page.</doc>
<status status="PASS" start="2024-11-26T12:47:42.302718" elapsed="0.616763"/>
</kw>
<status status="PASS" start="2024-11-26T12:47:42.295195" elapsed="0.625285"/>
</kw>
<kw name="And The user verifies if cookies button is visible" source_name="The user verifies if ${string} ${second} is ${state}">
<if>
<branch type="IF" condition="&quot;${second}&quot; == &quot;page&quot;">
<kw name="Wait For Elements State" owner="Browser">
<arg>${${string}_page}</arg>
<arg>${state}</arg>
<tag>PageContent</tag>
<tag>Wait</tag>
<doc>Waits for the element found by ``selector`` to satisfy state option.</doc>
<status status="NOT RUN" start="2024-11-26T12:47:42.952482" elapsed="0.000000"/>
</kw>
<status status="NOT RUN" start="2024-11-26T12:47:42.951480" elapsed="0.001002"/>
</branch>
<branch type="ELSE">
<kw name="Wait For Elements State" owner="Browser">
<msg time="2024-11-26T12:47:43.019007" level="INFO">Waited for Element with selector //button[contains(text(),'Accept all cookies')] at state visible</msg>
<arg>${${string}_button}</arg>
<arg>${state}</arg>
<tag>PageContent</tag>
<tag>Wait</tag>
<doc>Waits for the element found by ``selector`` to satisfy state option.</doc>
<status status="PASS" start="2024-11-26T12:47:42.953486" elapsed="0.066521"/>
</kw>
<status status="PASS" start="2024-11-26T12:47:42.953486" elapsed="0.066521"/>
</branch>
<status status="PASS" start="2024-11-26T12:47:42.951480" elapsed="0.068527"/>
</if>
<status status="PASS" start="2024-11-26T12:47:42.951480" elapsed="0.068527"/>
</kw>
<kw name="And The user clicks on the cookies button" source_name="The user clicks on the ${string} button">
<if>
<branch type="IF" condition="&quot;${string}&quot; == &quot;jobOpenings&quot;">
<kw name="Click" owner="Browser">
<arg>${${string}_button}</arg>
<tag>PageContent</tag>
<tag>Setter</tag>
<doc>Simulates mouse click on the element found by ``selector``.</doc>
<status status="NOT RUN" start="2024-11-26T12:47:43.027007" elapsed="0.000997"/>
</kw>
<status status="NOT RUN" start="2024-11-26T12:47:43.027007" elapsed="0.000997"/>
</branch>
<branch type="ELSE">
<kw name="Click" owner="Browser">
<msg time="2024-11-26T12:47:43.029006" level="INFO">Clicks the element '//button[contains(text(),'Accept all cookies')]'.</msg>
<arg>${${string}_button}</arg>
<tag>PageContent</tag>
<tag>Setter</tag>
<doc>Simulates mouse click on the element found by ``selector``.</doc>
<status status="PASS" start="2024-11-26T12:47:43.028004" elapsed="1.041711"/>
</kw>
<status status="PASS" start="2024-11-26T12:47:43.028004" elapsed="1.042713"/>
</branch>
<status status="PASS" start="2024-11-26T12:47:43.027007" elapsed="1.044707"/>
</if>
<status status="PASS" start="2024-11-26T12:47:43.027007" elapsed="1.044707"/>
</kw>
<kw name="And The user verifies if home page is visible" source_name="The user verifies if ${string} ${second} is ${state}">
<if>
<branch type="IF" condition="&quot;${second}&quot; == &quot;page&quot;">
<kw name="Wait For Elements State" owner="Browser">
<msg time="2024-11-26T12:47:44.104248" level="INFO">Waited for Element with selector .main-logo at state visible</msg>
<arg>${${string}_page}</arg>
<arg>${state}</arg>
<tag>PageContent</tag>
<tag>Wait</tag>
<doc>Waits for the element found by ``selector`` to satisfy state option.</doc>
<status status="PASS" start="2024-11-26T12:47:44.087733" elapsed="0.017517"/>
</kw>
<status status="PASS" start="2024-11-26T12:47:44.086728" elapsed="0.018522"/>
</branch>
<branch type="ELSE">
<kw name="Wait For Elements State" owner="Browser">
<arg>${${string}_button}</arg>
<arg>${state}</arg>
<tag>PageContent</tag>
<tag>Wait</tag>
<doc>Waits for the element found by ``selector`` to satisfy state option.</doc>
<status status="NOT RUN" start="2024-11-26T12:47:44.106248" elapsed="0.000000"/>
</kw>
<status status="NOT RUN" start="2024-11-26T12:47:44.106248" elapsed="0.000000"/>
</branch>
<status status="PASS" start="2024-11-26T12:47:44.086728" elapsed="0.020520"/>
</if>
<status status="PASS" start="2024-11-26T12:47:44.085729" elapsed="0.021519"/>
</kw>
<kw name="And The user verifies if services button is visible" source_name="The user verifies if ${string} ${second} is ${state}">
<if>
<branch type="IF" condition="&quot;${second}&quot; == &quot;page&quot;">
<kw name="Wait For Elements State" owner="Browser">
<arg>${${string}_page}</arg>
<arg>${state}</arg>
<tag>PageContent</tag>
<tag>Wait</tag>
<doc>Waits for the element found by ``selector`` to satisfy state option.</doc>
<status status="NOT RUN" start="2024-11-26T12:47:44.109250" elapsed="0.001001"/>
</kw>
<status status="NOT RUN" start="2024-11-26T12:47:44.109250" elapsed="0.001001"/>
</branch>
<branch type="ELSE">
<kw name="Wait For Elements State" owner="Browser">
<msg time="2024-11-26T12:47:44.118261" level="INFO">Waited for Element with selector //a[@href="/services"] at state visible</msg>
<arg>${${string}_button}</arg>
<arg>${state}</arg>
<tag>PageContent</tag>
<tag>Wait</tag>
<doc>Waits for the element found by ``selector`` to satisfy state option.</doc>
<status status="PASS" start="2024-11-26T12:47:44.110251" elapsed="0.009013"/>
</kw>
<status status="PASS" start="2024-11-26T12:47:44.110251" elapsed="0.009013"/>
</branch>
<status status="PASS" start="2024-11-26T12:47:44.109250" elapsed="0.010014"/>
</if>
<status status="PASS" start="2024-11-26T12:47:44.108248" elapsed="0.011016"/>
</kw>
<kw name="And The user clicks on the services button" source_name="The user clicks on the ${string} button">
<if>
<branch type="IF" condition="&quot;${string}&quot; == &quot;jobOpenings&quot;">
<kw name="Click" owner="Browser">
<arg>${${string}_button}</arg>
<tag>PageContent</tag>
<tag>Setter</tag>
<doc>Simulates mouse click on the element found by ``selector``.</doc>
<status status="NOT RUN" start="2024-11-26T12:47:44.121259" elapsed="0.001006"/>
</kw>
<status status="NOT RUN" start="2024-11-26T12:47:44.121259" elapsed="0.001006"/>
</branch>
<branch type="ELSE">
<kw name="Click" owner="Browser">
<msg time="2024-11-26T12:47:44.124264" level="INFO">Clicks the element '//a[@href="/services"]'.</msg>
<arg>${${string}_button}</arg>
<tag>PageContent</tag>
<tag>Setter</tag>
<doc>Simulates mouse click on the element found by ``selector``.</doc>
<status status="PASS" start="2024-11-26T12:47:44.123261" elapsed="0.191122"/>
</kw>
<status status="PASS" start="2024-11-26T12:47:44.122265" elapsed="0.193121"/>
</branch>
<status status="PASS" start="2024-11-26T12:47:44.121259" elapsed="0.194127"/>
</if>
<status status="PASS" start="2024-11-26T12:47:44.120259" elapsed="0.195127"/>
</kw>
<kw name="And The user scrolls element into view">
<kw name="Scroll To" owner="Browser">
<msg time="2024-11-26T12:47:44.351382" level="INFO">JavaScript executed successfully.</msg>
<msg time="2024-11-26T12:47:44.352398" level="INFO">JavaScript executed successfully.</msg>
<msg time="2024-11-26T12:47:44.368384" level="INFO">JavaScript executed successfully.</msg>
<msg time="2024-11-26T12:47:44.368384" level="INFO">JavaScript executed successfully.</msg>
<msg time="2024-11-26T12:47:44.392942" level="INFO">JavaScript executed successfully.</msg>
<arg>${string}</arg>
<tag>PageContent</tag>
<tag>Setter</tag>
<doc>Scrolls an element or the page to an absolute position based on given coordinates.</doc>
<status status="PASS" start="2024-11-26T12:47:44.330384" elapsed="0.064554"/>
</kw>
<status status="PASS" start="2024-11-26T12:47:44.330384" elapsed="0.064554"/>
</kw>
<kw name="And The user verifies if customerSupport button is visible" source_name="The user verifies if ${string} ${second} is ${state}">
<if>
<branch type="IF" condition="&quot;${second}&quot; == &quot;page&quot;">
<kw name="Wait For Elements State" owner="Browser">
<arg>${${string}_page}</arg>
<arg>${state}</arg>
<tag>PageContent</tag>
<tag>Wait</tag>
<doc>Waits for the element found by ``selector`` to satisfy state option.</doc>
<status status="NOT RUN" start="2024-11-26T12:47:44.416936" elapsed="0.000000"/>
</kw>
<status status="NOT RUN" start="2024-11-26T12:47:44.415942" elapsed="0.001994"/>
</branch>
<branch type="ELSE">
<kw name="Wait For Elements State" owner="Browser">
<msg time="2024-11-26T12:47:44.643998" level="INFO">Waited for Element with selector //a[@href="/services/customer-support" and contains(@class, "content-teaser-link")] at state visible</msg>
<arg>${${string}_button}</arg>
<arg>${state}</arg>
<tag>PageContent</tag>
<tag>Wait</tag>
<doc>Waits for the element found by ``selector`` to satisfy state option.</doc>
<status status="PASS" start="2024-11-26T12:47:44.417936" elapsed="0.226062"/>
</kw>
<status status="PASS" start="2024-11-26T12:47:44.417936" elapsed="0.227060"/>
</branch>
<status status="PASS" start="2024-11-26T12:47:44.415942" elapsed="0.229054"/>
</if>
<status status="PASS" start="2024-11-26T12:47:44.414932" elapsed="0.230064"/>
</kw>
<kw name="And The user clicks on the customerSupport button" source_name="The user clicks on the ${string} button">
<if>
<branch type="IF" condition="&quot;${string}&quot; == &quot;jobOpenings&quot;">
<kw name="Click" owner="Browser">
<arg>${${string}_button}</arg>
<tag>PageContent</tag>
<tag>Setter</tag>
<doc>Simulates mouse click on the element found by ``selector``.</doc>
<status status="NOT RUN" start="2024-11-26T12:47:44.646998" elapsed="0.000000"/>
</kw>
<status status="NOT RUN" start="2024-11-26T12:47:44.646998" elapsed="0.001000"/>
</branch>
<branch type="ELSE">
<kw name="Click" owner="Browser">
<msg time="2024-11-26T12:47:44.648998" level="INFO">Clicks the element '//a[@href="/services/customer-support" and contains(@class, "content-teaser-link")]'.</msg>
<arg>${${string}_button}</arg>
<tag>PageContent</tag>
<tag>Setter</tag>
<doc>Simulates mouse click on the element found by ``selector``.</doc>
<status status="PASS" start="2024-11-26T12:47:44.647998" elapsed="0.393465"/>
</kw>
<status status="PASS" start="2024-11-26T12:47:44.647998" elapsed="0.393465"/>
</branch>
<status status="PASS" start="2024-11-26T12:47:44.646998" elapsed="0.394465"/>
</if>
<status status="PASS" start="2024-11-26T12:47:44.645996" elapsed="0.396470"/>
</kw>
<kw name="And The user goes back to home page">
<kw name="Go Back" owner="Browser">
<msg time="2024-11-26T12:47:45.187472" level="INFO">Did Go Back</msg>
<tag>BrowserControl</tag>
<tag>Setter</tag>
<doc>Navigates to the previous page in history.</doc>
<status status="PASS" start="2024-11-26T12:47:45.044467" elapsed="0.143005"/>
</kw>
<status status="PASS" start="2024-11-26T12:47:45.044467" elapsed="0.144008"/>
</kw>
<status status="PASS" start="2024-11-26T12:47:40.346193" elapsed="4.866328"/>
</test>
<test id="s1-t4" name="Scenario 4: Navigate to Technical Advisory Service" line="124">
<kw name="Given A browser has been opened">
<kw name="New Browser" owner="Browser">
<msg time="2024-11-26T12:47:45.432186" level="INFO">Switching browser to browser=41f6741a-0664-46f0-8795-b3c2a1c85808</msg>
<msg time="2024-11-26T12:47:45.435183" level="INFO">Successfully changed active browser: browser=41f6741a-0664-46f0-8795-b3c2a1c85808</msg>
<msg time="2024-11-26T12:47:45.435183" level="INFO">Reusing existing browser with id: browser=41f6741a-0664-46f0-8795-b3c2a1c85808</msg>
<arg>chromium</arg>
<arg>headless=False</arg>
<tag>BrowserControl</tag>
<tag>Setter</tag>
<doc>Create a new playwright Browser with specified options.</doc>
<status status="PASS" start="2024-11-26T12:47:45.432186" elapsed="0.002997"/>
</kw>
<kw name="New Page" owner="Browser">
<msg time="2024-11-26T12:47:47.161686" level="INFO">Successfully initialized new page object and opened url: https://www.swiss-as.com</msg>
<msg time="2024-11-26T12:47:47.162682" level="INFO">No context was open. New context was automatically opened when this page is created.</msg>
<arg>${URL}</arg>
<tag>BrowserControl</tag>
<tag>Setter</tag>
<doc>Open a new Page.</doc>
<status status="PASS" start="2024-11-26T12:47:45.436201" elapsed="1.726481"/>
</kw>
<kw name="Go To" owner="Browser">
<msg time="2024-11-26T12:47:47.328746" level="INFO">Successfully opened URL https://www.swiss-as.com</msg>
<arg>${URL}</arg>
<tag>BrowserControl</tag>
<tag>Setter</tag>
<doc>Navigates to the given ``url``.</doc>
<status status="PASS" start="2024-11-26T12:47:47.162682" elapsed="0.167062"/>
</kw>
<kw name="Wait For Load State" owner="Browser">
<msg time="2024-11-26T12:47:47.330743" level="INFO">Waiting page load to state to receive load in 10000.0</msg>
<msg time="2024-11-26T12:47:47.334743" level="INFO">Load state load got in 10000</msg>
<arg>state=load</arg>
<tag>PageContent</tag>
<tag>Wait</tag>
<doc>Waits that the page reaches the required load state.</doc>
<status status="PASS" start="2024-11-26T12:47:47.329744" elapsed="0.006003"/>
</kw>
<status status="PASS" start="2024-11-26T12:47:45.431186" elapsed="1.904561"/>
</kw>
<kw name="When The user navigates to the Swiss Aviation Software page">
<kw name="New Browser" owner="Browser">
<msg time="2024-11-26T12:47:47.357773" level="INFO">Switching browser to browser=41f6741a-0664-46f0-8795-b3c2a1c85808</msg>
<msg time="2024-11-26T12:47:47.365745" level="INFO">Successfully changed active browser: browser=41f6741a-0664-46f0-8795-b3c2a1c85808</msg>
<msg time="2024-11-26T12:47:47.365745" level="INFO">Reusing existing browser with id: browser=41f6741a-0664-46f0-8795-b3c2a1c85808</msg>
<arg>chromium</arg>
<arg>headless=False</arg>
<tag>BrowserControl</tag>
<tag>Setter</tag>
<doc>Create a new playwright Browser with specified options.</doc>
<status status="PASS" start="2024-11-26T12:47:47.354742" elapsed="0.012004"/>
</kw>
<kw name="New Page" owner="Browser">
<msg time="2024-11-26T12:47:47.947433" level="INFO">Successfully initialized new page object and opened url: https://www.swiss-as.com</msg>
<arg>${URL}</arg>
<tag>BrowserControl</tag>
<tag>Setter</tag>
<doc>Open a new Page.</doc>
<status status="PASS" start="2024-11-26T12:47:47.367747" elapsed="0.580703"/>
</kw>
<status status="PASS" start="2024-11-26T12:47:47.353744" elapsed="0.594706"/>
</kw>
<kw name="And The user verifies if cookies button is visible" source_name="The user verifies if ${string} ${second} is ${state}">
<if>
<branch type="IF" condition="&quot;${second}&quot; == &quot;page&quot;">
<kw name="Wait For Elements State" owner="Browser">
<arg>${${string}_page}</arg>
<arg>${state}</arg>
<tag>PageContent</tag>
<tag>Wait</tag>
<doc>Waits for the element found by ``selector`` to satisfy state option.</doc>
<status status="NOT RUN" start="2024-11-26T12:47:47.969969" elapsed="0.000000"/>
</kw>
<status status="NOT RUN" start="2024-11-26T12:47:47.968970" elapsed="0.000999"/>
</branch>
<branch type="ELSE">
<kw name="Wait For Elements State" owner="Browser">
<msg time="2024-11-26T12:47:48.031496" level="INFO">Waited for Element with selector //button[contains(text(),'Accept all cookies')] at state visible</msg>
<arg>${${string}_button}</arg>
<arg>${state}</arg>
<tag>PageContent</tag>
<tag>Wait</tag>
<doc>Waits for the element found by ``selector`` to satisfy state option.</doc>
<status status="PASS" start="2024-11-26T12:47:47.969969" elapsed="0.061527"/>
</kw>
<status status="PASS" start="2024-11-26T12:47:47.969969" elapsed="0.061527"/>
</branch>
<status status="PASS" start="2024-11-26T12:47:47.968970" elapsed="0.062526"/>
</if>
<status status="PASS" start="2024-11-26T12:47:47.968970" elapsed="0.062526"/>
</kw>
<kw name="And The user clicks on the cookies button" source_name="The user clicks on the ${string} button">
<if>
<branch type="IF" condition="&quot;${string}&quot; == &quot;jobOpenings&quot;">
<kw name="Click" owner="Browser">
<arg>${${string}_button}</arg>
<tag>PageContent</tag>
<tag>Setter</tag>
<doc>Simulates mouse click on the element found by ``selector``.</doc>
<status status="NOT RUN" start="2024-11-26T12:47:48.033497" elapsed="0.001002"/>
</kw>
<status status="NOT RUN" start="2024-11-26T12:47:48.033497" elapsed="0.001002"/>
</branch>
<branch type="ELSE">
<kw name="Click" owner="Browser">
<msg time="2024-11-26T12:47:48.035496" level="INFO">Clicks the element '//button[contains(text(),'Accept all cookies')]'.</msg>
<arg>${${string}_button}</arg>
<tag>PageContent</tag>
<tag>Setter</tag>
<doc>Simulates mouse click on the element found by ``selector``.</doc>
<status status="PASS" start="2024-11-26T12:47:48.034499" elapsed="1.060795"/>
</kw>
<status status="PASS" start="2024-11-26T12:47:48.034499" elapsed="1.060795"/>
</branch>
<status status="PASS" start="2024-11-26T12:47:48.033497" elapsed="1.061797"/>
</if>
<status status="PASS" start="2024-11-26T12:47:48.032496" elapsed="1.062798"/>
</kw>
<kw name="And The user verifies if home page is visible" source_name="The user verifies if ${string} ${second} is ${state}">
<if>
<branch type="IF" condition="&quot;${second}&quot; == &quot;page&quot;">
<kw name="Wait For Elements State" owner="Browser">
<msg time="2024-11-26T12:47:49.114827" level="INFO">Waited for Element with selector .main-logo at state visible</msg>
<arg>${${string}_page}</arg>
<arg>${state}</arg>
<tag>PageContent</tag>
<tag>Wait</tag>
<doc>Waits for the element found by ``selector`` to satisfy state option.</doc>
<status status="PASS" start="2024-11-26T12:47:49.098299" elapsed="0.016528"/>
</kw>
<status status="PASS" start="2024-11-26T12:47:49.097297" elapsed="0.017530"/>
</branch>
<branch type="ELSE">
<kw name="Wait For Elements State" owner="Browser">
<arg>${${string}_button}</arg>
<arg>${state}</arg>
<tag>PageContent</tag>
<tag>Wait</tag>
<doc>Waits for the element found by ``selector`` to satisfy state option.</doc>
<status status="NOT RUN" start="2024-11-26T12:47:49.115829" elapsed="0.000000"/>
</kw>
<status status="NOT RUN" start="2024-11-26T12:47:49.115829" elapsed="0.000000"/>
</branch>
<status status="PASS" start="2024-11-26T12:47:49.097297" elapsed="0.018532"/>
</if>
<status status="PASS" start="2024-11-26T12:47:49.097297" elapsed="0.019534"/>
</kw>
<kw name="And The user verifies if services button is visible" source_name="The user verifies if ${string} ${second} is ${state}">
<if>
<branch type="IF" condition="&quot;${second}&quot; == &quot;page&quot;">
<kw name="Wait For Elements State" owner="Browser">
<arg>${${string}_page}</arg>
<arg>${state}</arg>
<tag>PageContent</tag>
<tag>Wait</tag>
<doc>Waits for the element found by ``selector`` to satisfy state option.</doc>
<status status="NOT RUN" start="2024-11-26T12:47:49.118830" elapsed="0.000000"/>
</kw>
<status status="NOT RUN" start="2024-11-26T12:47:49.118830" elapsed="0.000000"/>
</branch>
<branch type="ELSE">
<kw name="Wait For Elements State" owner="Browser">
<msg time="2024-11-26T12:47:49.128829" level="INFO">Waited for Element with selector //a[@href="/services"] at state visible</msg>
<arg>${${string}_button}</arg>
<arg>${state}</arg>
<tag>PageContent</tag>
<tag>Wait</tag>
<doc>Waits for the element found by ``selector`` to satisfy state option.</doc>
<status status="PASS" start="2024-11-26T12:47:49.119829" elapsed="0.009000"/>
</kw>
<status status="PASS" start="2024-11-26T12:47:49.118830" elapsed="0.010999"/>
</branch>
<status status="PASS" start="2024-11-26T12:47:49.118830" elapsed="0.010999"/>
</if>
<status status="PASS" start="2024-11-26T12:47:49.117830" elapsed="0.011999"/>
</kw>
<kw name="And The user clicks on the services button" source_name="The user clicks on the ${string} button">
<if>
<branch type="IF" condition="&quot;${string}&quot; == &quot;jobOpenings&quot;">
<kw name="Click" owner="Browser">
<arg>${${string}_button}</arg>
<tag>PageContent</tag>
<tag>Setter</tag>
<doc>Simulates mouse click on the element found by ``selector``.</doc>
<status status="NOT RUN" start="2024-11-26T12:47:49.132827" elapsed="0.000000"/>
</kw>
<status status="NOT RUN" start="2024-11-26T12:47:49.132827" elapsed="0.000000"/>
</branch>
<branch type="ELSE">
<kw name="Click" owner="Browser">
<msg time="2024-11-26T12:47:49.133829" level="INFO">Clicks the element '//a[@href="/services"]'.</msg>
<arg>${${string}_button}</arg>
<tag>PageContent</tag>
<tag>Setter</tag>
<doc>Simulates mouse click on the element found by ``selector``.</doc>
<status status="PASS" start="2024-11-26T12:47:49.133829" elapsed="0.181590"/>
</kw>
<status status="PASS" start="2024-11-26T12:47:49.132827" elapsed="0.182592"/>
</branch>
<status status="PASS" start="2024-11-26T12:47:49.132827" elapsed="0.182592"/>
</if>
<status status="PASS" start="2024-11-26T12:47:49.131830" elapsed="0.183589"/>
</kw>
<kw name="And The user scrolls element into view">
<kw name="Scroll To" owner="Browser">
<msg time="2024-11-26T12:47:49.334417" level="INFO">JavaScript executed successfully.</msg>
<msg time="2024-11-26T12:47:49.334417" level="INFO">JavaScript executed successfully.</msg>
<msg time="2024-11-26T12:47:49.351421" level="INFO">JavaScript executed successfully.</msg>
<msg time="2024-11-26T12:47:49.351421" level="INFO">JavaScript executed successfully.</msg>
<msg time="2024-11-26T12:47:49.359417" level="INFO">JavaScript executed successfully.</msg>
<arg>${string}</arg>
<tag>PageContent</tag>
<tag>Setter</tag>
<doc>Scrolls an element or the page to an absolute position based on given coordinates.</doc>
<status status="PASS" start="2024-11-26T12:47:49.318429" elapsed="0.040988"/>
</kw>
<status status="PASS" start="2024-11-26T12:47:49.318429" elapsed="0.040988"/>
</kw>
<kw name="And The user verifies if technicalAdvisory button is visible" source_name="The user verifies if ${string} ${second} is ${state}">
<if>
<branch type="IF" condition="&quot;${second}&quot; == &quot;page&quot;">
<kw name="Wait For Elements State" owner="Browser">
<arg>${${string}_page}</arg>
<arg>${state}</arg>
<tag>PageContent</tag>
<tag>Wait</tag>
<doc>Waits for the element found by ``selector`` to satisfy state option.</doc>
<status status="NOT RUN" start="2024-11-26T12:47:49.416420" elapsed="0.000000"/>
</kw>
<status status="NOT RUN" start="2024-11-26T12:47:49.416420" elapsed="0.000997"/>
</branch>
<branch type="ELSE">
<kw name="Wait For Elements State" owner="Browser">
<msg time="2024-11-26T12:47:49.655096" level="INFO">Waited for Element with selector //a[@href="/services/technical-advisory" and contains(@class, "content-teaser-link")] at state visible</msg>
<arg>${${string}_button}</arg>
<arg>${state}</arg>
<tag>PageContent</tag>
<tag>Wait</tag>
<doc>Waits for the element found by ``selector`` to satisfy state option.</doc>
<status status="PASS" start="2024-11-26T12:47:49.434428" elapsed="0.220668"/>
</kw>
<status status="PASS" start="2024-11-26T12:47:49.419418" elapsed="0.236677"/>
</branch>
<status status="PASS" start="2024-11-26T12:47:49.416420" elapsed="0.240674"/>
</if>
<status status="PASS" start="2024-11-26T12:47:49.414421" elapsed="0.242673"/>
</kw>
<kw name="And The user clicks on the technicalAdvisory button" source_name="The user clicks on the ${string} button">
<if>
<branch type="IF" condition="&quot;${string}&quot; == &quot;jobOpenings&quot;">
<kw name="Click" owner="Browser">
<arg>${${string}_button}</arg>
<tag>PageContent</tag>
<tag>Setter</tag>
<doc>Simulates mouse click on the element found by ``selector``.</doc>
<status status="NOT RUN" start="2024-11-26T12:47:49.670098" elapsed="0.000000"/>
</kw>
<status status="NOT RUN" start="2024-11-26T12:47:49.669097" elapsed="0.001001"/>
</branch>
<branch type="ELSE">
<kw name="Click" owner="Browser">
<msg time="2024-11-26T12:47:49.671097" level="INFO">Clicks the element '//a[@href="/services/technical-advisory" and contains(@class, "content-teaser-link")]'.</msg>
<arg>${${string}_button}</arg>
<tag>PageContent</tag>
<tag>Setter</tag>
<doc>Simulates mouse click on the element found by ``selector``.</doc>
<status status="PASS" start="2024-11-26T12:47:49.670098" elapsed="0.204468"/>
</kw>
<status status="PASS" start="2024-11-26T12:47:49.670098" elapsed="0.204468"/>
</branch>
<status status="PASS" start="2024-11-26T12:47:49.669097" elapsed="0.206458"/>
</if>
<status status="PASS" start="2024-11-26T12:47:49.669097" elapsed="0.206458"/>
</kw>
<kw name="And The user goes back to home page">
<kw name="Go Back" owner="Browser">
<msg time="2024-11-26T12:47:50.245776" level="INFO">Did Go Back</msg>
<tag>BrowserControl</tag>
<tag>Setter</tag>
<doc>Navigates to the previous page in history.</doc>
<status status="PASS" start="2024-11-26T12:47:50.076117" elapsed="0.169659"/>
</kw>
<status status="PASS" start="2024-11-26T12:47:50.076117" elapsed="0.169659"/>
</kw>
<status status="PASS" start="2024-11-26T12:47:45.421186" elapsed="4.844593"/>
</test>
<test id="s1-t5" name="Scenario 5: Navigate to Project Management Service" line="137">
<kw name="Given A browser has been opened">
<kw name="New Browser" owner="Browser">
<msg time="2024-11-26T12:47:50.468841" level="INFO">Switching browser to browser=41f6741a-0664-46f0-8795-b3c2a1c85808</msg>
<msg time="2024-11-26T12:47:50.470842" level="INFO">Successfully changed active browser: browser=41f6741a-0664-46f0-8795-b3c2a1c85808</msg>
<msg time="2024-11-26T12:47:50.471840" level="INFO">Reusing existing browser with id: browser=41f6741a-0664-46f0-8795-b3c2a1c85808</msg>
<arg>chromium</arg>
<arg>headless=False</arg>
<tag>BrowserControl</tag>
<tag>Setter</tag>
<doc>Create a new playwright Browser with specified options.</doc>
<status status="PASS" start="2024-11-26T12:47:50.467838" elapsed="0.004002"/>
</kw>
<kw name="New Page" owner="Browser">
<msg time="2024-11-26T12:47:52.055038" level="INFO">Successfully initialized new page object and opened url: https://www.swiss-as.com</msg>
<msg time="2024-11-26T12:47:52.055038" level="INFO">No context was open. New context was automatically opened when this page is created.</msg>
<arg>${URL}</arg>
<tag>BrowserControl</tag>
<tag>Setter</tag>
<doc>Open a new Page.</doc>
<status status="PASS" start="2024-11-26T12:47:50.471840" elapsed="1.584202"/>
</kw>
<kw name="Go To" owner="Browser">
<msg time="2024-11-26T12:47:52.182582" level="INFO">Successfully opened URL https://www.swiss-as.com</msg>
<arg>${URL}</arg>
<tag>BrowserControl</tag>
<tag>Setter</tag>
<doc>Navigates to the given ``url``.</doc>
<status status="PASS" start="2024-11-26T12:47:52.057040" elapsed="0.126542"/>
</kw>
<kw name="Wait For Load State" owner="Browser">
<msg time="2024-11-26T12:47:52.184582" level="INFO">Waiting page load to state to receive load in 10000.0</msg>
<msg time="2024-11-26T12:47:52.189581" level="INFO">Load state load got in 10000</msg>
<arg>state=load</arg>
<tag>PageContent</tag>
<tag>Wait</tag>
<doc>Waits that the page reaches the required load state.</doc>
<status status="PASS" start="2024-11-26T12:47:52.183582" elapsed="0.007003"/>
</kw>
<status status="PASS" start="2024-11-26T12:47:50.467838" elapsed="1.722747"/>
</kw>
<kw name="When The user navigates to the Swiss Aviation Software page">
<kw name="New Browser" owner="Browser">
<msg time="2024-11-26T12:47:52.203644" level="INFO">Switching browser to browser=41f6741a-0664-46f0-8795-b3c2a1c85808</msg>
<msg time="2024-11-26T12:47:52.214189" level="INFO">Successfully changed active browser: browser=41f6741a-0664-46f0-8795-b3c2a1c85808</msg>
<msg time="2024-11-26T12:47:52.214189" level="INFO">Reusing existing browser with id: browser=41f6741a-0664-46f0-8795-b3c2a1c85808</msg>
<arg>chromium</arg>
<arg>headless=False</arg>
<tag>BrowserControl</tag>
<tag>Setter</tag>
<doc>Create a new playwright Browser with specified options.</doc>
<status status="PASS" start="2024-11-26T12:47:52.202641" elapsed="0.011548"/>
</kw>
<kw name="New Page" owner="Browser">
<msg time="2024-11-26T12:47:52.782287" level="INFO">Successfully initialized new page object and opened url: https://www.swiss-as.com</msg>
<arg>${URL}</arg>
<tag>BrowserControl</tag>
<tag>Setter</tag>
<doc>Open a new Page.</doc>
<status status="PASS" start="2024-11-26T12:47:52.215192" elapsed="0.567095"/>
</kw>
<status status="PASS" start="2024-11-26T12:47:52.202641" elapsed="0.579646"/>
</kw>
<kw name="And The user verifies if cookies button is visible" source_name="The user verifies if ${string} ${second} is ${state}">
<if>
<branch type="IF" condition="&quot;${second}&quot; == &quot;page&quot;">
<kw name="Wait For Elements State" owner="Browser">
<arg>${${string}_page}</arg>
<arg>${state}</arg>
<tag>PageContent</tag>
<tag>Wait</tag>
<doc>Waits for the element found by ``selector`` to satisfy state option.</doc>
<status status="NOT RUN" start="2024-11-26T12:47:52.784285" elapsed="0.000000"/>
</kw>
<status status="NOT RUN" start="2024-11-26T12:47:52.783286" elapsed="0.002005"/>
</branch>
<branch type="ELSE">
<kw name="Wait For Elements State" owner="Browser">
<msg time="2024-11-26T12:47:52.859824" level="INFO">Waited for Element with selector //button[contains(text(),'Accept all cookies')] at state visible</msg>
<arg>${${string}_button}</arg>
<arg>${state}</arg>
<tag>PageContent</tag>
<tag>Wait</tag>
<doc>Waits for the element found by ``selector`` to satisfy state option.</doc>
<status status="PASS" start="2024-11-26T12:47:52.785291" elapsed="0.075537"/>
</kw>
<status status="PASS" start="2024-11-26T12:47:52.785291" elapsed="0.075537"/>
</branch>
<status status="PASS" start="2024-11-26T12:47:52.783286" elapsed="0.077542"/>
</if>
<status status="PASS" start="2024-11-26T12:47:52.783286" elapsed="0.077542"/>
</kw>
<kw name="And The user clicks on the cookies button" source_name="The user clicks on the ${string} button">
<if>
<branch type="IF" condition="&quot;${string}&quot; == &quot;jobOpenings&quot;">
<kw name="Click" owner="Browser">
<arg>${${string}_button}</arg>
<tag>PageContent</tag>
<tag>Setter</tag>
<doc>Simulates mouse click on the element found by ``selector``.</doc>
<status status="NOT RUN" start="2024-11-26T12:47:52.865825" elapsed="0.000000"/>
</kw>
<status status="NOT RUN" start="2024-11-26T12:47:52.865825" elapsed="0.000000"/>
</branch>
<branch type="ELSE">
<kw name="Click" owner="Browser">
<msg time="2024-11-26T12:47:52.866826" level="INFO">Clicks the element '//button[contains(text(),'Accept all cookies')]'.</msg>
<arg>${${string}_button}</arg>
<tag>PageContent</tag>
<tag>Setter</tag>
<doc>Simulates mouse click on the element found by ``selector``.</doc>
<status status="PASS" start="2024-11-26T12:47:52.866826" elapsed="1.015618"/>
</kw>
<status status="PASS" start="2024-11-26T12:47:52.865825" elapsed="1.016619"/>
</branch>
<status status="PASS" start="2024-11-26T12:47:52.865825" elapsed="1.016619"/>
</if>
<status status="PASS" start="2024-11-26T12:47:52.864823" elapsed="1.017621"/>
</kw>
<kw name="And The user verifies if home page is visible" source_name="The user verifies if ${string} ${second} is ${state}">
<if>
<branch type="IF" condition="&quot;${second}&quot; == &quot;page&quot;">
<kw name="Wait For Elements State" owner="Browser">
<msg time="2024-11-26T12:47:53.901444" level="INFO">Waited for Element with selector .main-logo at state visible</msg>
<arg>${${string}_page}</arg>
<arg>${state}</arg>
<tag>PageContent</tag>
<tag>Wait</tag>
<doc>Waits for the element found by ``selector`` to satisfy state option.</doc>
<status status="PASS" start="2024-11-26T12:47:53.885445" elapsed="0.016997"/>
</kw>
<status status="PASS" start="2024-11-26T12:47:53.885445" elapsed="0.016997"/>
</branch>
<branch type="ELSE">
<kw name="Wait For Elements State" owner="Browser">
<arg>${${string}_button}</arg>
<arg>${state}</arg>
<tag>PageContent</tag>
<tag>Wait</tag>
<doc>Waits for the element found by ``selector`` to satisfy state option.</doc>
<status status="NOT RUN" start="2024-11-26T12:47:53.903441" elapsed="0.000000"/>
</kw>
<status status="NOT RUN" start="2024-11-26T12:47:53.902442" elapsed="0.000999"/>
</branch>
<status status="PASS" start="2024-11-26T12:47:53.885445" elapsed="0.017996"/>
</if>
<status status="PASS" start="2024-11-26T12:47:53.884445" elapsed="0.018996"/>
</kw>
<kw name="And The user verifies if services button is visible" source_name="The user verifies if ${string} ${second} is ${state}">
<if>
<branch type="IF" condition="&quot;${second}&quot; == &quot;page&quot;">
<kw name="Wait For Elements State" owner="Browser">
<arg>${${string}_page}</arg>
<arg>${state}</arg>
<tag>PageContent</tag>
<tag>Wait</tag>
<doc>Waits for the element found by ``selector`` to satisfy state option.</doc>
<status status="NOT RUN" start="2024-11-26T12:47:53.914457" elapsed="0.000000"/>
</kw>
<status status="NOT RUN" start="2024-11-26T12:47:53.914457" elapsed="0.000000"/>
</branch>
<branch type="ELSE">
<kw name="Wait For Elements State" owner="Browser">
<msg time="2024-11-26T12:47:53.924441" level="INFO">Waited for Element with selector //a[@href="/services"] at state visible</msg>
<arg>${${string}_button}</arg>
<arg>${state}</arg>
<tag>PageContent</tag>
<tag>Wait</tag>
<doc>Waits for the element found by ``selector`` to satisfy state option.</doc>
<status status="PASS" start="2024-11-26T12:47:53.915438" elapsed="0.009003"/>
</kw>
<status status="PASS" start="2024-11-26T12:47:53.914457" elapsed="0.009984"/>
</branch>
<status status="PASS" start="2024-11-26T12:47:53.914457" elapsed="0.009984"/>
</if>
<status status="PASS" start="2024-11-26T12:47:53.913447" elapsed="0.011996"/>
</kw>
<kw name="And The user clicks on the services button" source_name="The user clicks on the ${string} button">
<if>
<branch type="IF" condition="&quot;${string}&quot; == &quot;jobOpenings&quot;">
<kw name="Click" owner="Browser">
<arg>${${string}_button}</arg>
<tag>PageContent</tag>
<tag>Setter</tag>
<doc>Simulates mouse click on the element found by ``selector``.</doc>
<status status="NOT RUN" start="2024-11-26T12:47:53.927441" elapsed="0.000000"/>
</kw>
<status status="NOT RUN" start="2024-11-26T12:47:53.927441" elapsed="0.001006"/>
</branch>
<branch type="ELSE">
<kw name="Click" owner="Browser">
<msg time="2024-11-26T12:47:53.929438" level="INFO">Clicks the element '//a[@href="/services"]'.</msg>
<arg>${${string}_button}</arg>
<tag>PageContent</tag>
<tag>Setter</tag>
<doc>Simulates mouse click on the element found by ``selector``.</doc>
<status status="PASS" start="2024-11-26T12:47:53.928447" elapsed="1.086949"/>
</kw>
<status status="PASS" start="2024-11-26T12:47:53.928447" elapsed="1.086949"/>
</branch>
<status status="PASS" start="2024-11-26T12:47:53.927441" elapsed="1.087955"/>
</if>
<status status="PASS" start="2024-11-26T12:47:53.926439" elapsed="1.088957"/>
</kw>
<kw name="And The user scrolls element into view">
<kw name="Scroll To" owner="Browser">
<msg time="2024-11-26T12:47:55.035404" level="INFO">JavaScript executed successfully.</msg>
<msg time="2024-11-26T12:47:55.035404" level="INFO">JavaScript executed successfully.</msg>
<msg time="2024-11-26T12:47:55.046405" level="INFO">JavaScript executed successfully.</msg>
<msg time="2024-11-26T12:47:55.046405" level="INFO">JavaScript executed successfully.</msg>
<msg time="2024-11-26T12:47:55.051925" level="INFO">JavaScript executed successfully.</msg>
<arg>${string}</arg>
<tag>PageContent</tag>
<tag>Setter</tag>
<doc>Scrolls an element or the page to an absolute position based on given coordinates.</doc>
<status status="PASS" start="2024-11-26T12:47:55.017396" elapsed="0.034529"/>
</kw>
<status status="PASS" start="2024-11-26T12:47:55.017396" elapsed="0.035531"/>
</kw>
<kw name="And The user verifies if projectManagement button is visible" source_name="The user verifies if ${string} ${second} is ${state}">
<if>
<branch type="IF" condition="&quot;${second}&quot; == &quot;page&quot;">
<kw name="Wait For Elements State" owner="Browser">
<arg>${${string}_page}</arg>
<arg>${state}</arg>
<tag>PageContent</tag>
<tag>Wait</tag>
<doc>Waits for the element found by ``selector`` to satisfy state option.</doc>
<status status="NOT RUN" start="2024-11-26T12:47:55.286464" elapsed="0.000000"/>
</kw>
<status status="NOT RUN" start="2024-11-26T12:47:55.286464" elapsed="0.000991"/>
</branch>
<branch type="ELSE">
<kw name="Wait For Elements State" owner="Browser">
<msg time="2024-11-26T12:47:55.419533" level="INFO">Waited for Element with selector //a[@href="/services/project-management" and contains(@class, "content-teaser-link")] at state visible</msg>
<arg>${${string}_button}</arg>
<arg>${state}</arg>
<tag>PageContent</tag>
<tag>Wait</tag>
<doc>Waits for the element found by ``selector`` to satisfy state option.</doc>
<status status="PASS" start="2024-11-26T12:47:55.288457" elapsed="0.132075"/>
</kw>
<status status="PASS" start="2024-11-26T12:47:55.287455" elapsed="0.137094"/>
</branch>
<status status="PASS" start="2024-11-26T12:47:55.285458" elapsed="0.141078"/>
</if>
<status status="PASS" start="2024-11-26T12:47:55.284456" elapsed="0.142080"/>
</kw>
<kw name="And The user clicks on the projectManagement button" source_name="The user clicks on the ${string} button">
<if>
<branch type="IF" condition="&quot;${string}&quot; == &quot;jobOpenings&quot;">
<kw name="Click" owner="Browser">
<arg>${${string}_button}</arg>
<tag>PageContent</tag>
<tag>Setter</tag>
<doc>Simulates mouse click on the element found by ``selector``.</doc>
<status status="NOT RUN" start="2024-11-26T12:47:55.430533" elapsed="0.000000"/>
</kw>
<status status="NOT RUN" start="2024-11-26T12:47:55.430533" elapsed="0.000000"/>
</branch>
<branch type="ELSE">
<kw name="Click" owner="Browser">
<msg time="2024-11-26T12:47:55.432537" level="INFO">Clicks the element '//a[@href="/services/project-management" and contains(@class, "content-teaser-link")]'.</msg>
<arg>${${string}_button}</arg>
<tag>PageContent</tag>
<tag>Setter</tag>
<doc>Simulates mouse click on the element found by ``selector``.</doc>
<status status="PASS" start="2024-11-26T12:47:55.431532" elapsed="0.345781"/>
</kw>
<status status="PASS" start="2024-11-26T12:47:55.431532" elapsed="0.345781"/>
</branch>
<status status="PASS" start="2024-11-26T12:47:55.430533" elapsed="0.346780"/>
</if>
<status status="PASS" start="2024-11-26T12:47:55.429533" elapsed="0.347780"/>
</kw>
<kw name="And The user goes back to home page">
<kw name="Go Back" owner="Browser">
<msg time="2024-11-26T12:47:55.913838" level="INFO">Did Go Back</msg>
<tag>BrowserControl</tag>
<tag>Setter</tag>
<doc>Navigates to the previous page in history.</doc>
<status status="PASS" start="2024-11-26T12:47:55.778311" elapsed="0.135527"/>
</kw>
<status status="PASS" start="2024-11-26T12:47:55.778311" elapsed="0.136528"/>
</kw>
<status status="PASS" start="2024-11-26T12:47:50.463839" elapsed="5.451000"/>
</test>
<test id="s1-t6" name="Scenario 6: Navigate to Business Consulting Service" line="150">
<kw name="Given A browser has been opened">
<kw name="New Browser" owner="Browser">
<msg time="2024-11-26T12:47:56.110447" level="INFO">Switching browser to browser=41f6741a-0664-46f0-8795-b3c2a1c85808</msg>
<msg time="2024-11-26T12:47:56.117449" level="INFO">Successfully changed active browser: browser=41f6741a-0664-46f0-8795-b3c2a1c85808</msg>
<msg time="2024-11-26T12:47:56.117449" level="INFO">Reusing existing browser with id: browser=41f6741a-0664-46f0-8795-b3c2a1c85808</msg>
<arg>chromium</arg>
<arg>headless=False</arg>
<tag>BrowserControl</tag>
<tag>Setter</tag>
<doc>Create a new playwright Browser with specified options.</doc>
<status status="PASS" start="2024-11-26T12:47:56.109451" elapsed="0.007998"/>
</kw>
<kw name="New Page" owner="Browser">
<msg time="2024-11-26T12:47:58.364350" level="INFO">Successfully initialized new page object and opened url: https://www.swiss-as.com</msg>
<msg time="2024-11-26T12:47:58.364350" level="INFO">No context was open. New context was automatically opened when this page is created.</msg>
<arg>${URL}</arg>
<tag>BrowserControl</tag>
<tag>Setter</tag>
<doc>Open a new Page.</doc>
<status status="PASS" start="2024-11-26T12:47:56.118444" elapsed="2.246906"/>
</kw>
<kw name="Go To" owner="Browser">
<msg time="2024-11-26T12:47:58.519883" level="INFO">Successfully opened URL https://www.swiss-as.com</msg>
<arg>${URL}</arg>
<tag>BrowserControl</tag>
<tag>Setter</tag>
<doc>Navigates to the given ``url``.</doc>
<status status="PASS" start="2024-11-26T12:47:58.365350" elapsed="0.154533"/>
</kw>
<kw name="Wait For Load State" owner="Browser">
<msg time="2024-11-26T12:47:58.520882" level="INFO">Waiting page load to state to receive load in 10000.0</msg>
<msg time="2024-11-26T12:47:58.526885" level="INFO">Load state load got in 10000</msg>
<arg>state=load</arg>
<tag>PageContent</tag>
<tag>Wait</tag>
<doc>Waits that the page reaches the required load state.</doc>
<status status="PASS" start="2024-11-26T12:47:58.519883" elapsed="0.007002"/>
</kw>
<status status="PASS" start="2024-11-26T12:47:56.109451" elapsed="2.418432"/>
</kw>
<kw name="When The user navigates to the Swiss Aviation Software page">
<kw name="New Browser" owner="Browser">
<msg time="2024-11-26T12:47:58.530882" level="INFO">Switching browser to browser=41f6741a-0664-46f0-8795-b3c2a1c85808</msg>
<msg time="2024-11-26T12:47:58.534883" level="INFO">Successfully changed active browser: browser=41f6741a-0664-46f0-8795-b3c2a1c85808</msg>
[...]
<msg time="2024-11-26T12:49:54.548494" level="INFO">No context was open. New context was automatically opened when this page is created.</msg>
<arg>${URL}</arg>
<tag>BrowserControl</tag>
<tag>Setter</tag>
<doc>Open a new Page.</doc>
<status status="PASS" start="2024-11-26T12:49:52.901856" elapsed="1.647602"/>
</kw>
<kw name="Go To" owner="Browser">
<msg time="2024-11-26T12:49:54.681523" level="INFO">Successfully opened URL https://www.swiss-as.com</msg>
<arg>${URL}</arg>
<tag>BrowserControl</tag>
<tag>Setter</tag>
<doc>Navigates to the given ``url``.</doc>
<status status="PASS" start="2024-11-26T12:49:54.550457" elapsed="0.131066"/>
</kw>
<kw name="Wait For Load State" owner="Browser">
<msg time="2024-11-26T12:49:54.684522" level="INFO">Waiting page load to state to receive load in 10000.0</msg>
<msg time="2024-11-26T12:49:54.694524" level="INFO">Load state load got in 10000</msg>
<arg>state=load</arg>
<tag>PageContent</tag>
<tag>Wait</tag>
<doc>Waits that the page reaches the required load state.</doc>
<status status="PASS" start="2024-11-26T12:49:54.682526" elapsed="0.011998"/>
</kw>
<status status="PASS" start="2024-11-26T12:49:52.896856" elapsed="1.797668"/>
</kw>
<kw name="When The user navigates to the Swiss Aviation Software page">
<kw name="New Browser" owner="Browser">
<msg time="2024-11-26T12:49:54.698526" level="INFO">Switching browser to browser=41f6741a-0664-46f0-8795-b3c2a1c85808</msg>
<msg time="2024-11-26T12:49:54.712527" level="INFO">Successfully changed active browser: browser=41f6741a-0664-46f0-8795-b3c2a1c85808</msg>
<msg time="2024-11-26T12:49:54.713525" level="INFO">Reusing existing browser with id: browser=41f6741a-0664-46f0-8795-b3c2a1c85808</msg>
<arg>chromium</arg>
<arg>headless=False</arg>
<tag>BrowserControl</tag>
<tag>Setter</tag>
<doc>Create a new playwright Browser with specified options.</doc>
<status status="PASS" start="2024-11-26T12:49:54.697525" elapsed="0.016000"/>
</kw>
<kw name="New Page" owner="Browser">
<msg time="2024-11-26T12:49:55.312710" level="INFO">Successfully initialized new page object and opened url: https://www.swiss-as.com</msg>
<arg>${URL}</arg>
<tag>BrowserControl</tag>
<tag>Setter</tag>
<doc>Open a new Page.</doc>
<status status="PASS" start="2024-11-26T12:49:54.713525" elapsed="0.600186"/>
</kw>
<status status="PASS" start="2024-11-26T12:49:54.696526" elapsed="0.617185"/>
</kw>
<kw name="And The user verifies if cookies button is visible" source_name="The user verifies if ${string} ${second} is ${state}">
<if>
<branch type="IF" condition="&quot;${second}&quot; == &quot;page&quot;">
<kw name="Wait For Elements State" owner="Browser">
<arg>${${string}_page}</arg>
<arg>${state}</arg>
<tag>PageContent</tag>
<tag>Wait</tag>
<doc>Waits for the element found by ``selector`` to satisfy state option.</doc>
<status status="NOT RUN" start="2024-11-26T12:49:55.315710" elapsed="0.000000"/>
</kw>
<status status="NOT RUN" start="2024-11-26T12:49:55.315710" elapsed="0.000999"/>
</branch>
<branch type="ELSE">
<kw name="Wait For Elements State" owner="Browser">
<msg time="2024-11-26T12:49:55.399240" level="INFO">Waited for Element with selector //button[contains(text(),'Accept all cookies')] at state visible</msg>
<arg>${${string}_button}</arg>
<arg>${state}</arg>
<tag>PageContent</tag>
<tag>Wait</tag>
<doc>Waits for the element found by ``selector`` to satisfy state option.</doc>
<status status="PASS" start="2024-11-26T12:49:55.316709" elapsed="0.082531"/>
</kw>
<status status="PASS" start="2024-11-26T12:49:55.316709" elapsed="0.083530"/>
</branch>
<status status="PASS" start="2024-11-26T12:49:55.315710" elapsed="0.084529"/>
</if>
<status status="PASS" start="2024-11-26T12:49:55.314710" elapsed="0.085529"/>
</kw>
<kw name="And The user clicks on the cookies button" source_name="The user clicks on the ${string} button">
<if>
<branch type="IF" condition="&quot;${string}&quot; == &quot;jobOpenings&quot;">
<kw name="Click" owner="Browser">
<arg>${${string}_button}</arg>
<tag>PageContent</tag>
<tag>Setter</tag>
<doc>Simulates mouse click on the element found by ``selector``.</doc>
<status status="NOT RUN" start="2024-11-26T12:49:55.514381" elapsed="0.000000"/>
</kw>
<status status="NOT RUN" start="2024-11-26T12:49:55.514381" elapsed="0.001000"/>
</branch>
<branch type="ELSE">
<kw name="Click" owner="Browser">
<msg time="2024-11-26T12:49:55.516381" level="INFO">Clicks the element '//button[contains(text(),'Accept all cookies')]'.</msg>
<arg>${${string}_button}</arg>
<tag>PageContent</tag>
<tag>Setter</tag>
<doc>Simulates mouse click on the element found by ``selector``.</doc>
<status status="PASS" start="2024-11-26T12:49:55.515381" elapsed="1.067976"/>
</kw>
<status status="PASS" start="2024-11-26T12:49:55.515381" elapsed="1.067976"/>
</branch>
<status status="PASS" start="2024-11-26T12:49:55.514381" elapsed="1.068976"/>
</if>
<status status="PASS" start="2024-11-26T12:49:55.513385" elapsed="1.070971"/>
</kw>
<kw name="And The user verifies if home page is visible" source_name="The user verifies if ${string} ${second} is ${state}">
<if>
<branch type="IF" condition="&quot;${second}&quot; == &quot;page&quot;">
<kw name="Wait For Elements State" owner="Browser">
<msg time="2024-11-26T12:49:56.601352" level="INFO">Waited for Element with selector .main-logo at state visible</msg>
<arg>${${string}_page}</arg>
<arg>${state}</arg>
<tag>PageContent</tag>
<tag>Wait</tag>
<doc>Waits for the element found by ``selector`` to satisfy state option.</doc>
<status status="PASS" start="2024-11-26T12:49:56.586352" elapsed="0.015998"/>
</kw>
<status status="PASS" start="2024-11-26T12:49:56.586352" elapsed="0.015998"/>
</branch>
<branch type="ELSE">
<kw name="Wait For Elements State" owner="Browser">
<arg>${${string}_button}</arg>
<arg>${state}</arg>
<tag>PageContent</tag>
<tag>Wait</tag>
<doc>Waits for the element found by ``selector`` to satisfy state option.</doc>
<status status="NOT RUN" start="2024-11-26T12:49:56.603353" elapsed="0.000000"/>
</kw>
<status status="NOT RUN" start="2024-11-26T12:49:56.602350" elapsed="0.001003"/>
</branch>
<status status="PASS" start="2024-11-26T12:49:56.586352" elapsed="0.017001"/>
</if>
<status status="PASS" start="2024-11-26T12:49:56.585358" elapsed="0.017995"/>
</kw>
<kw name="And The user scrolls element into view">
<kw name="Scroll To" owner="Browser">
<msg time="2024-11-26T12:49:56.622353" level="INFO">JavaScript executed successfully.</msg>
<msg time="2024-11-26T12:49:56.623350" level="INFO">JavaScript executed successfully.</msg>
<msg time="2024-11-26T12:49:56.633352" level="INFO">JavaScript executed successfully.</msg>
<msg time="2024-11-26T12:49:56.634350" level="INFO">JavaScript executed successfully.</msg>
<msg time="2024-11-26T12:49:56.640366" level="INFO">JavaScript executed successfully.</msg>
<arg>${string}</arg>
<tag>PageContent</tag>
<tag>Setter</tag>
<doc>Scrolls an element or the page to an absolute position based on given coordinates.</doc>
<status status="PASS" start="2024-11-26T12:49:56.610351" elapsed="0.031002"/>
</kw>
<status status="PASS" start="2024-11-26T12:49:56.609350" elapsed="0.032003"/>
</kw>
<kw name="And The user verifies if customers button is visible" source_name="The user verifies if ${string} ${second} is ${state}">
<if>
<branch type="IF" condition="&quot;${second}&quot; == &quot;page&quot;">
<kw name="Wait For Elements State" owner="Browser">
<arg>${${string}_page}</arg>
<arg>${state}</arg>
<tag>PageContent</tag>
<tag>Wait</tag>
<doc>Waits for the element found by ``selector`` to satisfy state option.</doc>
<status status="NOT RUN" start="2024-11-26T12:49:56.648351" elapsed="0.000000"/>
</kw>
<status status="NOT RUN" start="2024-11-26T12:49:56.647351" elapsed="0.001000"/>
</branch>
<branch type="ELSE">
<kw name="Wait For Elements State" owner="Browser">
<msg time="2024-11-26T12:49:56.659352" level="INFO">Waited for Element with selector //a[@href="/customers"] at state visible</msg>
<arg>${${string}_button}</arg>
<arg>${state}</arg>
<tag>PageContent</tag>
<tag>Wait</tag>
<doc>Waits for the element found by ``selector`` to satisfy state option.</doc>
<status status="PASS" start="2024-11-26T12:49:56.648351" elapsed="0.012004"/>
</kw>
<status status="PASS" start="2024-11-26T12:49:56.648351" elapsed="0.012004"/>
</branch>
<status status="PASS" start="2024-11-26T12:49:56.647351" elapsed="0.013004"/>
</if>
<status status="PASS" start="2024-11-26T12:49:56.647351" elapsed="0.014001"/>
</kw>
<kw name="And the user clicks on the customers button" source_name="The user clicks on the ${string} button">
<if>
<branch type="IF" condition="&quot;${string}&quot; == &quot;jobOpenings&quot;">
<kw name="Click" owner="Browser">
<arg>${${string}_button}</arg>
<tag>PageContent</tag>
<tag>Setter</tag>
<doc>Simulates mouse click on the element found by ``selector``.</doc>
<status status="NOT RUN" start="2024-11-26T12:49:56.664351" elapsed="0.000000"/>
</kw>
<status status="NOT RUN" start="2024-11-26T12:49:56.664351" elapsed="0.000998"/>
</branch>
<branch type="ELSE">
<kw name="Click" owner="Browser">
<msg time="2024-11-26T12:49:56.666347" level="INFO">Clicks the element '//a[@href="/customers"]'.</msg>
<arg>${${string}_button}</arg>
<tag>PageContent</tag>
<tag>Setter</tag>
<doc>Simulates mouse click on the element found by ``selector``.</doc>
<status status="PASS" start="2024-11-26T12:49:56.665349" elapsed="0.184936"/>
</kw>
<status status="PASS" start="2024-11-26T12:49:56.665349" elapsed="0.185927"/>
</branch>
<status status="PASS" start="2024-11-26T12:49:56.664351" elapsed="0.186925"/>
</if>
<status status="PASS" start="2024-11-26T12:49:56.663348" elapsed="0.187928"/>
</kw>
<status status="PASS" start="2024-11-26T12:49:52.893855" elapsed="3.958419"/>
</test>
<test id="s1-t30" name="Scenario 22: Make API calls" line="437">
<kw name="Given A browser has been opened">
<kw name="New Browser" owner="Browser">
<msg time="2024-11-26T12:49:57.036327" level="INFO">Switching browser to browser=41f6741a-0664-46f0-8795-b3c2a1c85808</msg>
<msg time="2024-11-26T12:49:57.039346" level="INFO">Successfully changed active browser: browser=41f6741a-0664-46f0-8795-b3c2a1c85808</msg>
<msg time="2024-11-26T12:49:57.039346" level="INFO">Reusing existing browser with id: browser=41f6741a-0664-46f0-8795-b3c2a1c85808</msg>
<arg>chromium</arg>
<arg>headless=False</arg>
<tag>BrowserControl</tag>
<tag>Setter</tag>
<doc>Create a new playwright Browser with specified options.</doc>
<status status="PASS" start="2024-11-26T12:49:57.034816" elapsed="0.005524"/>
</kw>
<kw name="New Page" owner="Browser">
<msg time="2024-11-26T12:49:58.700752" level="INFO">Successfully initialized new page object and opened url: https://www.swiss-as.com</msg>
<msg time="2024-11-26T12:49:58.700752" level="INFO">No context was open. New context was automatically opened when this page is created.</msg>
<arg>${URL}</arg>
<tag>BrowserControl</tag>
<tag>Setter</tag>
<doc>Open a new Page.</doc>
<status status="PASS" start="2024-11-26T12:49:57.040340" elapsed="1.661412"/>
</kw>
<kw name="Go To" owner="Browser">
<msg time="2024-11-26T12:49:58.837285" level="INFO">Successfully opened URL https://www.swiss-as.com</msg>
<arg>${URL}</arg>
<tag>BrowserControl</tag>
<tag>Setter</tag>
<doc>Navigates to the given ``url``.</doc>
<status status="PASS" start="2024-11-26T12:49:58.701752" elapsed="0.136532"/>
</kw>
<kw name="Wait For Load State" owner="Browser">
<msg time="2024-11-26T12:49:58.839290" level="INFO">Waiting page load to state to receive load in 10000.0</msg>
<msg time="2024-11-26T12:49:58.845286" level="INFO">Load state load got in 10000</msg>
<arg>state=load</arg>
<tag>PageContent</tag>
<tag>Wait</tag>
<doc>Waits that the page reaches the required load state.</doc>
<status status="PASS" start="2024-11-26T12:49:58.838284" elapsed="0.007999"/>
</kw>
<status status="PASS" start="2024-11-26T12:49:57.034816" elapsed="1.811467"/>
</kw>
<kw name="When The user navigates to the Swiss Aviation Software page">
<kw name="New Browser" owner="Browser">
<msg time="2024-11-26T12:49:58.869864" level="INFO">Switching browser to browser=41f6741a-0664-46f0-8795-b3c2a1c85808</msg>
<msg time="2024-11-26T12:49:58.875864" level="INFO">Successfully changed active browser: browser=41f6741a-0664-46f0-8795-b3c2a1c85808</msg>
<msg time="2024-11-26T12:49:58.876871" level="INFO">Reusing existing browser with id: browser=41f6741a-0664-46f0-8795-b3c2a1c85808</msg>
<arg>chromium</arg>
<arg>headless=False</arg>
<tag>BrowserControl</tag>
<tag>Setter</tag>
<doc>Create a new playwright Browser with specified options.</doc>
<status status="PASS" start="2024-11-26T12:49:58.868868" elapsed="0.008003"/>
</kw>
<kw name="New Page" owner="Browser">
<msg time="2024-11-26T12:49:59.432576" level="INFO">Successfully initialized new page object and opened url: https://www.swiss-as.com</msg>
<arg>${URL}</arg>
<tag>BrowserControl</tag>
<tag>Setter</tag>
<doc>Open a new Page.</doc>
<status status="PASS" start="2024-11-26T12:49:58.877865" elapsed="0.554711"/>
</kw>
<status status="PASS" start="2024-11-26T12:49:58.867845" elapsed="0.565732"/>
</kw>
<kw name="And The user verifies if cookies button is visible" source_name="The user verifies if ${string} ${second} is ${state}">
<if>
<branch type="IF" condition="&quot;${second}&quot; == &quot;page&quot;">
<kw name="Wait For Elements State" owner="Browser">
<arg>${${string}_page}</arg>
<arg>${state}</arg>
<tag>PageContent</tag>
<tag>Wait</tag>
<doc>Waits for the element found by ``selector`` to satisfy state option.</doc>
<status status="NOT RUN" start="2024-11-26T12:49:59.453575" elapsed="0.000998"/>
</kw>
<status status="NOT RUN" start="2024-11-26T12:49:59.453575" elapsed="0.000998"/>
</branch>
<branch type="ELSE">
<kw name="Wait For Elements State" owner="Browser">
<msg time="2024-11-26T12:49:59.570632" level="INFO">Waited for Element with selector //button[contains(text(),'Accept all cookies')] at state visible</msg>
<arg>${${string}_button}</arg>
<arg>${state}</arg>
<tag>PageContent</tag>
<tag>Wait</tag>
<doc>Waits for the element found by ``selector`` to satisfy state option.</doc>
<status status="PASS" start="2024-11-26T12:49:59.455583" elapsed="0.116058"/>
</kw>
<status status="PASS" start="2024-11-26T12:49:59.454573" elapsed="0.118059"/>
</branch>
<status status="PASS" start="2024-11-26T12:49:59.453575" elapsed="0.120063"/>
</if>
<status status="PASS" start="2024-11-26T12:49:59.453575" elapsed="0.121067"/>
</kw>
<kw name="And The user clicks on the cookies button" source_name="The user clicks on the ${string} button">
<if>
<branch type="IF" condition="&quot;${string}&quot; == &quot;jobOpenings&quot;">
<kw name="Click" owner="Browser">
<arg>${${string}_button}</arg>
<tag>PageContent</tag>
<tag>Setter</tag>
<doc>Simulates mouse click on the element found by ``selector``.</doc>
<status status="NOT RUN" start="2024-11-26T12:49:59.594634" elapsed="0.000000"/>
</kw>
<status status="NOT RUN" start="2024-11-26T12:49:59.593637" elapsed="0.000997"/>
</branch>
<branch type="ELSE">
<kw name="Click" owner="Browser">
<msg time="2024-11-26T12:49:59.595633" level="INFO">Clicks the element '//button[contains(text(),'Accept all cookies')]'.</msg>
<arg>${${string}_button}</arg>
<tag>PageContent</tag>
<tag>Setter</tag>
<doc>Simulates mouse click on the element found by ``selector``.</doc>
<status status="PASS" start="2024-11-26T12:49:59.594634" elapsed="1.002765"/>
</kw>
<status status="PASS" start="2024-11-26T12:49:59.594634" elapsed="1.003801"/>
</branch>
<status status="PASS" start="2024-11-26T12:49:59.593637" elapsed="1.004798"/>
</if>
<status status="PASS" start="2024-11-26T12:49:59.592631" elapsed="1.005804"/>
</kw>
<kw name="And The user verifies if home page is visible" source_name="The user verifies if ${string} ${second} is ${state}">
<if>
<branch type="IF" condition="&quot;${second}&quot; == &quot;page&quot;">
<kw name="Wait For Elements State" owner="Browser">
<msg time="2024-11-26T12:50:00.611398" level="INFO">Waited for Element with selector .main-logo at state visible</msg>
<arg>${${string}_page}</arg>
<arg>${state}</arg>
<tag>PageContent</tag>
<tag>Wait</tag>
<doc>Waits for the element found by ``selector`` to satisfy state option.</doc>
<status status="PASS" start="2024-11-26T12:50:00.600397" elapsed="0.012032"/>
</kw>
<status status="PASS" start="2024-11-26T12:50:00.599398" elapsed="0.013031"/>
</branch>
<branch type="ELSE">
<kw name="Wait For Elements State" owner="Browser">
<arg>${${string}_button}</arg>
<arg>${state}</arg>
<tag>PageContent</tag>
<tag>Wait</tag>
<doc>Waits for the element found by ``selector`` to satisfy state option.</doc>
<status status="NOT RUN" start="2024-11-26T12:50:00.612429" elapsed="0.000000"/>
</kw>
<status status="NOT RUN" start="2024-11-26T12:50:00.612429" elapsed="0.000000"/>
</branch>
<status status="PASS" start="2024-11-26T12:50:00.599398" elapsed="0.013031"/>
</if>
<status status="PASS" start="2024-11-26T12:50:00.599398" elapsed="0.014046"/>
</kw>
<kw name="And The user makes calls to the API">
<kw name="Create Session" owner="RequestsLibrary">
<msg time="2024-11-26T12:50:00.614398" level="INFO">Creating Session using : alias=swiss_as, url=https://www.swiss-as.com, headers={},                     cookies={}, auth=None, timeout=None, proxies=None, verify=False,                     debug=0 </msg>
<arg>swiss_as</arg>
<arg>https://www.swiss-as.com</arg>
<doc>Create Session: create a HTTP session to a server</doc>
<status status="PASS" start="2024-11-26T12:50:00.614398" elapsed="0.001001"/>
</kw>
<kw name="POST On Session" owner="RequestsLibrary">
<msg time="2024-11-26T12:50:01.625817" level="INFO">POST Request : url=https://www.swiss-as.com/core/modules/statistics/statistics.php 
 path_url=/core/modules/statistics/statistics.php 
 headers={'User-Agent': 'python-requests/2.32.3', 'Accept-Encoding': 'gzip, deflate', 'Accept': '*/*', 'Connection': 'keep-alive', 'Content-Length': '0'} 
 body=None 
 </msg>
<msg time="2024-11-26T12:50:01.626332" level="INFO">POST Response : url=https://www.swiss-as.com/core/modules/statistics/statistics.php 
 status=200, reason=OK 
 headers={'Server': 'nginx', 'Date': 'Tue, 26 Nov 2024 11:49:59 GMT', 'Content-Type': 'text/html; charset=UTF-8', 'Transfer-Encoding': 'chunked', 'Connection': 'keep-alive', 'Strict-Transport-Security': 'max-age=31536000; includeSubDomains', 'X-XSS-Protection': '1; mode=block'} 
 body=None 
 </msg>
<msg time="2024-11-26T12:50:01.626332" level="INFO">C:\Users\Gebruiker\AppData\Local\Programs\Python\Python312\Lib\site-packages\urllib3\connectionpool.py:1099: InsecureRequestWarning: Unverified HTTPS request is being made to host 'www.swiss-as.com'. Adding certificate verification is strongly advised. See: https://urllib3.readthedocs.io/en/latest/advanced-usage.html#tls-warnings
  warnings.warn(</msg>
<msg time="2024-11-26T12:50:01.627342" level="INFO">${response} = &lt;Response [200]&gt;</msg>
<var>${response}</var>
<arg>swiss_as</arg>
<arg>/core/modules/statistics/statistics.php</arg>
<doc>Sends a POST request on a previously created HTTP Session.</doc>
<status status="PASS" start="2024-11-26T12:50:00.615399" elapsed="1.011943"/>
</kw>
<kw name="Should Be Equal As Strings" owner="BuiltIn">
<msg time="2024-11-26T12:50:01.629342" level="INFO">Argument types are:
&lt;class 'int'&gt;
&lt;class 'str'&gt;</msg>
<arg>${response.status_code}</arg>
<arg>200</arg>
<doc>Fails if objects are unequal after converting them to strings.</doc>
<status status="PASS" start="2024-11-26T12:50:01.628342" elapsed="0.001000"/>
</kw>
<status status="PASS" start="2024-11-26T12:50:00.614398" elapsed="1.014944"/>
</kw>
<status status="PASS" start="2024-11-26T12:49:57.031811" elapsed="4.598532"/>
</test>
<status status="PASS" start="2024-11-26T12:47:23.485329" elapsed="158.307629"/>
</suite>
<statistics>
<total>
<stat pass="30" fail="0" skip="0">All Tests</stat>
</total>
<tag>
</tag>
<suite>
<stat pass="30" fail="0" skip="0" id="s1" name="swissAviationSoftware">swissAviationSoftware</stat>
</suite>
</statistics>
<errors>
</errors>
</robot>
