<?xml version="1.0" encoding="UTF-8"?>
<robot generator="Robot 7.1.1 (Python 3.12.6 on win32)" generated="2024-11-28T11:14:53.086570" rpa="false" schemaversion="5">
<suite id="s1" name="swissAviationSoftware" source="c:\git\blueconic_demo\swissAviationSoftware.robot">
<test id="s1-t1" name="Scenario 25: Make Get Image API call" line="473">
<kw name="Given A browser has been opened">
<kw name="New Browser" owner="Browser">
<msg time="2024-11-28T11:14:54.244299" level="INFO">{"browser": "chromium", "headless": false, "chromiumSandbox": false, "devtools": false, "handleSIGHUP": true, "handleSIGINT": true, "handleSIGTERM": true, "slowMo": 0.0, "timeout": 30000.0, "tracesDir": "C:\\git\\blueconic_demo\\browser\\traces\\baf0b553-f235-4a71-9c61-48dff9990247"}</msg>
<msg time="2024-11-28T11:14:54.309266" level="INFO">Starting Browser process C:\Users\Gebruiker\AppData\Local\Programs\Python\Python312\Lib\site-packages\Browser\wrapper\index.js using port 50858</msg>
<msg time="2024-11-28T11:14:54.309266" level="INFO">Node startup parameters: ['node', 'C:\\Users\\Gebruiker\\AppData\\Local\\Programs\\Python\\Python312\\Lib\\site-packages\\Browser\\wrapper\\index.js', '50858']</msg>
<msg time="2024-11-28T11:14:56.461519" level="INFO">Successfully created browser with options: {"browser":"chromium","headless":false,"chromiumSandbox":false,"devtools":false,"handleSIGHUP":true,"handleSIGINT":true,"handleSIGTERM":true,"slowMo":0,"timeout":30000,"tracesDir":"C:\\git\\blueconic_demo\\browser\\traces\\baf0b553-f235-4a71-9c61-48dff9990247"}</msg>
<arg>chromium</arg>
<arg>headless=False</arg>
<tag>BrowserControl</tag>
<tag>Setter</tag>
<doc>Create a new playwright Browser with specified options.</doc>
<status status="PASS" start="2024-11-28T11:14:54.243264" elapsed="2.218255"/>
</kw>
<kw name="New Page" owner="Browser">
<msg time="2024-11-28T11:15:02.405900" level="INFO">Successfully initialized new page object and opened url: https://www.swiss-as.com</msg>
<msg time="2024-11-28T11:15:02.406891" level="INFO">No context was open. New context was automatically opened when this page is created.</msg>
<arg>${URL}</arg>
<tag>BrowserControl</tag>
<tag>Setter</tag>
<doc>Open a new Page.</doc>
<status status="PASS" start="2024-11-28T11:14:56.461519" elapsed="5.946364"/>
</kw>
<kw name="Go To" owner="Browser">
<msg time="2024-11-28T11:15:02.694181" level="INFO">Successfully opened URL https://www.swiss-as.com</msg>
<arg>${URL}</arg>
<tag>BrowserControl</tag>
<tag>Setter</tag>
<doc>Navigates to the given ``url``.</doc>
<status status="PASS" start="2024-11-28T11:15:02.407883" elapsed="0.286298"/>
</kw>
<kw name="Wait For Load State" owner="Browser">
<msg time="2024-11-28T11:15:02.695180" level="INFO">Waiting page load to state to receive load in 10000.0</msg>
<msg time="2024-11-28T11:15:02.708181" level="INFO">Load state load got in 10000</msg>
<arg>state=load</arg>
<tag>PageContent</tag>
<tag>Wait</tag>
<doc>Waits that the page reaches the required load state.</doc>
<status status="PASS" start="2024-11-28T11:15:02.695180" elapsed="0.013001"/>
</kw>
<status status="PASS" start="2024-11-28T11:14:54.242265" elapsed="8.465916"/>
</kw>
<kw name="When The user navigates to the Swiss Aviation Software page">
<kw name="New Browser" owner="Browser">
<msg time="2024-11-28T11:15:02.723185" level="INFO">Switching browser to browser=6d3331f7-c5bb-4e90-aad2-2444f7a63ded</msg>
<msg time="2024-11-28T11:15:02.729190" level="INFO">Successfully changed active browser: browser=6d3331f7-c5bb-4e90-aad2-2444f7a63ded</msg>
<msg time="2024-11-28T11:15:02.730183" level="INFO">Reusing existing browser with id: browser=6d3331f7-c5bb-4e90-aad2-2444f7a63ded</msg>
<arg>chromium</arg>
<arg>headless=False</arg>
<tag>BrowserControl</tag>
<tag>Setter</tag>
<doc>Create a new playwright Browser with specified options.</doc>
<status status="PASS" start="2024-11-28T11:15:02.721190" elapsed="0.008993"/>
</kw>
<kw name="New Page" owner="Browser">
<msg time="2024-11-28T11:15:03.308697" level="INFO">Successfully initialized new page object and opened url: https://www.swiss-as.com</msg>
<arg>${URL}</arg>
<tag>BrowserControl</tag>
<tag>Setter</tag>
<doc>Open a new Page.</doc>
<status status="PASS" start="2024-11-28T11:15:02.731181" elapsed="0.577516"/>
</kw>
<status status="PASS" start="2024-11-28T11:15:02.718181" elapsed="0.591518"/>
</kw>
<kw name="And The user verifies if cookies button is visible" source_name="The user verifies if ${string} ${second} is ${state}">
<if>
<branch type="IF" condition="&quot;${second}&quot; == &quot;page&quot;">
<kw name="Wait For Elements State" owner="Browser">
<arg>${${string}_page}</arg>
<arg>${state}</arg>
<tag>PageContent</tag>
<tag>Wait</tag>
<doc>Waits for the element found by ``selector`` to satisfy state option.</doc>
<status status="NOT RUN" start="2024-11-28T11:15:03.324710" elapsed="0.000000"/>
</kw>
<status status="NOT RUN" start="2024-11-28T11:15:03.324710" elapsed="0.000000"/>
</branch>
<branch type="ELSE">
<kw name="Wait For Elements State" owner="Browser">
<msg time="2024-11-28T11:15:03.396230" level="INFO">Waited for Element with selector //button[contains(text(),'Accept all cookies')] at state visible</msg>
<arg>${${string}_button}</arg>
<arg>${state}</arg>
<tag>PageContent</tag>
<tag>Wait</tag>
<doc>Waits for the element found by ``selector`` to satisfy state option.</doc>
<status status="PASS" start="2024-11-28T11:15:03.325711" elapsed="0.071520"/>
</kw>
<status status="PASS" start="2024-11-28T11:15:03.325711" elapsed="0.071520"/>
</branch>
<status status="PASS" start="2024-11-28T11:15:03.324710" elapsed="0.072521"/>
</if>
<status status="PASS" start="2024-11-28T11:15:03.323710" elapsed="0.073521"/>
</kw>
<kw name="And The user clicks on the cookies button" source_name="The user clicks on the ${string} button">
<if>
<branch type="IF" condition="&quot;${string}&quot; == &quot;jobOpenings&quot;">
<kw name="Click" owner="Browser">
<arg>${${string}_button}</arg>
<tag>PageContent</tag>
<tag>Setter</tag>
<doc>Simulates mouse click on the element found by ``selector``.</doc>
<status status="NOT RUN" start="2024-11-28T11:15:03.409230" elapsed="0.000000"/>
</kw>
<status status="NOT RUN" start="2024-11-28T11:15:03.408229" elapsed="0.001001"/>
</branch>
<branch type="ELSE">
<kw name="Click" owner="Browser">
<msg time="2024-11-28T11:15:03.410233" level="INFO">Clicks the element '//button[contains(text(),'Accept all cookies')]'.</msg>
<arg>${${string}_button}</arg>
<tag>PageContent</tag>
<tag>Setter</tag>
<doc>Simulates mouse click on the element found by ``selector``.</doc>
<status status="PASS" start="2024-11-28T11:15:03.409230" elapsed="1.066420"/>
</kw>
<status status="PASS" start="2024-11-28T11:15:03.409230" elapsed="1.066420"/>
</branch>
<status status="PASS" start="2024-11-28T11:15:03.408229" elapsed="1.067421"/>
</if>
<status status="PASS" start="2024-11-28T11:15:03.408229" elapsed="1.067421"/>
</kw>
<kw name="And The user verifies if home page is visible" source_name="The user verifies if ${string} ${second} is ${state}">
<if>
<branch type="IF" condition="&quot;${second}&quot; == &quot;page&quot;">
<kw name="Wait For Elements State" owner="Browser">
<msg time="2024-11-28T11:15:04.493856" level="INFO">Waited for Element with selector .main-logo at state visible</msg>
<arg>${${string}_page}</arg>
<arg>${state}</arg>
<tag>PageContent</tag>
<tag>Wait</tag>
<doc>Waits for the element found by ``selector`` to satisfy state option.</doc>
<status status="PASS" start="2024-11-28T11:15:04.477651" elapsed="0.016205"/>
</kw>
<status status="PASS" start="2024-11-28T11:15:04.477651" elapsed="0.017237"/>
</branch>
<branch type="ELSE">
<kw name="Wait For Elements State" owner="Browser">
<arg>${${string}_button}</arg>
<arg>${state}</arg>
<tag>PageContent</tag>
<tag>Wait</tag>
<doc>Waits for the element found by ``selector`` to satisfy state option.</doc>
<status status="NOT RUN" start="2024-11-28T11:15:04.494888" elapsed="0.000000"/>
</kw>
<status status="NOT RUN" start="2024-11-28T11:15:04.494888" elapsed="0.000000"/>
</branch>
<status status="PASS" start="2024-11-28T11:15:04.477651" elapsed="0.017237"/>
</if>
<status status="PASS" start="2024-11-28T11:15:04.476651" elapsed="0.019208"/>
</kw>
<kw name="And The user makes Get image API call">
<kw name="Create Session" owner="RequestsLibrary">
<msg time="2024-11-28T11:15:04.496855" level="INFO">Creating Session using : alias=swiss_as, url=https://www.swiss-as.com, headers={},                     cookies={}, auth=None, timeout=None, proxies=None, verify=False,                     debug=0 </msg>
<arg>swiss_as</arg>
<arg>https://www.swiss-as.com</arg>
<doc>Create Session: create a HTTP session to a server</doc>
<status status="PASS" start="2024-11-28T11:15:04.496855" elapsed="0.001004"/>
</kw>
<kw name="GET On Session" owner="RequestsLibrary">
<msg time="2024-11-28T11:15:04.719250" level="INFO">GET Request : url=https://www.swiss-as.com/sites/default/files/styles/tile_third/public/tiles/2017/10/Exhibition_booth.jpg?itok=4zywGFP- 
 path_url=/sites/default/files/styles/tile_third/public/tiles/2017/10/Exhibition_booth.jpg?itok=4zywGFP- 
 headers={'User-Agent': 'python-requests/2.32.3', 'Accept-Encoding': 'gzip, deflate', 'Accept': '*/*', 'Connection': 'keep-alive'} 
 body=None 
 </msg>
<msg time="2024-11-28T11:15:06.702101" level="INFO">GET Response : url=https://www.swiss-as.com/sites/default/files/styles/tile_third/public/tiles/2017/10/Exhibition_booth.jpg?itok=4zywGFP- 
 status=200, reason=OK 
 headers={'Server': 'nginx', 'Date': 'Thu, 28 Nov 2024 10:15:04 GMT', 'Content-Type': 'image/jpeg', 'Content-Length': '21556', 'Last-Modified': 'Wed, 29 Nov 2017 07:13:27 GMT', 'Connection': 'keep-alive', 'ETag': '"5a1e5e17-5434"', 'Expires': 'Thu, 31 Dec 2037 23:55:55 GMT', 'Cache-Control': 'max-age=315360000', 'Strict-Transport-Security': 'max-age=31536000; includeSubDomains', 'X-XSS-Protection': '1; mode=block', 'Accept-Ranges': 'bytes'} 
 body=����JFIF��;CREATOR: gd-jpeg v1.0 (using IJG JPEG v62), quality = 75
��C		
 $.' ",#(7),01444'9=82&lt;.342��C			2!!22222222222222222222222222222222222222222222222222��X"��	
���}!1AQa"q2���#B��R��$3br�	
%&amp;'()*456789:CDEFGHIJSTUVWXYZcdefghijstuvwxyz���������������������������������������������������������������������������	
���w!1AQaq"2�B����	#3R�br�
$4�%�&amp;'()*56789:CDEFGHIJSTUVWXYZcdefghijstuvwxyz��������������������������������������������������������������������������?�����IJ�� �X��E �������KH��J����t4��%��&lt;.�	W��Et �%�y�gL��3���CW��V���2�)a`��+}Nkm9�`-y���'���듭�Q���dwnG���iA�U$��&lt;%)]�������a���Euf%�=��4��X7�Z��,�p&amp;�?�Y��k$�D�t��n߁�{���b����,�@rrz�}j�2�n#��p�\�4f�ɷvi
1�yƌZ��Xk�,�.Ͱ\��$�;;�gM��C.�a���dR��h�儤�v���X\I����������������-{��C �,e}�z���)r:⟵�3��5����GP��Ku�\Go��q�''�[U����Gc���G^Ց�j\��w�K	M.^�k�5%�NY��ܙ&lt;��d�@��[mCL�Q�P�\I1b莡UO�ɬ�f�U}�x��dҼl���ė��𨉦�4�+&amp;�θC�Xu��4��4���LLx4���Z��e�O6B!�����;֬)kg�І��(��AN�nq��F/�
���f��^\�h�m��o�~f���A}�
;�˟�b�&lt;�Jr�3}M35k�9�V���в�YD��L8���K�[7ݻ��n2?�j�i��Qt��R�f^��3�J?�~#U�d��Ȭ��T9�#�O�Ȼ���rA��֧h�����SKU����[ɐ��7&lt;���*�.RE*���)8X�IKN���wR��c^RµH����b.O��}A����#�7sHZ��H^�!!aL-L/L�NŨ�n�uE��};�&lt;�=i�����ت�j$��7`)��7|�H����!����4+�/�����\w������UՅ_�F9��O���IK�+�&gt;,)i-1(��R�QEQEQE!4Q�EG'�4�i�IL����L��!h���a@�ȥ�i	�֊(���&amp;���]~��|&amp;����?�]�n+��+Vg��9��6t(��u8��b�L�����ʴ��-/젚	&gt;�+�fC��8^����[E}��ҴJC�s�	�Š�ʩ��G�
H;�Ul�=;㠬���rqSJ��9^��%Ɔ!�m���;߳�$��Y_Y]�
�@x��;�#&lt;}�~��`���y$�I�FR�&gt;I9��ڮ&amp;�4�}��niH!�&amp;&lt;�I����W��L*׫��v����94{(�Y.ZI��C�K��~~��F	X5��Q��"[9�@z{Գxh��Y�m�"$D��
s���P�.k�Y,�&amp;R�&gt;{�\t�8�S���Dq-��߇�]��x����$h�B���9��j�7j���Ir�&lt;��_�v��/�.��6O��8��t;�����u��F  �O���5Q����)E�.���I���W�y!p�!$ K����O�jͲ�$���X��m���z�:�H�Xu,ʤ��0!����QR��fK�3�W&gt;��NP����E��]	��lAQp������ �u�8��qh�KpD��ve'�*�����E�]�M����9�֬6����7D˻�sm g�,(Q���TKZ�]v&lt;=.n"Ws��m���Y���iu$�̇��kP�\��O�}A�N6�W%W$���]�sp�G��II�\Tʛ�)b���Z���9��f��@�9��m�#G�B��~}�2��k,�W���J����R�%�G},e��ԃ4���($Vg[I�k^�OKdY��iH������Icn�Q���v�23�x�A[zV�w��%ɐ$@���}kXBM�+���������癥`X��z
@kr/����4�rc�*;�&lt;������-ϖΡ���3T����8�0�[�����������O���r~B��&gt;�oď�\/��S7q].��x��l#��M ��3޵�mH�2��*V�mX���'}C�ɤ&amp;���;~�r~B�|_�I�|�����������1'�f;��Yh�¸���?J߷�vK+���C�+)�&lt;⠏�2OȊ��&amp;(Ѳ��9�+Ut.X�,�o��`�@�0��2�����c�ۻ��#y{�e��TWy�
�U�F��c��ޑ���xjv����w�gc^R}�ӷUp�o����'�A~*�����r����n��R�.�B��B��W)!jajajiji�=��f�&amp;�f�4Qk������}��dMp�&gt;�Y����9��Ie��w�h�����Z))h��(sIEQEQE�#=�S��ADv�S����!i(�-
(���=i)[��bf�N����)6k y��yχ����s���W��_����,����f��A$nQ�B�U�Ԯ�$�nd�*����pjxj����%�+�`���C$2�9%N3RF��s!8#%�C֨�J�n��H�mJ�ԫ\�A�Ac����O:��$7RnL�;�Vv����eK�W܋���Y|��py��N�QP\Ʌ�|���MP�K��˹^ʟ���J�w���a�?S�����&lt;�����'Ӂ��g�5��/aI�^mJ������U]�����կY˛�,Aϩ�!Y���E��=�'�W�^�R��x��vi#����i�U� �s��Olc�Y۩s�9����Q����r�0�����9��g�c�V(����U0�n�ymq*4Ӻ��.���-�w:�H�O�a�k&gt;���HS�d��"���&lt;�Q!�mA�qIj��ϙ�8��.�}gTX�[摽z�=ISN�"���+�D1����Y�����M�����t�Z7������VC�O��S�W����M&gt;�&gt;?1��J�/��q�����|o�
�&amp;�v���W'��ж��i��"H%����Ѯ�dGP��b��(�v���R�����}�j���=."?�1O0�Ic?�![�.�?+�ax��4���Z�GJ��g���,��a!
s�+��Q���&amp;�x�0���N&gt;�J�UZST!&amp;�ԽHy���٧޺�}\T2kzlc澀��j�G�Ω��Z�x�N���d����F�t���.�Cu��=	�b��S�X=�Z]F�̮�O��V�I�4����������3�\���ju:S�#9�'����BN�l�#��w�5��H'��J@�11����6�uml��b���B�M&gt;�{W��c\�j2U#�=̪�������";�r��)�n��o�ۭ��X�Y�UBƸZ�=�r�Z�M���h�+�I��uG�3A\��Rn��Q�a�&lt;�L�sI�a٤�L-�!4����i	�Ai5���}j����]�5�x峪�="��V����l#��j3Gj@s^��B��I@EP�@��
(��
(����(���AV�_�f����/jJ1KH)s@.E%`�Ҟ��'z;
@%E0.iRyz��g���fj�+V�uz0�u�%������Tϥ�'��/1��v�f��?�p�{�D����0����R��7�J�\�5(j�#�q�*pG��~U6�R��¿��
�9�(���3Fi��7�N��q�*,�P�n����oʂ���ߕ+���57c�q�*P�G
*,�]Թ��8%�T��v
�4X�Wf���g�{���ݧ��N�N��ҝr���9�����C�Rz�aN.I���FOi��Tp۬�T�*�^�sXQx�[M$Z�E�v%������ W-�\��Q��d�hɦ�I�ievwc��rM7y�f�5��޷=�k7�;ΐtv��,�@�=�D��ZS �w�o&gt;�3�~uJ突W[ݽ��X�}M+&lt;��e�v?[Yb�PҦ�z�Oj�Q�[��" P8P:�P����&gt;N];�o'���W���XYY�E����=������v�I�ۗNq��R�q�U�3Z��%�-e!�*՟�LФ��.�T�$�����4����v�VK���a�Gֲ��Xk�],^P*��e��\��Q�oC���*��
̵i2�)Y?�H
?���:�R��g����������m���o�q��#�Tn�%�T�FV��\���K�H��?��&amp;��L�f�h�nn���y`��&gt;�Þ"SsO�7m����
�0�&gt;d&amp;i3N�2����#�Ä�搚{�Ͼi0�&lt;z悔�4�i�`���W?Ï�)$W�xѷk`zD��e��Z�0o�;F�ʻ0+����K���g=@�Rװ|x�����!h��HaڔQځ@Q@'zZ(1���	����Qy���U
P���*�H���(���N����������!"E#��O���	����0:q^^z6��M2ن��c�{W1h��d�Y"�N�0]����t4���?�*,6z��jp�����|�̬T��8����
~��:�-�q��i�7�����)1�2�|�riRd����`-����4���?���;�i��0�
S*1Rw��`-���������h�H���C}{�t�U���5$�P���L����J�N��c�~E#H����G�C�����s��Q��a�	F��'���pP���?�A�����-�=�iXj��`�c`�5��JVIg	�C*O���&gt;o����Ř1i#-��Rz�
�2*[jeQ)Z=��4Rv��N������3L�O�(Ж^�d�H�N2i�v1]��	&gt;��Ns�jN}i܎Y7w��5�JS#c��)�R/�A�2�R���#��0���{��e8#�E�c��=sލ	�~B��H�:Rf�E��h���ջF/�;�ܻ�=G�[5LԶ��WQ9���zq�ʼo&amp;����HX�}�,�b�H���+߱�����f��wjL��4��w����~T`�=�&gt;���n��zt�;1��i?
n�7Z��q���q�?:M�֓vH�ف�Θ
Gc�D�ަ�s�?#^q�û�W�G�+�Cd��8�!οt�ʻ�?&lt;,���/3'�M��$-Q@
)sM���)(�=)����Q@�QEa�VF"�5A����(A@��V@�QE&amp;0��(��v��(���F����x\u��/��!G�Iˊ^�=l�_���4��\��fMןc��Y��|�s��3J�1��G��J�&amp;?4f��\�����F:�ܱ�o�W�қ��oҐ����i2]��ߘ�2z7��֨�Fh�r���}��A����i�仓�����6�F��s�?ι��܁]�n��~_�b�{U�/+�ѓ�M�&gt;)�D���z�����uJ�h&amp;I\��IگKwl�s�Z,R���I#�������gJR�|��ד�Rri�4q�HT�C�
������&amp;sE#K�3IFh��RT�	�i2{��(�@�@?��R3nb�p:
d+�5m4��EOqtn5��(RB�X���V��I-y�9�ƌ�@ں-�Ӊ?�+�8���U�O?6���k)�	?֫朌��	v4�RT����Rg�R�`q�du4�ѹ���\�ø�i�Pd�d~"�~H�E4&amp;ƹ���XԌ���Q����[rNy��K�ds����_��A�m�;{
��X��'�k���������i|�AO�����g��&lt;mq�J����GԜ� �W|��*s�[��v�?J��f|��c�Җ��_���U����XdE����u�+�����O���Y�t����
�۹|H�s��?ƚ����x����Õ�3E{��S_��S�^�o�W��k��=3��#�,�%��Q�k�X�?�ͪ�!��������g��^�~	���o,O���Q7�_�5��S�sǸ�;��˯��+���w�	�$gr&amp;=��EU�p8�T�Bdb1��5u��Gm
M�[C/��%Eo� ��\��x�J�Oν��&gt;����vS�#Μ~�I�X��?���z�-?�&lt;8Fs�~tl&gt;��׹��=!W��\�����R�0?.��˯�Q�`�/��+�����W����,�C���
�|�*�t�`}��Z�H?u�߁���_A/���a�2��?�V�,������h�%ʗ���h�a����y|7z}�������H�v���H�=��sR�Ϝ�.z+��&amp;�t�P�����\��db��=M����nq�(U���ֶ���-L�s+3ZX�ї4��#^b~]&amp;o�o�Ə�����?��Z��t[5�_��Tɤ���?�Y}VGO�������@����O�SƧ�7��O�^��6��wڨ�$�8���&gt;���*�p�XX�B�ӟw�.�B�sD��Z��Ե�&amp;��i�o��3)�׭}���Ƽ��D(�ӤQ�]�즏��+���6�o���sbs����|�迕@@&gt;���5���b|�t=��GN^���L�+\�曚\�4�gڀi��rŢ}\ַ�;�e&gt;��d�0uI�U�&amp;�%�]!�h�:�oCJ+��!)��g����p�'ң�?Z��mh\�N���ϕv��z�ڪ��8�!�DX�8���M��SI�&lt;c�Fi��Q�F��\�IE!���\�f�3@W���LL*�yKx�3����j�)r�w�`SV�EH͵�����RPit,9̈́^��*�S�l����*�S2���b�I�4���\�*BzP:�)�I��TM�74�����R��4X9�(�w�;�o˞	�	����jf+�A'��D̟�?�Z!��ͷ��&gt;�G�+�+�&lt;V���@\e��ם������Ϗ��)y���6^#�4W� pw׭y��*l�w?�~b��^Y�$y~��$�p�O�?�^��S,�2x�5�w�ʁ��*�%����h���G.�ok��P�\gl��Z���X]���w,p�b{z{T�F���U�^���X��Jsx�Dt
�ǁ�y���&lt;:�����woީ��զ|5�:�:e��LB�U6�ֆ���
Gt��/#n|?�j�\�]��1$�U�����1�����z�|'�J���%�$�?\�M��(���v��4]�:��uk��NFI�sS�lY�s'╖��Q̨�1�����&gt;���3�����Q�����W�T͛�W�d#ꦬ��Z��C($u�\�����j%fW��$(#�q�V�С�v��c�)SY&lt;O,��N�3C�s&lt;!�K�V�^��E�x�/�k�qq*=�I�B�,�z�W�K��畢��d�#m���zH��S�7�f���ε���c�{���1��X����T��-�&amp;�9N��v���*�iΗj�?v��Ѓ�Ҙ��+�����B�?ֶ��8�Tr1�6\�H5r�X�{�����[`?�*�.I�q��?�A"�\�bI�h�����ifRT� �8����~U���G8;�'3O�3�=Ny�\/̧i��iР�?���z�o6�own�O2B9&gt;X�X�5�lLz��i����)ǙXڅUJ|�\���4���9P\z�ǰ�$F@ޓ֊�rwm�R���j,T�t�L�?S�{�"��`�I���Tlmn�R�&lt;I$��&gt;�V��ki��XF��=�k5+��rLѲ9�^���!c^{�w�B'#�ܯ�5�*9�#��{�1���և���#��P�*�R��z~�RѷY@}c_�Sd�ׁ-����)�1U	��O?�5���"��_C��+����IbR撁@�S�F�@�2M2�lm�����o�TI�֜9�{O�`���Z|�M �h�:�k�z���r�l�|�OTn�Ul����T�����#o-1�#�j#�(wUe@a�3֒��B`��12�Z&amp;�8�&lt;��E@�H�E%�j�4(�XQE�)1KHhji�D����G!�y���NMR%��1)q��H��隚�X��|q��y��(��5��z	��ґD�ń~�1�W�d6��&amp;����UW�ft���RR�OZF��Қǧҗ��PT�cҙ,e!�&lt;����m���H��Gީg��M+����v��m�yǰ�UU�Q��b�eO���h�s�.lhDzʣ���p���D.�9�#\-{?��;�G�|��O��J�ԗ�g
��Im��iV"̠�z�^�D|�-��C�q���^�2^�n�Q�D��1�g��_�W5yZl�b�5�#T��C��vɬ����+��2�|�L���������*sȮboxn�Si���}�I�?OJ�ߡ�?gw�/�:�H�E(�:��}ug�ڵ�ı�c�O�X]���L1�{VW��H5�&lt;[�+�U�#�v��{ha�A�f��kI��r�����rG�aק=k��ׂ��=~��z��+��@�ԙ�cЌR�����T��r��յ���4p��]���$�dBH�dnAR#ָ�x7Q�5In�/"̡^Iq����
h��{GW��-�����9\�P�����-�H�|��'�Y��ա!&gt;Y+��J̚&gt;�v�*��=���l�X³001��5z�o�8o�����NJCO�EP��)O
�.�]Ľs�sE{t4��7��X��8�}MP����i�r�����̇GѤ(
�����sH"�"�;�2	���7���W!��9�
�[H�H�O��qm��1��d�`�7��W=~��	m��U��Q-�N[}��U@E(&amp;%m�9�Ӡ�����R�����3Kj�=����c�^?�9!���'�*�"',�=��I���0 *&lt;��O�Xw�l�4dyUHp��5�I ~0C�8�;���.ZU�C��##��ሧ&amp;���O�C�L���&lt;�
�pH��R�L�I���*���-�NL)ֹ/�1����%��F��=�&lt;߇���A�&amp;ķ&lt;�N�i���X���	5KH�O�l1��U�1�S^O��{CZq�B�e��)0��ҿ�4n-}}��*�Q�ъQR��P���jM���'����a�/�kTSc�F��)خy;��Q@j��ܰM�z`��8�X��Y���rE�H|��t?����WF�حE.h=jM����"���t4���j�S��c�ncң�C$ݖ��sKE!���8�)�C�L�]_
�4�sI،p3ޒ��֒��%��)Y�Te�Uo�5CF(��Ŧ�bҢ$D^�qM����q����&lt;�
krj&gt;X��`�.W~�`~����=˄yb�ڧ�ަ���v�XF&gt;���*�z�&lt;g.�gy$��ZQ��Es�*�4%5�E5��;��F8�ƞ����Vgí�W�?��m�	�=ȯP���p7i��?�w_�^����|�s�_t�G�3�Xrү�?�� �^���&gt;��P�J�&lt;+@�{��9��B�	�3.|����vT#�Z���͖w�]�b�������:�5�5��n����="Q�u���g�[�U���6�/!U����������_����U7��1�ud�@���rpk��B����F\q�ǭzV�]�d���5�ʜSN�~_��T�e�bxύ.;��q5���l���&gt;�����	p�����[�A~Z��W�J��:�S����id��	)N��0H��&gt;C,t�"�2�3��y��2�o����7�O1�
���C\u�������Đ�q[E��cڸ��
������R��Y7����ϥz5�d��֧��+7+6\��[���H#$�\ߌ����&amp;�U�M��g�#�c��J�B���u敐a���V�Պ��6��S�k��:ڜyb��n��8�v#ct�5�8`��*�����������a�r��:T�G�殼q��޽���v�T%A�5��h�'��H]wS���Lr�(ٴs�2���0�U���}���M�?z�}qX�bmF����N@zqV�1Ǒ*�E8��5��a��X��A�... (set the log level to DEBUG or TRACE to see the full content) 
 </msg>
<msg time="2024-11-28T11:15:06.705097" level="INFO">C:\Users\Gebruiker\AppData\Local\Programs\Python\Python312\Lib\site-packages\urllib3\connectionpool.py:1099: InsecureRequestWarning: Unverified HTTPS request is being made to host 'www.swiss-as.com'. Adding certificate verification is strongly advised. See: https://urllib3.readthedocs.io/en/latest/advanced-usage.html#tls-warnings
  warnings.warn(</msg>
<msg time="2024-11-28T11:15:06.709099" level="INFO">${response} = &lt;Response [200]&gt;</msg>
<var>${response}</var>
<arg>swiss_as</arg>
<arg>url=/sites/default/files/styles/tile_third/public/tiles/2017/10/Exhibition_booth.jpg?itok=4zywGFP-</arg>
<doc>Sends a GET request on a previously created HTTP Session.</doc>
<status status="PASS" start="2024-11-28T11:15:04.497859" elapsed="2.211240"/>
</kw>
<kw name="Should Be Equal As Strings" owner="BuiltIn">
<msg time="2024-11-28T11:15:06.711100" level="INFO">Argument types are:
&lt;class 'int'&gt;
&lt;class 'str'&gt;</msg>
<arg>${response.status_code}</arg>
<arg>200</arg>
<doc>Fails if objects are unequal after converting them to strings.</doc>
<status status="PASS" start="2024-11-28T11:15:06.710100" elapsed="0.001998"/>
</kw>
<kw name="Log" owner="BuiltIn">
<msg time="2024-11-28T11:15:06.714099" level="INFO">GET Response Content Length: 21556</msg>
<arg>GET Response Content Length: ${response.headers['Content-Length']}</arg>
<doc>Logs the given message with the given level.</doc>
<status status="PASS" start="2024-11-28T11:15:06.713099" elapsed="0.001000"/>
</kw>
<kw name="Log" owner="BuiltIn">
<msg time="2024-11-28T11:15:06.717098" level="INFO">GET Response Content Type: image/jpeg</msg>
<arg>GET Response Content Type: ${response.headers['Content-Type']}</arg>
<doc>Logs the given message with the given level.</doc>
<status status="PASS" start="2024-11-28T11:15:06.715100" elapsed="0.001998"/>
</kw>
<kw name="Log" owner="BuiltIn">
<msg time="2024-11-28T11:15:06.719099" level="INFO">GET Response: Transferred Unknown size bytes</msg>
<arg>GET Response: Transferred ${response.headers.get('Transferred', 'Unknown size')} bytes</arg>
<doc>Logs the given message with the given level.</doc>
<status status="PASS" start="2024-11-28T11:15:06.718101" elapsed="0.001997"/>
</kw>
<status status="PASS" start="2024-11-28T11:15:04.496855" elapsed="2.223243"/>
</kw>
<status status="PASS" start="2024-11-28T11:14:54.239262" elapsed="12.487834"/>
</test>
<status status="PASS" start="2024-11-28T11:14:53.094571" elapsed="13.969192"/>
</suite>
<statistics>
<total>
<stat pass="1" fail="0" skip="0">All Tests</stat>
</total>
<tag>
</tag>
<suite>
<stat pass="1" fail="0" skip="0" id="s1" name="swissAviationSoftware">swissAviationSoftware</stat>
</suite>
</statistics>
<errors>
</errors>
</robot>
