<?xml version="1.0" encoding="UTF-8"?>
<robot generator="Robot 7.1.1 (Python 3.12.6 on win32)" generated="2024-11-27T13:20:50.636535" rpa="false" schemaversion="5">
<suite id="s1" name="swissAviationSoftware" source="c:\git\blueconic_demo\swissAviationSoftware.robot">
<test id="s1-t1" name="Scenario 23: Make API calls" line="457">
<kw name="Given A browser has been opened">
<kw name="New Browser" owner="Browser">
<msg time="2024-11-27T13:20:51.802571" level="INFO">{"browser": "chromium", "headless": false, "chromiumSandbox": false, "devtools": false, "handleSIGHUP": true, "handleSIGINT": true, "handleSIGTERM": true, "slowMo": 0.0, "timeout": 30000.0, "tracesDir": "C:\\git\\blueconic_demo\\browser\\traces\\f02c9e61-8c85-42d1-8923-951a8aa310cf"}</msg>
<msg time="2024-11-27T13:20:51.860540" level="INFO">Starting Browser process C:\Users\Gebruiker\AppData\Local\Programs\Python\Python312\Lib\site-packages\Browser\wrapper\index.js using port 51406</msg>
<msg time="2024-11-27T13:20:51.861540" level="INFO">Node startup parameters: ['node', 'C:\\Users\\Gebruiker\\AppData\\Local\\Programs\\Python\\Python312\\Lib\\site-packages\\Browser\\wrapper\\index.js', '51406']</msg>
<msg time="2024-11-27T13:20:54.083561" level="INFO">Successfully created browser with options: {"browser":"chromium","headless":false,"chromiumSandbox":false,"devtools":false,"handleSIGHUP":true,"handleSIGINT":true,"handleSIGTERM":true,"slowMo":0,"timeout":30000,"tracesDir":"C:\\git\\blueconic_demo\\browser\\traces\\f02c9e61-8c85-42d1-8923-951a8aa310cf"}</msg>
<arg>chromium</arg>
<arg>headless=False</arg>
<tag>BrowserControl</tag>
<tag>Setter</tag>
<doc>Create a new playwright Browser with specified options.</doc>
<status status="PASS" start="2024-11-27T13:20:51.800540" elapsed="2.283021"/>
</kw>
<kw name="New Page" owner="Browser">
<msg time="2024-11-27T13:20:55.744399" level="INFO">Successfully initialized new page object and opened url: https://www.swiss-as.com</msg>
<msg time="2024-11-27T13:20:55.744399" level="INFO">No context was open. New context was automatically opened when this page is created.</msg>
<arg>${URL}</arg>
<tag>BrowserControl</tag>
<tag>Setter</tag>
<doc>Open a new Page.</doc>
<status status="PASS" start="2024-11-27T13:20:54.084562" elapsed="1.660835"/>
</kw>
<kw name="Go To" owner="Browser">
<msg time="2024-11-27T13:20:55.879926" level="INFO">Successfully opened URL https://www.swiss-as.com</msg>
<arg>${URL}</arg>
<tag>BrowserControl</tag>
<tag>Setter</tag>
<doc>Navigates to the given ``url``.</doc>
<status status="PASS" start="2024-11-27T13:20:55.745397" elapsed="0.134529"/>
</kw>
<kw name="Wait For Load State" owner="Browser">
<msg time="2024-11-27T13:20:55.880925" level="INFO">Waiting page load to state to receive load in 10000.0</msg>
<msg time="2024-11-27T13:20:55.895928" level="INFO">Load state load got in 10000</msg>
<arg>state=load</arg>
<tag>PageContent</tag>
<tag>Wait</tag>
<doc>Waits that the page reaches the required load state.</doc>
<status status="PASS" start="2024-11-27T13:20:55.879926" elapsed="0.016002"/>
</kw>
<status status="PASS" start="2024-11-27T13:20:51.799540" elapsed="4.097386"/>
</kw>
<kw name="When The user navigates to the Swiss Aviation Software page">
<kw name="New Browser" owner="Browser">
<msg time="2024-11-27T13:20:55.930932" level="INFO">Switching browser to browser=f26d6726-c267-48a0-82c9-5eb282fbb53e</msg>
<msg time="2024-11-27T13:20:55.938928" level="INFO">Successfully changed active browser: browser=f26d6726-c267-48a0-82c9-5eb282fbb53e</msg>
<msg time="2024-11-27T13:20:55.939928" level="INFO">Reusing existing browser with id: browser=f26d6726-c267-48a0-82c9-5eb282fbb53e</msg>
<arg>chromium</arg>
<arg>headless=False</arg>
<tag>BrowserControl</tag>
<tag>Setter</tag>
<doc>Create a new playwright Browser with specified options.</doc>
<status status="PASS" start="2024-11-27T13:20:55.928938" elapsed="0.010990"/>
</kw>
<kw name="New Page" owner="Browser">
<msg time="2024-11-27T13:20:56.517012" level="INFO">Successfully initialized new page object and opened url: https://www.swiss-as.com</msg>
<arg>${URL}</arg>
<tag>BrowserControl</tag>
<tag>Setter</tag>
<doc>Open a new Page.</doc>
<status status="PASS" start="2024-11-27T13:20:55.940931" elapsed="0.576081"/>
</kw>
<status status="PASS" start="2024-11-27T13:20:55.928938" elapsed="0.589075"/>
</kw>
<kw name="And The user verifies if cookies button is visible" source_name="The user verifies if ${string} ${second} is ${state}">
<if>
<branch type="IF" condition="&quot;${second}&quot; == &quot;page&quot;">
<kw name="Wait For Elements State" owner="Browser">
<arg>${${string}_page}</arg>
<arg>${state}</arg>
<tag>PageContent</tag>
<tag>Wait</tag>
<doc>Waits for the element found by ``selector`` to satisfy state option.</doc>
<status status="NOT RUN" start="2024-11-27T13:20:56.534010" elapsed="0.000000"/>
</kw>
<status status="NOT RUN" start="2024-11-27T13:20:56.534010" elapsed="0.001001"/>
</branch>
<branch type="ELSE">
<kw name="Wait For Elements State" owner="Browser">
<msg time="2024-11-27T13:20:56.618086" level="INFO">Waited for Element with selector //button[contains(text(),'Accept all cookies')] at state visible</msg>
<arg>${${string}_button}</arg>
<arg>${state}</arg>
<tag>PageContent</tag>
<tag>Wait</tag>
<doc>Waits for the element found by ``selector`` to satisfy state option.</doc>
<status status="PASS" start="2024-11-27T13:20:56.535011" elapsed="0.083075"/>
</kw>
<status status="PASS" start="2024-11-27T13:20:56.535011" elapsed="0.083075"/>
</branch>
<status status="PASS" start="2024-11-27T13:20:56.534010" elapsed="0.084076"/>
</if>
<status status="PASS" start="2024-11-27T13:20:56.533016" elapsed="0.086086"/>
</kw>
<kw name="And The user clicks on the cookies button" source_name="The user clicks on the ${string} button">
<if>
<branch type="IF" condition="&quot;${string}&quot; == &quot;jobOpenings&quot;">
<kw name="Click" owner="Browser">
<arg>${${string}_button}</arg>
<tag>PageContent</tag>
<tag>Setter</tag>
<doc>Simulates mouse click on the element found by ``selector``.</doc>
<status status="NOT RUN" start="2024-11-27T13:20:56.622088" elapsed="0.002000"/>
</kw>
<status status="NOT RUN" start="2024-11-27T13:20:56.620085" elapsed="0.004003"/>
</branch>
<branch type="ELSE">
<kw name="Click" owner="Browser">
<msg time="2024-11-27T13:20:56.625091" level="INFO">Clicks the element '//button[contains(text(),'Accept all cookies')]'.</msg>
<arg>${${string}_button}</arg>
<tag>PageContent</tag>
<tag>Setter</tag>
<doc>Simulates mouse click on the element found by ``selector``.</doc>
<status status="PASS" start="2024-11-27T13:20:56.625091" elapsed="1.091287"/>
</kw>
<status status="PASS" start="2024-11-27T13:20:56.624088" elapsed="1.092290"/>
</branch>
<status status="PASS" start="2024-11-27T13:20:56.620085" elapsed="1.097297"/>
</if>
<status status="PASS" start="2024-11-27T13:20:56.620085" elapsed="1.097297"/>
</kw>
<kw name="And The user verifies if home page is visible" source_name="The user verifies if ${string} ${second} is ${state}">
<if>
<branch type="IF" condition="&quot;${second}&quot; == &quot;page&quot;">
<kw name="Wait For Elements State" owner="Browser">
<msg time="2024-11-27T13:20:57.751377" level="INFO">Waited for Element with selector .main-logo at state visible</msg>
<arg>${${string}_page}</arg>
<arg>${state}</arg>
<tag>PageContent</tag>
<tag>Wait</tag>
<doc>Waits for the element found by ``selector`` to satisfy state option.</doc>
<status status="PASS" start="2024-11-27T13:20:57.723385" elapsed="0.027992"/>
</kw>
<status status="PASS" start="2024-11-27T13:20:57.722383" elapsed="0.028994"/>
</branch>
<branch type="ELSE">
<kw name="Wait For Elements State" owner="Browser">
<arg>${${string}_button}</arg>
<arg>${state}</arg>
<tag>PageContent</tag>
<tag>Wait</tag>
<doc>Waits for the element found by ``selector`` to satisfy state option.</doc>
<status status="NOT RUN" start="2024-11-27T13:20:57.752379" elapsed="0.000000"/>
</kw>
<status status="NOT RUN" start="2024-11-27T13:20:57.751377" elapsed="0.001002"/>
</branch>
<status status="PASS" start="2024-11-27T13:20:57.721389" elapsed="0.030990"/>
</if>
<status status="PASS" start="2024-11-27T13:20:57.719381" elapsed="0.033996"/>
</kw>
<kw name="And The user makes API call">
<kw name="Create Session" owner="RequestsLibrary">
<msg time="2024-11-27T13:20:57.757376" level="INFO">Creating Session using : alias=mysession, url=https://www.swiss-as.com, headers={'X-Requested-With': 'XMLHttpRequest'},                     cookies={"cookie-agreed": "2", "cookie-agreed-version": "1.0.0", "cookie-agreed-categories": "["strictly_necessary_cookies"]"}, auth=None, timeout=None, proxies=None, verify=False,                     debug=0 </msg>
<arg>mysession</arg>
<arg>${URL}</arg>
<arg>headers=${headers}</arg>
<arg>cookies=${cookies}</arg>
<doc>Create Session: create a HTTP session to a server</doc>
<status status="PASS" start="2024-11-27T13:20:57.756381" elapsed="0.001996"/>
</kw>
<kw name="${query_params} Evaluate">
<msg time="2024-11-27T13:20:57.760374" level="FAIL">No keyword with name '${query_params} Evaluate' found.</msg>
<arg>int("${query_params}")</arg>
<status status="FAIL" start="2024-11-27T13:20:57.760374" elapsed="0.001004">No keyword with name '${query_params} Evaluate' found.</status>
</kw>
<kw name="GET On Session" owner="RequestsLibrary">
<var>${response}</var>
<arg>mysession</arg>
<arg>${endpoint}?${query_params}</arg>
<doc>Sends a GET request on a previously created HTTP Session.</doc>
<status status="NOT RUN" start="2024-11-27T13:20:57.762376" elapsed="0.000000"/>
</kw>
<kw name="Log" owner="BuiltIn">
<arg>${response}</arg>
<doc>Logs the given message with the given level.</doc>
<status status="NOT RUN" start="2024-11-27T13:20:57.762376" elapsed="0.000000"/>
</kw>
<kw name="Should Be Equal As Strings" owner="BuiltIn">
<arg>${response.status_code}</arg>
<arg>200</arg>
<doc>Fails if objects are unequal after converting them to strings.</doc>
<status status="NOT RUN" start="2024-11-27T13:20:57.762376" elapsed="0.001000"/>
</kw>
<kw name="Run Keyword If" owner="BuiltIn">
<arg>"desired_value" in ${response.text}</arg>
<arg>Log</arg>
<arg>Found desired value in response</arg>
<doc>Runs the given keyword with the given arguments, if ``condition`` is true.</doc>
<status status="NOT RUN" start="2024-11-27T13:20:57.763376" elapsed="0.000000"/>
</kw>
<status status="FAIL" start="2024-11-27T13:20:57.756381" elapsed="0.006995">No keyword with name '${query_params} Evaluate' found.</status>
</kw>
<status status="FAIL" start="2024-11-27T13:20:51.797539" elapsed="5.976838">No keyword with name '${query_params} Evaluate' found.</status>
</test>
<status status="FAIL" start="2024-11-27T13:20:50.646538" elapsed="7.304374"/>
</suite>
<statistics>
<total>
<stat pass="0" fail="1" skip="0">All Tests</stat>
</total>
<tag>
</tag>
<suite>
<stat pass="0" fail="1" skip="0" id="s1" name="swissAviationSoftware">swissAviationSoftware</stat>
</suite>
</statistics>
<errors>
</errors>
</robot>
