<?xml version="1.0" encoding="UTF-8"?>
<robot generator="Robot 7.1.1 (Python 3.13.0 on win32)" generated="2024-10-30T22:12:29.587576" rpa="false" schemaversion="5">
<suite id="s1" name="Lobomantics" source="c:\git\blueconic_demo\lobomantics.robot">
<test id="s1-t1" name="Scenario 1: Filter session by day" line="30">
<kw name="Given A browser has been opened">
<kw name="New Browser" owner="Browser">
<msg time="2024-10-30T22:12:29.785645" level="INFO">{"browser": "chromium", "headless": false, "chromiumSandbox": false, "devtools": false, "handleSIGHUP": true, "handleSIGINT": true, "handleSIGTERM": true, "slowMo": 2000.0, "timeout": 30000.0, "tracesDir": "C:\\git\\blueconic_demo\\browser\\traces\\0d1b4c29-a520-4e6b-888c-6a4307987347"}</msg>
<msg time="2024-10-30T22:12:29.806866" level="INFO">Starting Browser process C:\Users\Gebruiker\AppData\Local\Programs\Python\Python313\Lib\site-packages\Browser\wrapper\index.js using port 58643</msg>
<msg time="2024-10-30T22:12:29.807161" level="INFO">Node startup parameters: ['node', 'C:\\Users\\Gebruiker\\AppData\\Local\\Programs\\Python\\Python313\\Lib\\site-packages\\Browser\\wrapper\\index.js', '58643']</msg>
<msg time="2024-10-30T22:12:30.590292" level="INFO">Successfully created browser with options: {"browser":"chromium","headless":false,"chromiumSandbox":false,"devtools":false,"handleSIGHUP":true,"handleSIGINT":true,"handleSIGTERM":true,"slowMo":2000,"timeout":30000,"tracesDir":"C:\\git\\blueconic_demo\\browser\\traces\\0d1b4c29-a520-4e6b-888c-6a4307987347"}</msg>
<arg>${BROWSER}</arg>
<arg>headless=False</arg>
<arg>slowMo=0:00:2</arg>
<tag>BrowserControl</tag>
<tag>Setter</tag>
<doc>Create a new playwright Browser with specified options.</doc>
<status status="PASS" start="2024-10-30T22:12:29.784508" elapsed="0.806230"/>
</kw>
<status status="PASS" start="2024-10-30T22:12:29.783556" elapsed="0.807532"/>
</kw>
<kw name="When The user navigates to the lobotics page">
<kw name="New Page" owner="Browser">
<msg time="2024-10-30T22:12:33.220286" level="INFO">Successfully initialized new page object and opened url: http://localhost:1337/</msg>
<msg time="2024-10-30T22:12:33.220980" level="INFO">No context was open. New context was automatically opened when this page is created.</msg>
<arg>${URL}</arg>
<tag>BrowserControl</tag>
<tag>Setter</tag>
<doc>Open a new Page.</doc>
<status status="PASS" start="2024-10-30T22:12:30.593296" elapsed="2.628451"/>
</kw>
<status status="PASS" start="2024-10-30T22:12:30.592598" elapsed="2.629787"/>
</kw>
<kw name="And The user verifies if home page is visible" source_name="The user verifies if ${string} ${second} is ${state}">
<if>
<branch type="IF" condition="&quot;${second}&quot; == &quot;page&quot;">
<kw name="Wait For Elements State" owner="Browser">
<msg time="2024-10-30T22:12:33.265647" level="INFO">Waited for Element with selector section.banner at state visible</msg>
<arg>${${string}_page}</arg>
<arg>${state}</arg>
<tag>PageContent</tag>
<tag>Wait</tag>
<doc>Waits for the element found by ``selector`` to satisfy state option.</doc>
<status status="PASS" start="2024-10-30T22:12:33.226975" elapsed="0.038949"/>
</kw>
<status status="PASS" start="2024-10-30T22:12:33.225839" elapsed="0.040234"/>
</branch>
<branch type="ELSE">
<kw name="Wait For Elements State" owner="Browser">
<arg>${${string}_button}</arg>
<arg>${state}</arg>
<tag>PageContent</tag>
<tag>Wait</tag>
<doc>Waits for the element found by ``selector`` to satisfy state option.</doc>
<status status="NOT RUN" start="2024-10-30T22:12:33.266376" elapsed="0.000089"/>
</kw>
<status status="NOT RUN" start="2024-10-30T22:12:33.266180" elapsed="0.000394"/>
</branch>
<status status="PASS" start="2024-10-30T22:12:33.225724" elapsed="0.040933"/>
</if>
<status status="PASS" start="2024-10-30T22:12:33.224535" elapsed="0.042187"/>
</kw>
<kw name="And The user clicks on the conference button" source_name="The user clicks on the ${string} button">
<kw name="Click" owner="Browser">
<msg time="2024-10-30T22:12:33.269008" level="INFO">Clicks the element '//*[@id="navbarSupportedContent"]//*[contains(text(),'Conference')]'.</msg>
<arg>${${string}_button}</arg>
<tag>PageContent</tag>
<tag>Setter</tag>
<doc>Simulates mouse click on the element found by ``selector``.</doc>
<status status="PASS" start="2024-10-30T22:12:33.268306" elapsed="2.083164"/>
</kw>
<status status="PASS" start="2024-10-30T22:12:33.267687" elapsed="2.084523"/>
</kw>
<kw name="And The user verifies if speakers button is visible" source_name="The user verifies if ${string} ${second} is ${state}">
<if>
<branch type="IF" condition="&quot;${second}&quot; == &quot;page&quot;">
<kw name="Wait For Elements State" owner="Browser">
<arg>${${string}_page}</arg>
<arg>${state}</arg>
<tag>PageContent</tag>
<tag>Wait</tag>
<doc>Waits for the element found by ``selector`` to satisfy state option.</doc>
<status status="NOT RUN" start="2024-10-30T22:12:35.356512" elapsed="0.000410"/>
</kw>
<status status="NOT RUN" start="2024-10-30T22:12:35.355548" elapsed="0.001855"/>
</branch>
<branch type="ELSE">
<kw name="Wait For Elements State" owner="Browser">
<msg time="2024-10-30T22:12:35.373658" level="INFO">Waited for Element with selector //a[@href="/conference/speakers"] at state visible</msg>
<arg>${${string}_button}</arg>
<arg>${state}</arg>
<tag>PageContent</tag>
<tag>Wait</tag>
<doc>Waits for the element found by ``selector`` to satisfy state option.</doc>
<status status="PASS" start="2024-10-30T22:12:35.358386" elapsed="0.015714"/>
</kw>
<status status="PASS" start="2024-10-30T22:12:35.357773" elapsed="0.016581"/>
</branch>
<status status="PASS" start="2024-10-30T22:12:35.355449" elapsed="0.019072"/>
</if>
<status status="PASS" start="2024-10-30T22:12:35.354241" elapsed="0.020399"/>
</kw>
<kw name="And The user verifies if sessions button is visible" source_name="The user verifies if ${string} ${second} is ${state}">
<if>
<branch type="IF" condition="&quot;${second}&quot; == &quot;page&quot;">
<kw name="Wait For Elements State" owner="Browser">
<arg>${${string}_page}</arg>
<arg>${state}</arg>
<tag>PageContent</tag>
<tag>Wait</tag>
<doc>Waits for the element found by ``selector`` to satisfy state option.</doc>
<status status="NOT RUN" start="2024-10-30T22:12:35.376518" elapsed="0.000147"/>
</kw>
<status status="NOT RUN" start="2024-10-30T22:12:35.376145" elapsed="0.000701"/>
</branch>
<branch type="ELSE">
<kw name="Wait For Elements State" owner="Browser">
<msg time="2024-10-30T22:12:35.385069" level="INFO">Waited for Element with selector //a[@href="/conference/sessions"] at state visible</msg>
<arg>${${string}_button}</arg>
<arg>${state}</arg>
<tag>PageContent</tag>
<tag>Wait</tag>
<doc>Waits for the element found by ``selector`` to satisfy state option.</doc>
<status status="PASS" start="2024-10-30T22:12:35.377202" elapsed="0.008117"/>
</kw>
<status status="PASS" start="2024-10-30T22:12:35.376983" elapsed="0.008456"/>
</branch>
<status status="PASS" start="2024-10-30T22:12:35.376110" elapsed="0.009410"/>
</if>
<status status="PASS" start="2024-10-30T22:12:35.375641" elapsed="0.009937"/>
</kw>
<kw name="And The user clicks on the sessions button" source_name="The user clicks on the ${string} button">
<kw name="Click" owner="Browser">
<msg time="2024-10-30T22:12:35.387689" level="INFO">Clicks the element '//a[@href="/conference/sessions"]'.</msg>
<arg>${${string}_button}</arg>
<tag>PageContent</tag>
<tag>Setter</tag>
<doc>Simulates mouse click on the element found by ``selector``.</doc>
<status status="PASS" start="2024-10-30T22:12:35.386911" elapsed="2.078874"/>
</kw>
<status status="PASS" start="2024-10-30T22:12:35.386350" elapsed="2.080194"/>
</kw>
<kw name="And The user verifies if sessions page is visible" source_name="The user verifies if ${string} ${second} is ${state}">
<if>
<branch type="IF" condition="&quot;${second}&quot; == &quot;page&quot;">
<kw name="Wait For Elements State" owner="Browser">
<msg time="2024-10-30T22:12:37.486331" level="INFO">Waited for Element with selector section &gt; div &gt; div:nth-child(1) &gt; a at state visible</msg>
<arg>${${string}_page}</arg>
<arg>${state}</arg>
<tag>PageContent</tag>
<tag>Wait</tag>
<doc>Waits for the element found by ``selector`` to satisfy state option.</doc>
<status status="PASS" start="2024-10-30T22:12:37.471011" elapsed="0.015704"/>
</kw>
<status status="PASS" start="2024-10-30T22:12:37.470001" elapsed="0.016841"/>
</branch>
<branch type="ELSE">
<kw name="Wait For Elements State" owner="Browser">
<arg>${${string}_button}</arg>
<arg>${state}</arg>
<tag>PageContent</tag>
<tag>Wait</tag>
<doc>Waits for the element found by ``selector`` to satisfy state option.</doc>
<status status="NOT RUN" start="2024-10-30T22:12:37.487109" elapsed="0.000123"/>
</kw>
<status status="NOT RUN" start="2024-10-30T22:12:37.486931" elapsed="0.000390"/>
</branch>
<status status="PASS" start="2024-10-30T22:12:37.469907" elapsed="0.017488"/>
</if>
<status status="PASS" start="2024-10-30T22:12:37.468718" elapsed="0.018734"/>
</kw>
<kw name="And The user filters per day on Wednesday" source_name="The user filters per day on ${day}">
<kw name="Click" owner="Browser">
<msg time="2024-10-30T22:12:37.489364" level="INFO">Clicks the element '//*[@id="wrapper"]/section/div/div[2]//*[contains(text(),'Wednesday')]'.</msg>
<arg>//*[@id="wrapper"]/section/div/div[2]//*[contains(text(),'${day}')]</arg>
<tag>PageContent</tag>
<tag>Setter</tag>
<doc>Simulates mouse click on the element found by ``selector``.</doc>
<status status="PASS" start="2024-10-30T22:12:37.488659" elapsed="2.058262"/>
</kw>
<status status="PASS" start="2024-10-30T22:12:37.488204" elapsed="2.059535"/>
</kw>
<kw name="Then The Wednesday sessions are visible" source_name="The ${day} sessions are ${state}">
<kw name="Log" owner="BuiltIn">
<msg time="2024-10-30T22:12:39.553304" level="INFO">Wednesday</msg>
<arg>${day}</arg>
<doc>Logs the given message with the given level.</doc>
<status status="PASS" start="2024-10-30T22:12:39.552287" elapsed="0.001632"/>
</kw>
<kw name="Get Element Count" owner="Browser">
<msg time="2024-10-30T22:12:39.569468" level="INFO">${count} = 22</msg>
<var>${count}</var>
<arg>//*[contains(text(),'${day}')]</arg>
<tag>Assertion</tag>
<tag>Getter</tag>
<tag>PageContent</tag>
<doc>Returns the count of elements found with ``selector``.</doc>
<status status="PASS" start="2024-10-30T22:12:39.554699" elapsed="0.014934"/>
</kw>
<kw name="Log" owner="BuiltIn">
<msg time="2024-10-30T22:12:39.570084" level="INFO">The number of sessions for Wednesday are 22</msg>
<arg>The number of sessions for ${day} are ${count}</arg>
<doc>Logs the given message with the given level.</doc>
<status status="PASS" start="2024-10-30T22:12:39.569839" elapsed="0.000368"/>
</kw>
<if>
<branch type="IF" condition="&quot;${state}&quot; == &quot;visible&quot;">
<kw name="Should Not Be Equal As Numbers" owner="BuiltIn">
<msg time="2024-10-30T22:12:39.570740" level="INFO">Argument types are:
&lt;class 'int'&gt;
&lt;class 'str'&gt;</msg>
<arg>${count}</arg>
<arg>1</arg>
<doc>Fails if objects are equal after converting them to real numbers.</doc>
<status status="PASS" start="2024-10-30T22:12:39.570554" elapsed="0.000323"/>
</kw>
<status status="PASS" start="2024-10-30T22:12:39.570335" elapsed="0.000632"/>
</branch>
<branch type="ELSE">
<kw name="Should Be Equal As Numbers" owner="BuiltIn">
<arg>${count}</arg>
<arg>1</arg>
<doc>Fails if objects are unequal after converting them to real numbers.</doc>
<status status="NOT RUN" start="2024-10-30T22:12:39.571181" elapsed="0.000086"/>
</kw>
<status status="NOT RUN" start="2024-10-30T22:12:39.571045" elapsed="0.000315"/>
</branch>
<status status="PASS" start="2024-10-30T22:12:39.570311" elapsed="0.001121"/>
</if>
<status status="PASS" start="2024-10-30T22:12:39.550804" elapsed="0.020683"/>
</kw>
<kw name="And The Friday sessions are hidden" source_name="The ${day} sessions are ${state}">
<kw name="Log" owner="BuiltIn">
<msg time="2024-10-30T22:12:39.572890" level="INFO">Friday</msg>
<arg>${day}</arg>
<doc>Logs the given message with the given level.</doc>
<status status="PASS" start="2024-10-30T22:12:39.572566" elapsed="0.000588"/>
</kw>
<kw name="Get Element Count" owner="Browser">
<msg time="2024-10-30T22:12:39.581946" level="INFO">${count} = 1</msg>
<var>${count}</var>
<arg>//*[contains(text(),'${day}')]</arg>
<tag>Assertion</tag>
<tag>Getter</tag>
<tag>PageContent</tag>
<doc>Returns the count of elements found with ``selector``.</doc>
<status status="PASS" start="2024-10-30T22:12:39.573358" elapsed="0.008807"/>
</kw>
<kw name="Log" owner="BuiltIn">
<msg time="2024-10-30T22:12:39.582700" level="INFO">The number of sessions for Friday are 1</msg>
<arg>The number of sessions for ${day} are ${count}</arg>
<doc>Logs the given message with the given level.</doc>
<status status="PASS" start="2024-10-30T22:12:39.582406" elapsed="0.000426"/>
</kw>
<if>
<branch type="IF" condition="&quot;${state}&quot; == &quot;visible&quot;">
<kw name="Should Not Be Equal As Numbers" owner="BuiltIn">
<arg>${count}</arg>
<arg>1</arg>
<doc>Fails if objects are equal after converting them to real numbers.</doc>
<status status="NOT RUN" start="2024-10-30T22:12:39.583215" elapsed="0.000100"/>
</kw>
<status status="NOT RUN" start="2024-10-30T22:12:39.582981" elapsed="0.000453"/>
</branch>
<branch type="ELSE">
<kw name="Should Be Equal As Numbers" owner="BuiltIn">
<msg time="2024-10-30T22:12:39.583986" level="INFO">Argument types are:
&lt;class 'int'&gt;
&lt;class 'str'&gt;</msg>
<arg>${count}</arg>
<arg>1</arg>
<doc>Fails if objects are unequal after converting them to real numbers.</doc>
<status status="PASS" start="2024-10-30T22:12:39.583735" elapsed="0.000447"/>
</kw>
<status status="PASS" start="2024-10-30T22:12:39.583546" elapsed="0.000731"/>
</branch>
<status status="PASS" start="2024-10-30T22:12:39.582937" elapsed="0.001416"/>
</if>
<status status="PASS" start="2024-10-30T22:12:39.572212" elapsed="0.012197"/>
</kw>
<kw name="And The user filters per day on Friday" source_name="The user filters per day on ${day}">
<kw name="Click" owner="Browser">
<msg time="2024-10-30T22:12:39.586027" level="INFO">Clicks the element '//*[@id="wrapper"]/section/div/div[2]//*[contains(text(),'Friday')]'.</msg>
<arg>//*[@id="wrapper"]/section/div/div[2]//*[contains(text(),'${day}')]</arg>
<tag>PageContent</tag>
<tag>Setter</tag>
<doc>Simulates mouse click on the element found by ``selector``.</doc>
<status status="PASS" start="2024-10-30T22:12:39.585287" elapsed="2.057028"/>
</kw>
<status status="PASS" start="2024-10-30T22:12:39.584884" elapsed="2.058217"/>
</kw>
<kw name="And The Friday sessions are visible" source_name="The ${day} sessions are ${state}">
<kw name="Log" owner="BuiltIn">
<msg time="2024-10-30T22:12:41.646282" level="INFO">Friday</msg>
<arg>${day}</arg>
<doc>Logs the given message with the given level.</doc>
<status status="PASS" start="2024-10-30T22:12:41.645727" elapsed="0.000977"/>
</kw>
<kw name="Get Element Count" owner="Browser">
<msg time="2024-10-30T22:12:41.659882" level="INFO">${count} = 90</msg>
<var>${count}</var>
<arg>//*[contains(text(),'${day}')]</arg>
<tag>Assertion</tag>
<tag>Getter</tag>
<tag>PageContent</tag>
<doc>Returns the count of elements found with ``selector``.</doc>
<status status="PASS" start="2024-10-30T22:12:41.647164" elapsed="0.013069"/>
</kw>
<kw name="Log" owner="BuiltIn">
<msg time="2024-10-30T22:12:41.661189" level="INFO">The number of sessions for Friday are 90</msg>
<arg>The number of sessions for ${day} are ${count}</arg>
<doc>Logs the given message with the given level.</doc>
<status status="PASS" start="2024-10-30T22:12:41.660664" elapsed="0.000807"/>
</kw>
<if>
<branch type="IF" condition="&quot;${state}&quot; == &quot;visible&quot;">
<kw name="Should Not Be Equal As Numbers" owner="BuiltIn">
<msg time="2024-10-30T22:12:41.662775" level="INFO">Argument types are:
&lt;class 'int'&gt;
&lt;class 'str'&gt;</msg>
<arg>${count}</arg>
<arg>1</arg>
<doc>Fails if objects are equal after converting them to real numbers.</doc>
<status status="PASS" start="2024-10-30T22:12:41.662319" elapsed="0.000803"/>
</kw>
<status status="PASS" start="2024-10-30T22:12:41.661801" elapsed="0.001831"/>
</branch>
<branch type="ELSE">
<kw name="Should Be Equal As Numbers" owner="BuiltIn">
<arg>${count}</arg>
<arg>1</arg>
<doc>Fails if objects are unequal after converting them to real numbers.</doc>
<status status="NOT RUN" start="2024-10-30T22:12:41.664173" elapsed="0.000178"/>
</kw>
<status status="NOT RUN" start="2024-10-30T22:12:41.663893" elapsed="0.000669"/>
</branch>
<status status="PASS" start="2024-10-30T22:12:41.661749" elapsed="0.002971"/>
</if>
<status status="PASS" start="2024-10-30T22:12:41.644730" elapsed="0.020105"/>
</kw>
<kw name="And The Wednesday sessions are hidden" source_name="The ${day} sessions are ${state}">
<kw name="Log" owner="BuiltIn">
<msg time="2024-10-30T22:12:41.666888" level="INFO">Wednesday</msg>
<arg>${day}</arg>
<doc>Logs the given message with the given level.</doc>
<status status="PASS" start="2024-10-30T22:12:41.666545" elapsed="0.000580"/>
</kw>
<kw name="Get Element Count" owner="Browser">
<msg time="2024-10-30T22:12:41.674915" level="INFO">${count} = 1</msg>
<var>${count}</var>
<arg>//*[contains(text(),'${day}')]</arg>
<tag>Assertion</tag>
<tag>Getter</tag>
<tag>PageContent</tag>
<doc>Returns the count of elements found with ``selector``.</doc>
<status status="PASS" start="2024-10-30T22:12:41.667412" elapsed="0.007722"/>
</kw>
<kw name="Log" owner="BuiltIn">
<msg time="2024-10-30T22:12:41.675799" level="INFO">The number of sessions for Wednesday are 1</msg>
<arg>The number of sessions for ${day} are ${count}</arg>
<doc>Logs the given message with the given level.</doc>
<status status="PASS" start="2024-10-30T22:12:41.675427" elapsed="0.000553"/>
</kw>
<if>
<branch type="IF" condition="&quot;${state}&quot; == &quot;visible&quot;">
<kw name="Should Not Be Equal As Numbers" owner="BuiltIn">
<arg>${count}</arg>
<arg>1</arg>
<doc>Fails if objects are equal after converting them to real numbers.</doc>
<status status="NOT RUN" start="2024-10-30T22:12:41.676521" elapsed="0.000128"/>
</kw>
<status status="NOT RUN" start="2024-10-30T22:12:41.676187" elapsed="0.000654"/>
</branch>
<branch type="ELSE">
<kw name="Should Be Equal As Numbers" owner="BuiltIn">
<msg time="2024-10-30T22:12:41.677450" level="INFO">Argument types are:
&lt;class 'int'&gt;
&lt;class 'str'&gt;</msg>
<arg>${count}</arg>
<arg>1</arg>
<doc>Fails if objects are unequal after converting them to real numbers.</doc>
<status status="PASS" start="2024-10-30T22:12:41.677167" elapsed="0.000483"/>
</kw>
<status status="PASS" start="2024-10-30T22:12:41.676977" elapsed="0.000851"/>
</branch>
<status status="PASS" start="2024-10-30T22:12:41.676155" elapsed="0.001766"/>
</if>
<status status="PASS" start="2024-10-30T22:12:41.665933" elapsed="0.012044"/>
</kw>
<status status="PASS" start="2024-10-30T22:12:29.782464" elapsed="11.896108"/>
</test>
<test id="s1-t2" name="Scenario 2: Create a session" line="46">
<kw name="Given A browser has been opened">
<kw name="New Browser" owner="Browser">
<msg time="2024-10-30T22:12:41.769415" level="INFO">Switching browser to browser=8b88e538-c20f-4771-8e43-249ee46a8975</msg>
<msg time="2024-10-30T22:12:41.771808" level="INFO">Successfully changed active browser: browser=8b88e538-c20f-4771-8e43-249ee46a8975</msg>
<msg time="2024-10-30T22:12:41.772228" level="INFO">Reusing existing browser with id: browser=8b88e538-c20f-4771-8e43-249ee46a8975</msg>
<arg>${BROWSER}</arg>
<arg>headless=False</arg>
<arg>slowMo=0:00:2</arg>
<tag>BrowserControl</tag>
<tag>Setter</tag>
<doc>Create a new playwright Browser with specified options.</doc>
<status status="PASS" start="2024-10-30T22:12:41.768016" elapsed="0.004445"/>
</kw>
<status status="PASS" start="2024-10-30T22:12:41.767473" elapsed="0.005385"/>
</kw>
<kw name="When The user navigates to the lobotics page">
<kw name="New Page" owner="Browser">
<msg time="2024-10-30T22:12:44.385593" level="INFO">Successfully initialized new page object and opened url: http://localhost:1337/</msg>
<msg time="2024-10-30T22:12:44.386233" level="INFO">No context was open. New context was automatically opened when this page is created.</msg>
<arg>${URL}</arg>
<tag>BrowserControl</tag>
<tag>Setter</tag>
<doc>Open a new Page.</doc>
<status status="PASS" start="2024-10-30T22:12:41.774506" elapsed="2.612466"/>
</kw>
<status status="PASS" start="2024-10-30T22:12:41.773626" elapsed="2.613954"/>
</kw>
<kw name="And The user verifies if home page is visible" source_name="The user verifies if ${string} ${second} is ${state}">
<if>
<branch type="IF" condition="&quot;${second}&quot; == &quot;page&quot;">
<kw name="Wait For Elements State" owner="Browser">
<msg time="2024-10-30T22:12:44.415853" level="INFO">Waited for Element with selector section.banner at state visible</msg>
<arg>${${string}_page}</arg>
<arg>${state}</arg>
<tag>PageContent</tag>
<tag>Wait</tag>
<doc>Waits for the element found by ``selector`` to satisfy state option.</doc>
<status status="PASS" start="2024-10-30T22:12:44.392736" elapsed="0.023379"/>
</kw>
<status status="PASS" start="2024-10-30T22:12:44.391595" elapsed="0.024640"/>
</branch>
<branch type="ELSE">
<kw name="Wait For Elements State" owner="Browser">
<arg>${${string}_button}</arg>
<arg>${state}</arg>
<tag>PageContent</tag>
<tag>Wait</tag>
<doc>Waits for the element found by ``selector`` to satisfy state option.</doc>
<status status="NOT RUN" start="2024-10-30T22:12:44.416501" elapsed="0.000086"/>
</kw>
<status status="NOT RUN" start="2024-10-30T22:12:44.416326" elapsed="0.000354"/>
</branch>
<status status="PASS" start="2024-10-30T22:12:44.391500" elapsed="0.025253"/>
</if>
<status status="PASS" start="2024-10-30T22:12:44.390173" elapsed="0.026637"/>
</kw>
<kw name="And The user clicks on the conference button" source_name="The user clicks on the ${string} button">
<kw name="Click" owner="Browser">
<msg time="2024-10-30T22:12:44.418097" level="INFO">Clicks the element '//*[@id="navbarSupportedContent"]//*[contains(text(),'Conference')]'.</msg>
<arg>${${string}_button}</arg>
<tag>PageContent</tag>
<tag>Setter</tag>
<doc>Simulates mouse click on the element found by ``selector``.</doc>
<status status="PASS" start="2024-10-30T22:12:44.417629" elapsed="2.088631"/>
</kw>
<status status="PASS" start="2024-10-30T22:12:44.417348" elapsed="2.089363"/>
</kw>
<kw name="And The user verifies if speakers button is visible" source_name="The user verifies if ${string} ${second} is ${state}">
<if>
<branch type="IF" condition="&quot;${second}&quot; == &quot;page&quot;">
<kw name="Wait For Elements State" owner="Browser">
<arg>${${string}_page}</arg>
<arg>${state}</arg>
<tag>PageContent</tag>
<tag>Wait</tag>
<doc>Waits for the element found by ``selector`` to satisfy state option.</doc>
<status status="NOT RUN" start="2024-10-30T22:12:46.509279" elapsed="0.000229"/>
</kw>
<status status="NOT RUN" start="2024-10-30T22:12:46.508732" elapsed="0.001036"/>
</branch>
<branch type="ELSE">
<kw name="Wait For Elements State" owner="Browser">
<msg time="2024-10-30T22:12:46.522173" level="INFO">Waited for Element with selector //a[@href="/conference/speakers"] at state visible</msg>
<arg>${${string}_button}</arg>
<arg>${state}</arg>
<tag>PageContent</tag>
<tag>Wait</tag>
<doc>Waits for the element found by ``selector`` to satisfy state option.</doc>
<status status="PASS" start="2024-10-30T22:12:46.510320" elapsed="0.012306"/>
</kw>
<status status="PASS" start="2024-10-30T22:12:46.509975" elapsed="0.012893"/>
</branch>
<status status="PASS" start="2024-10-30T22:12:46.508681" elapsed="0.014353"/>
</if>
<status status="PASS" start="2024-10-30T22:12:46.508006" elapsed="0.015147"/>
</kw>
<kw name="And The user verifies if sessions button is visible" source_name="The user verifies if ${string} ${second} is ${state}">
<if>
<branch type="IF" condition="&quot;${second}&quot; == &quot;page&quot;">
<kw name="Wait For Elements State" owner="Browser">
<arg>${${string}_page}</arg>
<arg>${state}</arg>
<tag>PageContent</tag>
<tag>Wait</tag>
<doc>Waits for the element found by ``selector`` to satisfy state option.</doc>
<status status="NOT RUN" start="2024-10-30T22:12:46.525292" elapsed="0.000187"/>
</kw>
<status status="NOT RUN" start="2024-10-30T22:12:46.524820" elapsed="0.000971"/>
</branch>
<branch type="ELSE">
<kw name="Wait For Elements State" owner="Browser">
<msg time="2024-10-30T22:12:46.533899" level="INFO">Waited for Element with selector //a[@href="/conference/sessions"] at state visible</msg>
<arg>${${string}_button}</arg>
<arg>${state}</arg>
<tag>PageContent</tag>
<tag>Wait</tag>
<doc>Waits for the element found by ``selector`` to satisfy state option.</doc>
<status status="PASS" start="2024-10-30T22:12:46.526261" elapsed="0.007989"/>
</kw>
<status status="PASS" start="2024-10-30T22:12:46.525972" elapsed="0.008455"/>
</branch>
<status status="PASS" start="2024-10-30T22:12:46.524776" elapsed="0.009790"/>
</if>
<status status="PASS" start="2024-10-30T22:12:46.524211" elapsed="0.010442"/>
</kw>
<kw name="And The user clicks on the sessions button" source_name="The user clicks on the ${string} button">
<kw name="Click" owner="Browser">
<msg time="2024-10-30T22:12:46.536826" level="INFO">Clicks the element '//a[@href="/conference/sessions"]'.</msg>
<arg>${${string}_button}</arg>
<tag>PageContent</tag>
<tag>Setter</tag>
<doc>Simulates mouse click on the element found by ``selector``.</doc>
<status status="PASS" start="2024-10-30T22:12:46.536124" elapsed="2.060809"/>
</kw>
<status status="PASS" start="2024-10-30T22:12:46.535549" elapsed="2.061604"/>
</kw>
<kw name="And The user verifies if sessions page is visible" source_name="The user verifies if ${string} ${second} is ${state}">
<if>
<branch type="IF" condition="&quot;${second}&quot; == &quot;page&quot;">
<kw name="Wait For Elements State" owner="Browser">
<msg time="2024-10-30T22:12:48.606448" level="INFO">Waited for Element with selector section &gt; div &gt; div:nth-child(1) &gt; a at state visible</msg>
<arg>${${string}_page}</arg>
<arg>${state}</arg>
<tag>PageContent</tag>
<tag>Wait</tag>
<doc>Waits for the element found by ``selector`` to satisfy state option.</doc>
<status status="PASS" start="2024-10-30T22:12:48.598736" elapsed="0.007987"/>
</kw>
<status status="PASS" start="2024-10-30T22:12:48.598414" elapsed="0.008435"/>
</branch>
<branch type="ELSE">
<kw name="Wait For Elements State" owner="Browser">
<arg>${${string}_button}</arg>
<arg>${state}</arg>
<tag>PageContent</tag>
<tag>Wait</tag>
<doc>Waits for the element found by ``selector`` to satisfy state option.</doc>
<status status="NOT RUN" start="2024-10-30T22:12:48.607119" elapsed="0.000090"/>
</kw>
<status status="NOT RUN" start="2024-10-30T22:12:48.606939" elapsed="0.000363"/>
</branch>
<status status="PASS" start="2024-10-30T22:12:48.598361" elapsed="0.009015"/>
</if>
<status status="PASS" start="2024-10-30T22:12:48.597947" elapsed="0.009489"/>
</kw>
<kw name="And The user clicks on the create button" source_name="The user clicks on the ${string} button">
<kw name="Click" owner="Browser">
<msg time="2024-10-30T22:12:48.609216" level="INFO">Clicks the element '//a[@href="/conference/sessions/new"]'.</msg>
<arg>${${string}_button}</arg>
<tag>PageContent</tag>
<tag>Setter</tag>
<doc>Simulates mouse click on the element found by ``selector``.</doc>
<status status="PASS" start="2024-10-30T22:12:48.608533" elapsed="2.074913"/>
</kw>
<status status="PASS" start="2024-10-30T22:12:48.608088" elapsed="2.075639"/>
</kw>
<kw name="And The user verifies if create page is visible" source_name="The user verifies if ${string} ${second} is ${state}">
<if>
<branch type="IF" condition="&quot;${second}&quot; == &quot;page&quot;">
<kw name="Wait For Elements State" owner="Browser">
<msg time="2024-10-30T22:12:50.691969" level="INFO">Waited for Element with selector //*[contains(text(),'Submit a Session!')] at state visible</msg>
<arg>${${string}_page}</arg>
<arg>${state}</arg>
<tag>PageContent</tag>
<tag>Wait</tag>
<doc>Waits for the element found by ``selector`` to satisfy state option.</doc>
<status status="PASS" start="2024-10-30T22:12:50.685572" elapsed="0.006663"/>
</kw>
<status status="PASS" start="2024-10-30T22:12:50.685271" elapsed="0.007085"/>
</branch>
<branch type="ELSE">
<kw name="Wait For Elements State" owner="Browser">
<arg>${${string}_button}</arg>
<arg>${state}</arg>
<tag>PageContent</tag>
<tag>Wait</tag>
<doc>Waits for the element found by ``selector`` to satisfy state option.</doc>
<status status="NOT RUN" start="2024-10-30T22:12:50.692620" elapsed="0.000084"/>
</kw>
<status status="NOT RUN" start="2024-10-30T22:12:50.692441" elapsed="0.000361"/>
</branch>
<status status="PASS" start="2024-10-30T22:12:50.685239" elapsed="0.007636"/>
</if>
<status status="PASS" start="2024-10-30T22:12:50.684857" elapsed="0.008075"/>
</kw>
<kw name="And The user fills in all the required fields">
<kw name="Fill Text" owner="Browser">
<msg time="2024-10-30T22:12:50.694616" level="INFO">Fills the text 'Test title' in the given field.</msg>
<arg>${title}</arg>
<arg>Test title</arg>
<tag>PageContent</tag>
<tag>Setter</tag>
<doc>Clears and fills the given ``txt`` into the text field found by ``selector``.</doc>
<status status="PASS" start="2024-10-30T22:12:50.694022" elapsed="2.023654"/>
</kw>
<kw name="Fill Text" owner="Browser">
<msg time="2024-10-30T22:12:52.720512" level="INFO">Fills the text 'Can I please work at Blueconic? :)' in the given field.</msg>
<arg>${description}</arg>
<arg>Can I please work at Blueconic? :)</arg>
<tag>PageContent</tag>
<tag>Setter</tag>
<doc>Clears and fills the given ``txt`` into the text field found by ``selector``.</doc>
<status status="PASS" start="2024-10-30T22:12:52.718634" elapsed="2.048178"/>
</kw>
<kw name="Fill Text" owner="Browser">
<msg time="2024-10-30T22:12:54.769893" level="INFO">Fills the text 'Today' in the given field.</msg>
<arg>${day}</arg>
<arg>Today</arg>
<tag>PageContent</tag>
<tag>Setter</tag>
<doc>Clears and fills the given ``txt`` into the text field found by ``selector``.</doc>
<status status="PASS" start="2024-10-30T22:12:54.767858" elapsed="2.044962"/>
</kw>
<kw name="Fill Text" owner="Browser">
<msg time="2024-10-30T22:12:56.813777" level="INFO">Fills the text 'Senior' in the given field.</msg>
<arg>${level}</arg>
<arg>Senior</arg>
<tag>PageContent</tag>
<tag>Setter</tag>
<doc>Clears and fills the given ``txt`` into the text field found by ``selector``.</doc>
<status status="PASS" start="2024-10-30T22:12:56.813135" elapsed="2.034617"/>
</kw>
<status status="PASS" start="2024-10-30T22:12:50.693581" elapsed="8.154922"/>
</kw>
<kw name="And The user clicks on the submit button" source_name="The user clicks on the ${string} button">
<kw name="Click" owner="Browser">
<msg time="2024-10-30T22:12:58.853414" level="INFO">Clicks the element '.btn-primary'.</msg>
<arg>${${string}_button}</arg>
<tag>PageContent</tag>
<tag>Setter</tag>
<doc>Simulates mouse click on the element found by ``selector``.</doc>
<status status="PASS" start="2024-10-30T22:12:58.851640" elapsed="2.075431"/>
</kw>
<status status="PASS" start="2024-10-30T22:12:58.850332" elapsed="2.077468"/>
</kw>
<kw name="Then The user verifies if confirmation page is visible" source_name="The user verifies if ${string} ${second} is ${state}">
<if>
<branch type="IF" condition="&quot;${second}&quot; == &quot;page&quot;">
<kw name="Wait For Elements State" owner="Browser">
<msg time="2024-10-30T22:13:00.948331" level="INFO">Waited for Element with selector //*[contains(text(),'Session Submitted Successfully!')] at state visible</msg>
<arg>${${string}_page}</arg>
<arg>${state}</arg>
<tag>PageContent</tag>
<tag>Wait</tag>
<doc>Waits for the element found by ``selector`` to satisfy state option.</doc>
<status status="PASS" start="2024-10-30T22:13:00.932196" elapsed="0.016698"/>
</kw>
<status status="PASS" start="2024-10-30T22:13:00.931245" elapsed="0.017930"/>
</branch>
<branch type="ELSE">
<kw name="Wait For Elements State" owner="Browser">
<arg>${${string}_button}</arg>
<arg>${state}</arg>
<tag>PageContent</tag>
<tag>Wait</tag>
<doc>Waits for the element found by ``selector`` to satisfy state option.</doc>
<status status="NOT RUN" start="2024-10-30T22:13:00.949770" elapsed="0.000213"/>
</kw>
<status status="NOT RUN" start="2024-10-30T22:13:00.949388" elapsed="0.001154"/>
</branch>
<status status="PASS" start="2024-10-30T22:13:00.931149" elapsed="0.019639"/>
</if>
<status status="PASS" start="2024-10-30T22:13:00.929813" elapsed="0.021127"/>
</kw>
<status status="PASS" start="2024-10-30T22:12:41.763490" elapsed="19.188593"/>
</test>
<status status="PASS" start="2024-10-30T22:12:29.591651" elapsed="31.437290"/>
</suite>
<statistics>
<total>
<stat pass="2" fail="0" skip="0">All Tests</stat>
</total>
<tag>
</tag>
<suite>
<stat pass="2" fail="0" skip="0" id="s1" name="Lobomantics">Lobomantics</stat>
</suite>
</statistics>
<errors>
</errors>
</robot>
